<?xml version="1.0" encoding="UTF-8"?>
<robot generator="Robot 3.1.1 (Python 3.7.2 on win32)" generated="20190922 21:39:26.937" rpa="false">
<suite id="s1" name="Robot" source="F:\Programação\Robot">
<suite id="s1-s1" name="APIS REST" source="F:\Programação\Robot\APIS REST">
<suite id="s1-s1-s1" name="Validando API's FAKE" source="F:\Programação\Robot\APIS REST\Validando API's FAKE">
<suite id="s1-s1-s1-s1" name="Src" source="F:\Programação\Robot\APIS REST\Validando API's FAKE\src">
<suite id="s1-s1-s1-s1-s1" name="testesAPI" source="F:\Programação\Robot\APIS REST\Validando API's FAKE\src\testesAPI.robot">
<kw name="Conectar a minha API" library="resourceAPI" type="setup">
<kw name="Create Session" library="RequestsLibrary">
<doc>Create Session: create a HTTP session to a server</doc>
<arguments>
<arg>fakeAPI</arg>
<arg>${URL_API}</arg>
</arguments>
<msg timestamp="20190922 21:39:27.878" level="INFO">Creating Session using : alias=fakeAPI, url=https://fakerestapi.azurewebsites.net/api/, headers={},                     cookies=None, auth=None, timeout=None, proxies=None, verify=False,                     debug=0 </msg>
<status status="PASS" starttime="20190922 21:39:27.876" endtime="20190922 21:39:27.880"></status>
</kw>
<status status="PASS" starttime="20190922 21:39:27.873" endtime="20190922 21:39:27.880"></status>
</kw>
<test id="s1-s1-s1-s1-s1-t1" name="Buscar a listagem de todos os livros (GET em todos os livros)">
<kw name="Requisitar todos os livros" library="resourceAPI">
<kw name="Get Request" library="RequestsLibrary">
<doc>Send a GET request on the session object found using the
given `alias`</doc>
<arguments>
<arg>fakeAPI</arg>
<arg>Books</arg>
</arguments>
<assign>
<var>${RESPOSTA}</var>
</assign>
<msg timestamp="20190922 21:39:30.791" level="INFO">Get Request using : alias=fakeAPI, uri=Books, headers=None json=None</msg>
<msg timestamp="20190922 21:39:30.792" level="INFO">c:\python\lib\site-packages\urllib3\connectionpool.py:847: InsecureRequestWarning: Unverified HTTPS request is being made. Adding certificate verification is strongly advised. See: https://urllib3.readthedocs.io/en/latest/advanced-usage.html#ssl-warnings
  InsecureRequestWarning)</msg>
<msg timestamp="20190922 21:39:30.796" level="INFO">${RESPOSTA} = &lt;Response [200]&gt;</msg>
<status status="PASS" starttime="20190922 21:39:27.889" endtime="20190922 21:39:30.797"></status>
</kw>
<kw name="Log" library="BuiltIn">
<doc>Logs the given message with the given level.</doc>
<arguments>
<arg>${RESPOSTA.text}</arg>
</arguments>
<msg timestamp="20190922 21:39:30.817" level="INFO">[{"ID":1,"Title":"Book 1","Description":"Ea et consetetur ut et sit sed iusto diam aliquip nonumy. At kasd elit ipsum justo exerci tation amet gubergren in ex qui feugait. Duis dolor et sed ea ipsum clita eu clita nonumy sea at sed. Sanctus gubergren dolores vero at et ea et erat.\r\n","PageCount":100,"Excerpt":"Accusam duo dolore blandit. Esse sadipscing quod dolore nulla diam soluta sea dolore accumsan aliquyam augue at feugiat vel clita duo dolore nibh. Sadipscing eros no rebum rebum. In eirmod ipsum lorem aliquyam aliquyam vero dolor lorem dolore magna lorem ipsum dolores diam. Ut dolor dolores ut nihil amet duo vulputate odio tempor accusam justo duis sea amet no nisl ipsum. Quis aliquyam dolores minim amet dolor imperdiet dolore lorem adipiscing aliquyam labore. Dolor diam amet nulla stet erat zzril takimata possim at. Gubergren in sea feugiat sit amet vel magna. Wisi augue voluptua accumsan facilisi duo labore sit. Ut sanctus facilisi lorem sea sit sit takimata sed duo tincidunt molestie nulla at dignissim et ipsum accusam. Ea dolor amet. Lorem eirmod sadipscing dolor. Diam ut sit sit zzril vel lorem erat et sanctus labore dolore. Eirmod elitr erat eirmod diam kasd iusto invidunt duo est dolore diam invidunt amet invidunt. Nulla adipiscing rebum ea labore feugiat lorem accusam vel eirmod diam lorem lorem lorem dolor sanctus consectetuer quis sanctus. Sit kasd kasd et sanctus. Hendrerit aliquyam justo sanctus veniam et ut tation sit accusam et diam ut sed ipsum imperdiet at.\r\nLabore at rebum hendrerit eos euismod diam id nonumy dolore sit takimata dolore consequat vel. Et dolore diam. Erat tempor vero no takimata invidunt dignissim sanctus sit justo amet est nonumy sit sanctus. Quis nonumy sit lorem takimata et diam. Lorem et nonumy lorem esse dolor voluptua at sit aliquyam eirmod lorem justo sanctus ut eirmod accusam sed kasd. Autem te labore wisi elitr sit consetetur dolore facilisis feugait et tation veniam erat in eos stet nonumy suscipit. Consequat at et elitr eum takimata nostrud suscipit lorem takimata diam dolor clita labore no. Amet mazim vero molestie sea invidunt praesent. Dolor lorem qui. Sit imperdiet vero amet vulputate. Nonummy et sanctus at justo ut takimata. Labore erat magna tempor iriure iriure ea est. Velit magna et sea vero sadipscing amet amet magna ullamcorper est sit sed et sed. Labore at at et at magna diam no. Accusam lorem consetetur kasd lorem nonumy sea elitr justo lorem ut et eirmod lorem nulla. Ipsum nisl imperdiet soluta. Elitr sit ipsum consetetur veniam eirmod hendrerit accusam et et elitr in dolor duo consetetur.\r\nFacilisis ad sit est amet autem elitr sit nulla et dolore eos dolor dolores. Duis lorem dolor consectetuer sed et sea justo duo tempor. Tempor consetetur dolore diam velit dignissim kasd rebum aliquyam erat odio justo et invidunt kasd magna vel dolores. Ipsum et amet commodo erat dolor facer facilisis no justo et dolore adipiscing dolores eum amet duis nam kasd.\r\nStet adipiscing invidunt. Sed magna et eum aliquyam ut enim ipsum. Nonumy esse vulputate veniam iriure invidunt sit diam sit facilisis ea ad vero dolor quis. Sit consetetur lorem stet sed invidunt sadipscing ea. Eirmod et erat et sed duo. Sit rebum at kasd sea et kasd voluptua. Sit kasd dolores accusam dolores dolores facilisis voluptua. Qui et gubergren. Diam tempor sadipscing et rebum facilisi dolore sit sea et stet stet dolore amet takimata. Et sadipscing et amet sed sed at takimata tempor duis est.\r\nSit consetetur nulla quis sanctus dolor nostrud dolor lorem diam et consetetur amet elitr nonumy eos facilisis. Et at vero accusam dolore kasd ea ipsum tempor sed ut. Ea diam et est clita clita lorem ipsum veniam sadipscing dolor luptatum dolore invidunt kasd sit aliquyam ipsum. Invidunt sit est dolore labore dolor at enim dolore autem feugait ea eos commodo no elitr. Lorem diam magna diam erat et lorem aliquyam sadipscing sea suscipit dolore amet ea dolor nonumy elitr et consetetur. Est dolor ipsum invidunt erat. Voluptua accusam diam illum lorem accusam iriure voluptua vel. Dolores sadipscing invidunt dolor. Ipsum et kasd invidunt elitr dolore illum facilisis voluptua aliquyam ipsum dolore. Aliquyam sit tempor sit autem diam magna diam dolor sea no lorem consetetur eos. Clita et illum sit magna sanctus dignissim feugiat elitr et. Accumsan amet enim dolor nonumy veniam nonumy vel sit tempor dolor est autem nostrud et diam.\r\n","PublishDate":"2019-09-22T00:39:28.1261248+00:00"},{"ID":2,"Title":"Book 2","Description":"Dolor elit lorem. Magna rebum lorem liber facilisi sit at diam ipsum sit clita. Ipsum dolore dolore amet consequat stet nihil dolore nonummy stet. Amet ut est ea sed dolor rebum diam ut eirmod magna rebum. Ipsum accumsan sea nonumy facilisi diam nonumy takimata elitr ipsum sanctus delenit sit. Hendrerit facilisi invidunt consequat sit blandit aliquam tempor eos invidunt invidunt dolor voluptua sit est at sea accusam labore. Ipsum esse est. Eos diam vero soluta sed no ipsum. Eu ut sadipscing dolor lorem aliquam magna et vero consetetur gubergren est molestie te diam ut. Delenit nostrud labore kasd rebum rebum luptatum invidunt. Facilisis gubergren at accusam sea eos tempor labore lorem et sed invidunt quis. In sed nonumy elitr. Ex accusam eos rebum qui et stet lorem eu vero soluta et vero et. Sanctus lorem consectetuer in invidunt vulputate molestie ex. Velit eirmod ea sit dignissim in justo no facilisi eirmod consequat invidunt et vel. Eirmod sit vero esse kasd nonummy invidunt feugiat odio diam et est invidunt eu voluptua no clita velit invidunt.\r\n","PageCount":200,"Excerpt":"Sit clita ipsum nonumy eos in facilisis diam rebum dolore no lobortis ut tempor sed. Ipsum iriure duis stet consectetuer amet gubergren in labore amet sit justo diam eos. Eu tempor accumsan eirmod et. Autem et eirmod id elitr. Vero takimata sed eu erat ea enim rebum sadipscing sanctus dolore blandit est. Gubergren amet consetetur eos. Nibh in id erat accusam duo amet nulla lobortis duo volutpat duis consequat sed. Dolor nonummy et adipiscing dolores lorem. Gubergren consetetur vero eirmod diam dolore magna amet clita duis vulputate amet duis ut et diam sit veniam sit. Kasd enim at dolor iriure invidunt ipsum blandit.\r\nDiam magna sed ad dolore zzril est eu sed sit kasd lorem sanctus sea tempor et luptatum duo. Duo clita et et rebum ipsum enim laoreet rebum sadipscing lorem et nonummy ut lorem. Quod at magna eos. Eos vel sit sed aliquyam et sea et sanctus sadipscing nulla labore duo et. Aliquyam no kasd quis et sed gubergren. Erat in feugiat duo nam diam rebum amet ipsum stet. Nonummy delenit et. Ut sit sanctus justo sea enim elitr. Magna dolore ea dolor labore ipsum ut tation diam nonummy no et eirmod ea takimata magna eos exerci. Takimata est et dolore accusam rebum et te sit diam nonumy dolor accusam tempor sed duo dolor iriure. Sed ipsum sit sanctus sed lorem vulputate sadipscing eirmod qui diam invidunt amet eum qui labore at et. Consetetur stet duo erat ut sed labore nibh tempor ut eu magna dolor erat dolor duis sit takimata. Lorem dolore lorem nisl nonummy. Kasd hendrerit lobortis nonumy stet. Eirmod dolor amet ipsum eirmod. Consetetur et diam augue. Lorem no feugiat iusto sadipscing sea dolor dolor blandit sed dolor consequat facilisis quis. Gubergren aliquyam vero est dolore at amet dolore sed.\r\nAutem gubergren nonumy et diam accusam vero. Amet nihil lorem ipsum dolores amet aliquyam sed amet at delenit est amet vel. Erat augue sed in dolor stet lobortis diam tempor voluptua labore consetetur sadipscing sea sadipscing tempor. Laoreet dolor enim dolor kasd imperdiet sanctus liber voluptua. Dolore accusam diam takimata consequat sed tempor accusam stet lorem lorem et et quis volutpat stet. Labore facer dolor amet feugait tempor consetetur sit rebum dolor accusam takimata.\r\nTempor nulla veniam. Liber consetetur duo wisi amet est dolor aliquyam nonumy est eleifend zzril sea lorem ipsum. Eos ea voluptua labore ut ipsum et accumsan justo voluptua et lorem sit rebum erat sadipscing sit eirmod. Ipsum nulla et sed et magna at dolor lobortis sit et consetetur lorem elitr sit clita et assum. Eu dolor kasd rebum eirmod ut possim sit et at. Takimata rebum ipsum duo doming elit exerci vero molestie invidunt kasd est gubergren eirmod invidunt dolore kasd. Sit dolor takimata aliquam nonumy ullamcorper rebum kasd nonumy amet consectetuer et diam dolor. Enim clita justo diam sed kasd labore odio magna lorem in accusam nulla sit vero dolor. Eu dolore et eos ut ut feugait et justo. Ut no vero no diam dolores et quis amet dolor elitr dolor at adipiscing lorem gubergren. Nulla dolor labore gubergren est molestie sit et sit. Et diam in eros quod. Dolor lorem stet vero eos amet lorem ut odio erat kasd delenit in sea labore sadipscing voluptua sit rebum. Dolor at aliquyam erat. Possim dolore sanctus amet invidunt ea at dolores enim diam dolor tempor tempor kasd rebum nulla amet tation voluptua. Ea labore et. Nonumy nisl tincidunt eum nostrud justo accusam ipsum. Sit ipsum justo duis minim velit amet ut et no aliquyam. Takimata nonumy invidunt illum et molestie consequat tempor.\r\nLiber no minim kasd consequat at rebum dolor. Sanctus autem vero in nibh amet. Et et lorem diam lorem. Kasd sadipscing dolore magna. Sed erat lorem lorem et stet et diam at est justo ut et. Exerci nonumy vero ut stet illum. Takimata et stet zzril sanctus iusto.\r\n","PublishDate":"2019-09-21T00:39:28.1261248+00:00"},{"ID":3,"Title":"Book 3","Description":"Dolor aliquam erat et nam ea consetetur sed. Option rebum diam consetetur luptatum dolore invidunt invidunt. Duo takimata zzril. No tempor et vulputate hendrerit sea sed esse sed sed consectetuer ipsum nulla consequat in consequat rebum dolore sit. Dolor lorem ea lorem. Facilisi no sed erat. Assum no rebum kasd gubergren ullamcorper lorem ea aliquyam invidunt tempor dolor laoreet eos ut elitr. Sed vel molestie ea minim sanctus veniam dolores esse eirmod facilisis sit autem lorem stet sed amet dolore.\r\n","PageCount":300,"Excerpt":"Ut consetetur dolores sit. Facilisi ea consectetuer sanctus. Et sit kasd odio justo praesent. Stet eos ipsum duo duis aliquam molestie eos dolor. Diam et assum erat accusam amet ipsum justo wisi sed sed dolores eos sed dolore te est erat dolor. Clita magna dolor consequat esse vel takimata hendrerit takimata. Stet eos volutpat ullamcorper eum no tempor sit. Sit sea dolor dolore sea et sit lorem rebum dolore dolor eu vero in aliquip. Vero nibh dolores ipsum accumsan. Consequat clita gubergren ea blandit enim eirmod clita eos takimata gubergren consetetur voluptua et. Diam et justo elitr delenit vero ipsum sanctus nonumy nonumy commodo dolores est vero sit et magna enim molestie. Vero exerci sadipscing ipsum amet vel sit aliquyam. Et aliquyam labore labore kasd at justo dolor. Kasd zzril et vero accusam at dolor commodo diam eirmod est tempor congue nihil aliquam vero ut dolores.\r\nKasd rebum voluptua eos kasd. Diam dolores dolore. Iriure eu iusto diam. Sanctus sit ipsum lorem labore sit sit takimata rebum no in. Dolore elit dolor tation kasd nonumy at quis sit ipsum ut sit est. Ea ad illum gubergren sea duo sea consetetur stet lorem. Kasd aliquyam at nostrud takimata clita sed ut. Dolore illum no dolor duis sadipscing eum vel facilisi molestie. Lorem consectetuer molestie stet lorem dolor et dolores at et velit lorem sadipscing sadipscing consectetuer at sit. Diam vero feugait kasd eu et labore at dolores tation ea erat stet suscipit erat voluptua diam. Dolore elit diam sit accumsan wisi consetetur feugait et ipsum et. Lorem duo imperdiet accusam ad takimata congue sed sed dolore eu clita vero duis invidunt. Accusam dolor at et et sed.\r\nIpsum at justo consetetur et et ipsum lobortis at sea. Dolor at in eirmod eos eum et tempor consetetur dolor. Gubergren stet no vero possim dolor eos amet sadipscing takimata lorem sea elitr et. Lobortis augue accusam. At tempor dolores ut diam quis. Rebum ipsum aliquyam praesent eirmod ipsum vulputate velit ea takimata rebum veniam lorem. Elit sea lorem qui minim dolores labore adipiscing ut sadipscing ipsum et gubergren diam in consetetur. At gubergren elitr takimata. Kasd ullamcorper justo consequat possim ipsum kasd magna lorem ipsum.\r\nStet erat dolores lorem voluptua imperdiet stet dolore duo. Nulla eos dolor gubergren lorem facer erat eirmod luptatum eos justo sed dolor vero amet kasd imperdiet. Accusam lorem et sit consetetur ipsum diam quis sadipscing consequat amet dolore. Voluptua accusam duis. Vel et erat esse. Sit dolores et ipsum ut et. Sadipscing congue ea sit luptatum duis rebum eros erat sanctus no quis nisl dolor ex magna nisl consetetur duis. Ipsum rebum ipsum eirmod dolores sadipscing. Ipsum cum lorem amet vel consetetur feugiat et ipsum labore magna dolor quis. Eos ea lobortis adipiscing sit magna iriure. Sed dolores velit consetetur ea labore zzril autem. Ea et ipsum. Takimata option kasd duis lorem erat ea soluta. Voluptua aliquyam ipsum erat at dolor praesent at et clita sed justo. Adipiscing at sit et id erat accusam sed augue at amet ea et. Eirmod justo aliquyam dolor sed dolores iusto nulla suscipit amet et no invidunt. Magna labore kasd sanctus. Ea duo diam at sed ex delenit magna et ut. Praesent stet sadipscing kasd aliquyam ullamcorper sit gubergren consectetuer.\r\nSit praesent mazim ipsum amet dolore quod dignissim dolor. Sadipscing placerat sit duo erat consetetur dolore labore stet invidunt tation ipsum labore. Ullamcorper dolor vero ut ea dolore amet vero possim sit. Vero sit voluptua justo consequat liber ad dolor amet magna diam sea duis lorem clita ut voluptua illum. Dolor dolor wisi sit kasd labore laoreet diam ipsum vel stet et ipsum est dolor vero vero quis lorem. Lorem consetetur takimata et et ipsum diam clita duo odio nulla vero diam ut. Duo ut lorem. Ex takimata diam eos ea magna aliquip eirmod tempor consetetur at adipiscing. Dolore lorem vel dolor. Clita at no. Erat vero justo dolore hendrerit. Consequat est sit qui. Diam facilisis placerat et accusam iusto diam invidunt rebum sed ipsum iriure tempor. Dolor dignissim tempor dolor diam. Erat at stet sed amet ipsum invidunt kasd. Diam erat gubergren vero tempor lorem dolores. Nulla magna lorem accusam eos. Zzril sea invidunt magna erat elitr gubergren feugait no at sea rebum ut magna duis et. Lorem autem autem eos consetetur diam duo facilisis sanctus dolor takimata.\r\n","PublishDate":"2019-09-20T00:39:28.1261248+00:00"},{"ID":4,"Title":"Book 4","Description":"Sanctus sanctus est ipsum lorem. Ea exerci sea ut zzril amet eirmod invidunt. Aliquyam rebum ea ea gubergren ex lorem sed sit lorem et labore. Dignissim eos sit dolore dolor sadipscing duo dolor elitr laoreet dolore at est sed sit ad erat hendrerit vulputate. Volutpat ex sed kasd nam magna labore sanctus amet no sed sed duo autem tempor. Diam rebum dolor amet dolores no stet ullamcorper ipsum sadipscing vulputate nostrud ipsum vero. Iriure lorem exerci et accusam dolore ut nulla et elitr amet. Et dolor facer sea sed lorem nonummy vero vel. Iriure justo diam erat et sadipscing stet. At lorem accusam kasd dolor stet sed. Dolores justo est amet at ipsum lorem exerci eirmod et sit dolore labore. Sed labore magna lorem molestie et voluptua elitr et at soluta kasd. Elitr magna dolor. Eros dolores nonumy stet dolore qui ipsum invidunt eum praesent at vero sit. Kasd euismod in eum volutpat sed dolor consetetur dolor vero vero lorem erat magna. Ut consequat amet dolor lobortis eirmod duo consetetur ut. Sit erat stet amet est dolore justo ea.\r\n","PageCount":400,"Excerpt":"In commodo autem eos kasd at gubergren ea. Sit tation velit et sadipscing ut labore dolore voluptua veniam. Veniam magna ipsum dolores. Luptatum diam et sit sadipscing sanctus. Amet takimata dolor odio tempor adipiscing invidunt dolore et justo te iusto takimata ipsum nulla justo. Ut lorem elitr eos velit. Vel amet sed ut aliquyam duo duo justo at vulputate ea diam sit at ipsum dolor. Diam sed tempor elitr tempor feugiat gubergren eu sea et nonumy gubergren diam. Amet kasd amet voluptua dolore vero aliquyam vulputate aliquyam est. Eirmod et accusam sea kasd ad ipsum nostrud aliquyam dolore autem duo accusam diam adipiscing duo consequat eirmod dolores.\r\nRebum sadipscing justo stet sit. At lorem accusam. Ipsum dolore at dolores wisi nonumy vero dolor takimata voluptua amet dolor dolor vero sadipscing vero velit. Gubergren tempor ipsum dolore dolore no eos vero accusam rebum gubergren enim diam et suscipit dolor dolor ut congue. Dolores aliquyam kasd elitr feugait sit sed. Erat sit justo duis elit sit sed stet eu adipiscing vel.\r\nIriure consequat eu tempor clita praesent sed vero clita voluptua no in facilisis stet rebum et. Eos justo dolores at consetetur at consetetur ut labore dolore augue. Assum augue duo amet enim mazim in sit sanctus. Ipsum rebum consetetur blandit justo kasd justo dolores et delenit zzril eirmod diam sit dolore sit. Amet molestie possim sed tempor duo eum mazim ipsum suscipit consetetur et hendrerit accusam ea. Feugait et ipsum dolore quis voluptua nobis imperdiet dolores nihil lorem aliquyam. Ut duo dolores facilisis sed ut dolores esse lorem diam stet feugiat kasd. Dolor et soluta stet quod. Ad dolore amet erat cum esse nonumy dolore elitr diam. Dolores luptatum elitr clita placerat kasd lobortis kasd laoreet ipsum. Odio consetetur invidunt blandit lorem sit rebum tempor dolore labore vero consequat illum erat et lorem gubergren possim nonummy. Eum exerci ipsum duis et et kasd aliquyam rebum lorem dolor et nisl quis delenit sit accumsan labore sea. Justo est duis vero kasd justo elitr consetetur qui elitr. Velit consetetur rebum sed consetetur facilisis diam cum et nonumy cum et sit ea. Sadipscing est ipsum et stet at dolore et ea diam amet clita. Sit eum volutpat iriure facilisi esse vel sed in. Magna nulla clita amet sed praesent amet gubergren sed feugait nulla voluptua diam diam stet nonumy invidunt.\r\nIpsum sed consetetur rebum voluptua lobortis wisi in sea et clita tempor at laoreet et dolor rebum sit sea. Et sit et et dolore sea accusam sadipscing nonummy ipsum sit consequat diam lorem sadipscing sadipscing nibh clita dignissim. Feugiat sed et duo amet sanctus ipsum. Et facilisi elit amet clita nisl volutpat minim et. Sadipscing justo sit. Clita gubergren ipsum gubergren rebum et erat diam at consequat congue et id amet. Lorem sanctus et sanctus labore diam. Amet dolor takimata. Dolor at accumsan cum aliquam soluta sed justo ea. Ipsum sanctus sadipscing delenit eum aliquyam diam clita delenit sit sea. Est amet dolores exerci clita ea magna elitr gubergren magna ut nulla.\r\nDolore at invidunt amet at facilisis sit sed accumsan adipiscing sanctus at accumsan. Vero tempor erat stet dolore sed et eum. Takimata vulputate vero odio et liber sed et ea euismod sea ipsum at. Qui tempor aliquip rebum imperdiet ullamcorper ex. Liber sadipscing et dignissim et ipsum et. Erat ad sadipscing lorem sed vero sit. Vero iusto kasd enim sed diam commodo. Dolore quis ipsum eros consetetur imperdiet consetetur labore invidunt. Ut rebum sit velit dolor aliquyam dolore labore eleifend augue gubergren et sit erat et eum hendrerit. Stet ut augue vero sea. Tempor dolore iriure magna laoreet nobis justo no duo sed aliquyam ullamcorper accumsan takimata at magna gubergren takimata. Eirmod vel dolore no takimata vero vel takimata suscipit et amet mazim gubergren ipsum sed autem illum. Sit elit lorem consetetur sit ipsum gubergren nonumy rebum eos et rebum dolore sit ullamcorper in. Nulla at nonumy eirmod sanctus diam vel sed nonumy duo elit sit ipsum et sea takimata. Kasd doming dolore exerci sadipscing sed amet dolores quis. At facer eirmod dolore invidunt amet rebum et vero doming et consetetur. Ut duis stet dolores consetetur dolor eu nonumy takimata magna duo. Kasd eum doming stet ipsum nonumy et ea duis et elitr amet. Autem facilisis possim laoreet aliquam.\r\n","PublishDate":"2019-09-19T00:39:28.1261248+00:00"},{"ID":5,"Title":"Book 5","Description":"Eirmod est eros ea aliquyam eros magna vero magna tempor amet dolores in diam. Lorem diam no no nam gubergren stet sed lorem liber stet et eum et diam consectetuer velit at. Gubergren takimata et nulla elitr odio dolores vel duo clita volutpat takimata nibh sadipscing euismod vero invidunt. Te elitr at no dolor ut erat gubergren nonumy elitr sea. Aliquam kasd sed est diam sit illum facilisi et sanctus voluptua augue consequat dolor dolor erat dolor. Diam sed magna et rebum et sea sea at wisi invidunt no tempor. Et gubergren sadipscing ullamcorper dolores sea consectetuer ut sed diam nihil eirmod et.\r\n","PageCount":500,"Excerpt":"Lorem accusam ipsum et est. Duo esse ipsum dolor no rebum qui nisl. In sea aliquyam rebum diam diam lobortis in rebum sadipscing sed magna amet amet hendrerit. Clita clita dolor dolor. Lorem dolor et dignissim ullamcorper nulla delenit diam ut kasd stet vel tempor. Diam vero takimata diam mazim rebum clita labore et ea lorem sit at ipsum tempor sit ut laoreet. Elitr diam ipsum ut. Nisl facilisis diam ea dolore eu sed rebum stet sanctus invidunt consequat sanctus diam ut ipsum et. Nisl vero rebum nonumy ut vero diam erat gubergren no et amet consequat elitr wisi clita tempor stet vero. Feugiat vero invidunt gubergren eirmod invidunt in dolor nonumy amet lorem commodo gubergren. In ipsum aliquyam ipsum consetetur dolores voluptua imperdiet et in in blandit ipsum consetetur nonumy. Nisl feugait vero aliquip te gubergren tempor aliquam amet amet est velit nonumy rebum no sadipscing justo vulputate. Stet eu lobortis dignissim takimata accusam magna sit eu qui volutpat dolore consetetur sit amet quis.\r\nDiam facilisi eum et facilisis dolor consetetur nulla stet lobortis sea. Dolore duo ea no sadipscing sit amet est dolor gubergren euismod ea diam justo ea dolor diam elitr dolor. Sit dignissim erat eum hendrerit nulla et consetetur tation diam sit sadipscing consetetur dolor est. Dolores ut lorem et minim cum tempor sanctus stet vero sed tation et voluptua. Feugiat erat justo erat nostrud nonumy et sit sit et qui erat. Et et vulputate illum eu clita ut. Nonumy gubergren hendrerit. Eu eos illum amet amet dolores clita lorem sadipscing in stet at. Tincidunt rebum dolor dolores voluptua clita sit vero. Suscipit dolore tempor kasd at et te kasd diam duo sit feugiat sit amet justo. Feugait eirmod nulla stet amet te takimata amet vero est elit diam at nonummy ipsum imperdiet sed nisl. Sea clita takimata elitr ullamcorper ut magna.\r\nErat sed eum dolor imperdiet amet ad quod suscipit kasd ipsum lorem lobortis. Vulputate justo erat voluptua tempor feugait accusam. Placerat clita invidunt sed est duo sit lorem. Duo no nonummy tempor dolor no clita in vero rebum et sed aliquyam tempor consequat erat at et. Tempor ipsum augue. Et rebum suscipit ipsum clita duo amet et magna nam sanctus. Et eos qui facer kasd invidunt wisi erat nibh dolore. Veniam takimata lorem euismod ea iriure eos kasd ipsum. Et sea lorem gubergren nonumy sea. Rebum ea voluptua nisl vero sanctus elitr stet est sit clita dignissim ullamcorper. Sit elitr accusam consetetur duis sea sadipscing rebum odio sea iriure ipsum kasd. Luptatum sed aliquyam et. Eos lorem aliquyam nonumy diam tempor sit veniam exerci in sed sed. Zzril tempor tempor elit labore ea kasd sit option ipsum erat erat takimata est. Ipsum ipsum diam eirmod nonumy elitr et esse et soluta ad et dolor ea et accusam. Veniam ea voluptua elitr ipsum duo sadipscing sed facilisis feugiat mazim dolor consectetuer aliquyam kasd et.\r\nEnim ad sed eirmod labore et sit accusam magna tempor diam. Cum et sed invidunt lorem facilisi lorem. Amet magna et eos at. Sed labore lorem ipsum labore eum lorem takimata. Diam ut laoreet dolor nonumy in dolore invidunt. Sea diam vero no at zzril esse. Et et no labore sed duo sed. Voluptua ipsum sanctus dolores dolor ea augue eum augue tempor sit. Suscipit gubergren ea dolores consetetur sadipscing delenit luptatum eos ad gubergren sit clita laoreet gubergren labore ut.\r\nDolores eos eleifend diam lorem diam justo eirmod minim ea dolor dolore. Delenit justo eirmod eos eos elitr sanctus in nonumy exerci dolore feugait diam diam sanctus clita est. Aliquyam kasd dolore et rebum est dolor kasd sed voluptua diam. Ipsum doming tempor nonumy ut tation in lorem dolor ut magna ut sed aliquip est tempor at et. Vero tation wisi. Justo laoreet magna sea gubergren no stet duo aliquyam dolor invidunt voluptua sit tation tempor est luptatum. Sit consequat sanctus erat vel lorem erat sit. Elit et dolor dolore delenit dolores clita duo consectetuer ipsum lorem accusam consetetur feugiat takimata. Labore sadipscing sed dolor commodo vulputate consequat ea et ut ipsum sea iusto magna diam aliquyam et. Ipsum dolor praesent nulla facer elitr iusto accusam. Aliquip volutpat dolore hendrerit est duis sit ullamcorper clita adipiscing aliquyam kasd. Dignissim dolore mazim sea. Sit dolore sit. Justo eirmod quod dolor. Dolores consetetur stet stet magna no dolores dolore dolor ut rebum consetetur veniam te possim et ad tempor.\r\n","PublishDate":"2019-09-18T00:39:28.1261248+00:00"},{"ID":6,"Title":"Book 6","Description":"Sanctus ut dolores eu justo nam gubergren eos accumsan autem amet lorem dignissim. Duis amet accumsan dolor ipsum consequat hendrerit esse. Voluptua consetetur at lobortis justo kasd kasd vero dolor volutpat stet magna eu consetetur magna ipsum consetetur eirmod sed. Et et rebum elitr invidunt stet diam et dolores takimata est vel ut. Sed sit lorem ipsum diam sit.\r\n","PageCount":600,"Excerpt":"Magna sit facilisi gubergren ea eos invidunt lorem lorem diam ea magna dolor elitr aliquyam. Tempor sanctus nisl liber ut at amet. Et dolor invidunt invidunt dolore autem elitr et vel sea dignissim lorem vel at duis. Diam consectetuer lorem. Sit elitr ipsum. Et consectetuer clita ut. Sea sit ex sit elitr soluta sit et.\r\nNibh amet congue dolore sadipscing hendrerit kasd magna. Sed dolor amet facilisi sadipscing. Lorem amet lorem dolore ipsum invidunt labore takimata diam in sea dolores. Kasd sed ut dolor takimata et diam accusam dolor elitr. Eu et eleifend labore at ut elitr clita amet consectetuer elitr ipsum dolor ex ut dolore sadipscing lobortis et. Ut laoreet accusam assum hendrerit accumsan facilisi gubergren lorem ea minim ipsum hendrerit consetetur takimata. Ex amet at. Autem enim vulputate no et eirmod ea clita est nulla illum eos ipsum magna et sanctus. Clita iriure lorem rebum enim vero aliquyam et consetetur tation takimata kasd. Voluptua elitr erat dolor autem. Magna stet aliquam aliquip id stet eirmod erat nonummy aliquyam dolore iriure. Amet diam in nonumy. Clita magna velit eros eirmod no sit hendrerit nobis. Vel hendrerit ipsum sit ex congue at doming veniam sanctus feugiat lorem. Amet labore diam quis et. Kasd sea justo iusto et ut enim amet sanctus at. Est duo clita justo dolore lorem gubergren. Amet amet at dolore magna diam dolor stet tempor te nibh.\r\nErat consetetur ipsum aliquyam augue est magna et et delenit justo volutpat sit vero ullamcorper. Vel delenit no erat gubergren et eirmod invidunt at nonumy autem et et elit diam vel vero. Sea nulla takimata nonumy consequat amet aliquyam justo sit nulla sanctus erat. Lorem suscipit at exerci sit dolor ipsum vero gubergren takimata qui velit euismod tincidunt. Gubergren labore feugait sed sea sadipscing lorem dolor magna nonumy clita. Duis feugait quod eros aliquyam consetetur feugait iriure et et duo. Labore iriure et et soluta et ex clita takimata accumsan nulla vero accusam duis et accusam esse. Amet takimata ut dolore nisl sed dolores lorem velit nibh dolore invidunt. Congue ipsum ea sanctus molestie nonumy dolore. Ut esse lorem takimata no dolor aliquam liber magna lorem aliquam. Ut esse dolore sadipscing consequat nonumy ullamcorper. Lorem dolore accusam no accusam accusam gubergren velit accumsan sadipscing. Dolore est invidunt ipsum. Ut amet consetetur nonummy et sadipscing mazim nonumy. Ex dolor rebum et et diam autem consequat dolor ea consetetur et dignissim ipsum stet sed erat. Stet duo sanctus. Commodo eos kasd sea accusam quis.\r\nConsetetur sed dolore invidunt nonumy lorem sit enim dolor dolor kasd amet aliquam facer gubergren blandit. No eos ipsum velit stet voluptua accusam et amet ipsum ea clita ipsum labore dolore sed. Accusam ipsum ut qui dolor dolore sit magna imperdiet praesent voluptua tincidunt voluptua sea nonumy sadipscing no elit vulputate. Feugiat dolore justo iriure vel amet adipiscing dolore suscipit tempor justo at no esse aliquam sea blandit delenit. Justo in nonumy dolores aliquam erat dolor te amet. Justo magna et voluptua dignissim diam nulla et tation tempor.\r\nRebum eros elitr stet vel et ullamcorper sea magna eum augue labore sit autem veniam sit magna dolore lorem. Lorem possim tempor magna et ipsum dolor dolores gubergren vero clita hendrerit duo nonumy nibh ad elitr vero. Eu est suscipit eu dolor gubergren in no consetetur voluptua stet dolor laoreet eirmod ipsum no sadipscing sea kasd. Clita amet et consequat sed magna tempor luptatum clita ea dolor tempor sed. Duo et gubergren gubergren hendrerit accusam. Id eu nostrud. Et est lorem ipsum at clita sanctus magna nonummy dolor est. No nonumy dolor voluptua. Vel feugiat sed et amet sed dignissim. Sit duo zzril invidunt eirmod duo et nonummy magna duo voluptua et dolores invidunt. Elitr accumsan augue amet sit nonumy takimata et ad amet sed. Sit nonummy sed voluptua ad labore.\r\n","PublishDate":"2019-09-17T00:39:28.1261248+00:00"},{"ID":7,"Title":"Book 7","Description":"Invidunt nulla takimata. Ut nonumy tempor diam lorem stet justo justo iriure rebum ut sit dolore sit vero no odio. Dolor vulputate rebum takimata ea lorem sed dolor vel lorem sit sanctus. Ipsum enim feugait gubergren facilisis dolor et dolores sadipscing amet est. Tempor dolore diam amet ad sadipscing diam sadipscing mazim ullamcorper duo vero erat eos tempor ut eos. Eos lorem hendrerit est praesent. Placerat erat dolores diam ullamcorper dolor sea enim sadipscing est erat justo amet eum. Et eos dolor ut eum ea. No ipsum zzril dolor duo eirmod accusam dolores nonummy. Sadipscing facilisi labore consetetur at eirmod consequat erat autem.\r\n","PageCount":700,"Excerpt":"At id ipsum invidunt ut vero ipsum delenit mazim et accusam dolor takimata elitr ea tincidunt consetetur. Hendrerit feugait voluptua no ipsum et dolore sea et ea ut. Vulputate dolore diam ut nonumy nulla dolores kasd labore ea et eirmod eirmod aliquyam et dignissim ea. Erat feugiat veniam consectetuer gubergren erat takimata ea et. Sadipscing amet tempor labore iriure magna nibh nonumy voluptua. Ipsum tempor iusto et amet vero consequat eirmod et labore ut takimata. Labore lorem eirmod. Diam et ipsum sit eos dolor ea justo.\r\nNonumy nulla in aliquam et nibh elitr duo elitr at tincidunt invidunt invidunt sadipscing dolor consetetur dolor. Invidunt dolor et vel placerat duis vulputate et diam diam stet diam placerat duis. Amet sit aliquyam magna consectetuer elitr clita dolor duis. Dolor diam duis tempor velit consetetur sed labore invidunt et hendrerit no sea ut erat erat amet ut ea. Nobis dolor erat amet diam aliquyam et congue delenit. Diam amet est illum erat iusto sanctus erat liber et ipsum sanctus odio ipsum labore.\r\nVel tempor ex et euismod tempor erat dolore consetetur clita. Dolor consetetur voluptua aliquyam et consectetuer dolore nonumy tempor tation laoreet accusam eos et sit magna ut dolor. Magna soluta ipsum voluptua sit sit sit imperdiet elit. Elitr est labore gubergren no et sit eum justo consequat eos est amet amet sadipscing justo sit nulla eos.\r\nVero ut magna feugiat enim euismod dolores no ex at invidunt dolore no nibh ullamcorper. Elit ipsum eirmod blandit lorem stet eos no no nisl lorem dolore. Amet consequat eos autem at lorem lorem dolor erat. Et erat dolor aliquip eum tempor nonumy molestie eirmod sanctus clita labore dolores invidunt stet. Autem kasd et accusam. Et dolor amet eirmod tation.\r\nDolores magna ipsum iusto ut labore et ipsum nobis nulla sit eirmod odio ut adipiscing. Amet et dolores eirmod qui sed amet elitr aliquyam sed takimata. Clita dolore sit invidunt sea. Eirmod eos lorem velit. Dolore ipsum iriure sit. Elit vel sit accusam sed sed lorem eirmod quod et sed at enim dolor nulla sit.\r\n","PublishDate":"2019-09-16T00:39:28.1261248+00:00"},{"ID":8,"Title":"Book 8","Description":"Kasd magna diam. Rebum ea wisi dolore sed veniam ut blandit blandit diam feugait augue nulla sit sanctus. Sanctus stet dolore erat kasd sed sed stet vero quis magna aliquip. Labore magna stet amet sea. Ea vero ipsum. Tation lorem sed takimata nam. Amet invidunt nihil sanctus kasd. Diam nonummy dolor ipsum et quod soluta et delenit dolore commodo dolore ipsum sit justo justo et at et. Eros accusam ea voluptua dignissim laoreet ut dolor ut vero aliquip option et accusam sed in erat te lorem. Accusam ea invidunt diam et sea aliquam.\r\n","PageCount":800,"Excerpt":"Ex sit eos ut amet est molestie minim iusto dolor. Eos suscipit et takimata erat ipsum takimata magna est sed eirmod nulla. Consetetur diam sit dolores eirmod magna exerci lorem gubergren nisl voluptua aliquam erat ea. Ea et amet feugait dolor rebum ipsum ut. Kasd ipsum dolore sit lorem aliquip et stet consetetur justo sed gubergren gubergren diam ut invidunt qui est. Ipsum et odio amet soluta wisi. Ut no nihil aliquyam nonumy et velit eos eos sed amet voluptua erat eos et dolor facilisis gubergren invidunt. Sanctus ut eros eos at gubergren diam. Eos takimata magna eos lorem laoreet ipsum ipsum ea diam aliquyam duis et. Stet eu vero.\r\nNo eleifend dolor sed vulputate rebum et consetetur dolores assum vero ea aliquyam invidunt at et ea euismod. Vulputate vulputate stet ad dolore dolor aliquyam. Diam duo voluptua sed lorem justo labore zzril magna lorem gubergren. Sadipscing in ea et labore eros aliquyam labore consectetuer aliquyam velit. Ipsum consequat ipsum nisl eirmod labore invidunt amet. Esse voluptua facilisis clita gubergren at. Amet dolore quod nonummy dolore nonumy erat ipsum at.\r\nVero dolores nulla elitr delenit aliquyam facilisi at dolores et amet exerci. Lobortis eirmod nibh sanctus. Nonumy nulla eos dolor ea nonumy clita est aliquyam et zzril molestie amet nonumy liber esse. Diam magna iriure mazim sit ut invidunt. Enim augue gubergren eum eos. Nonummy eos et ut sea in et accusam. Magna nulla et sanctus eum facilisis et et sanctus illum accumsan. Duis amet ullamcorper duis et nam te autem ullamcorper dolor in vero eos eos stet aliquyam gubergren stet sed. Vulputate possim rebum ea augue eu hendrerit. Commodo dolor lorem et eirmod enim diam consequat et in iusto eirmod dolore aliquam amet aliquyam. Dolor wisi stet ad invidunt stet.\r\nLorem est kasd adipiscing id lorem et aliquyam rebum. Justo magna feugiat vero eos nonumy molestie ut vulputate voluptua lorem rebum ipsum dolor et magna duo. Hendrerit congue zzril eu consequat id duo sit et et vel hendrerit sit sed et placerat ad duo. Vel erat elitr dolore ut quod et amet dignissim justo diam nihil no. Vero no ea sit et et et feugait diam minim erat lorem amet voluptua adipiscing rebum sed eos sit. Et ipsum consequat et. Invidunt magna te augue consetetur consetetur tempor hendrerit dolore gubergren dolore duo takimata sea sit dolor. Duo commodo sed esse delenit sed diam placerat lobortis duo rebum vero dolor magna clita duo ipsum. Dolore eos sit et duo. Eu dolor lorem duis stet ut rebum sit dolores eos ut ipsum wisi nulla et at sed. Liber diam vero et nulla takimata et et aliquam et rebum ea ea justo magna eleifend takimata illum at. Tincidunt labore lorem rebum takimata vero amet rebum. Iusto duis aliquyam ea vero sit. In stet dolore diam facilisis dolor amet elitr invidunt lorem sea dolores consequat duo accumsan et ut qui.\r\nTakimata kasd no est sea sanctus duo amet in et nisl diam. Accusam at exerci no ut sadipscing nonummy et sanctus diam no ea sit dolor minim rebum diam diam. Facilisis vero et lorem accusam zzril eleifend vero aliquyam sit magna ipsum quis ea sed erat tempor ipsum. Diam exerci enim lorem ad duo. Diam vero sadipscing et ut eleifend tempor takimata facilisis eirmod et consetetur dolor. Ipsum consequat ea ut in eos aliquyam erat sanctus ea et dolores voluptua sit. Clita aliquip est ea accusam et laoreet adipiscing feugiat eleifend et dolores. Vero erat sed et et accusam clita voluptua dolores nisl esse kasd lorem tincidunt lorem. Lorem dolor vero. Est enim nostrud sit nonumy ut consequat dolore sanctus sanctus ea accusam sanctus eos ut nulla dolore. Diam aliquam facilisi diam amet ipsum dolores aliquam dolor ipsum nonumy cum. Lorem enim magna invidunt vero ut no iusto est adipiscing sit et elit. Et liber aliquyam ipsum gubergren stet at elitr. Nihil eum iusto veniam labore in.\r\n","PublishDate":"2019-09-15T00:39:28.1261248+00:00"},{"ID":9,"Title":"Book 9","Description":"Et magna at et et. Nisl et elitr. Et est tempor odio takimata consectetuer et sit. Est ad aliquyam gubergren dolor sanctus at ipsum accumsan sit liber no magna accusam clita dolor duo liber. Ullamcorper nulla accumsan magna. Velit vero et rebum sed. Sed et lorem tincidunt sed sadipscing sadipscing eirmod eos gubergren nihil vulputate dolore dolore ut et. Molestie at sadipscing eirmod. Invidunt no suscipit. Sadipscing clita exerci at invidunt stet minim ut dolore et iriure at. Lorem lorem magna dolore magna. Diam tincidunt eirmod magna dolore elitr lobortis magna ut labore stet invidunt accumsan et consectetuer amet magna te. Eos illum erat minim est et sit feugiat in nam aliquyam sea delenit est dolor wisi esse. Ea consetetur dolore ex ut amet dolor dolore aliquyam. Est sed eirmod takimata. Et takimata duis kasd stet et sea ullamcorper et. Duo sed facilisis ut duis.\r\n","PageCount":900,"Excerpt":"Gubergren et kasd ad et elitr kasd et ad accusam elitr. Eos ipsum duo consectetuer lorem ea ea amet ex et vulputate takimata sanctus et. Sanctus duo feugait dolores zzril quis dolore erat duis. Eos gubergren duis invidunt at volutpat clita eleifend ipsum gubergren sit. Quis justo dolor esse id justo ut. At consetetur et lorem accusam lorem et ipsum iriure ipsum sed erat et vero aliquyam lorem lorem delenit. Sadipscing eu accumsan takimata. Lorem sanctus nonumy est ea aliquyam ea stet consequat diam labore. Sit consetetur ea ipsum duis dolor est. Ut dignissim kasd vulputate no ipsum invidunt sit erat sed suscipit erat labore ullamcorper. Autem voluptua labore velit wisi et sed ea. Lobortis aliquip dolor est duis veniam wisi tempor ut at vero. Doming volutpat sit clita amet et labore in qui ea at quis sed.\r\nDolor blandit sea amet sea vero et et eros sanctus duis dolor velit amet volutpat lorem. Invidunt dolor eirmod tincidunt eirmod voluptua accusam rebum amet et gubergren takimata esse sanctus diam luptatum invidunt duo lorem. Id et sadipscing erat amet dignissim facilisi rebum eos luptatum et et dolores qui vero. Erat diam sed. Invidunt consequat rebum consequat nam. Lorem dolore laoreet commodo stet consetetur amet odio consequat tempor sea gubergren consetetur dolor et sea. Consequat kasd at in justo eirmod sit. Iriure elitr stet takimata sea ipsum clita in sea. Vero sed quod ipsum ipsum. Stet est tempor molestie justo labore sea ut erat. Dolor diam sadipscing justo ut. Et kasd sit invidunt tempor dolor euismod labore sit tempor et esse. Et et consetetur takimata stet sit autem amet adipiscing enim aliquyam labore takimata et ipsum consequat. Stet nonumy magna tincidunt lorem sed ipsum sit nostrud dolores facilisis ipsum in nobis augue dolor gubergren. Nostrud dolor ea feugiat eos. Vero diam sed accusam dolor aliquyam dolores nulla et sea et magna est ipsum nihil aliquam elitr takimata duo.\r\nPlacerat diam et et veniam et dolores ipsum amet eos dolore dolores sadipscing aliquip augue lobortis magna enim consequat. Clita sanctus duis sed sed invidunt odio dolores consetetur amet eros eos voluptua justo ex amet clita nonumy. Ipsum blandit at labore ut placerat rebum. Nonumy lorem ea gubergren dolore labore sit eu invidunt elitr eirmod duo. Dolor dolore takimata facilisis zzril illum diam at sit stet sadipscing eros. Vel ex sit ut. Est blandit in ut esse aliquyam accusam dolor dolor feugiat clita rebum sea eos tempor eirmod eirmod vulputate. Mazim est eos vero velit eirmod. Velit dolores eum duo veniam suscipit dolor sed praesent volutpat dolore erat minim amet takimata nostrud est gubergren magna. Est et et at dolor rebum duis te. Eu amet sea sed ipsum nostrud et sanctus erat sit ea clita nulla sed esse aliquip gubergren accusam velit. Gubergren invidunt ea clita nobis et et dolor dolor accusam commodo no gubergren et et eos ullamcorper. Sit aliquip molestie ullamcorper facilisis no. Tempor ut erat ut. Diam elitr takimata vero praesent aliquyam aliquyam aliquyam vero et aliquyam erat lorem no duo sanctus sit. Eirmod ut sed takimata possim labore ut.\r\nSanctus eirmod ut sea. Sea vero commodo. Sit invidunt accusam eos eros no sea labore lorem est nisl duo. Duo voluptua imperdiet elitr in clita erat volutpat.\r\nQuis clita vero iriure vulputate facilisi. Est erat at no vulputate ea takimata ipsum est imperdiet duo aliquip ex ipsum. Quis kasd et dolore aliquyam lorem diam molestie iusto velit sanctus dolore. Iusto clita et esse sit dolor. Ut consetetur duis duis kasd.\r\n","PublishDate":"2019-09-14T00:39:28.1261248+00:00"},{"ID":10,"Title":"Book 10","Description":"Sed accumsan kasd et eirmod vero. No sea erat liber kasd lorem dolores elitr dolor ipsum clita dolore aliquip tation lobortis vulputate. Sadipscing ea congue sit dolores consequat sadipscing in sea eos. Rebum vero accumsan at sed congue sed erat ut. Labore dignissim illum erat et magna labore tincidunt et sit erat et eirmod facilisi dignissim voluptua erat kasd euismod. Et dolor et autem erat at sed diam elitr ipsum ipsum voluptua velit ad. Dolore aliquyam illum elitr lorem at clita nonumy accusam kasd magna stet duo et. Sit esse odio takimata duo eleifend nonumy vero duo sit dolor aliquyam sit dolores diam tempor clita justo dolores. Sit diam invidunt est lorem diam no lorem labore lorem. Minim ea voluptua volutpat magna lorem ipsum doming takimata. Placerat ut at dolor erat clita est. Accumsan amet dolor wisi labore justo tempor amet amet. Duis stet vero diam justo aliquip no ea vero. Est et enim elitr feugait dolores vero ea consetetur ipsum sea et gubergren consectetuer nulla dolore. Sadipscing aliquyam sea.\r\n","PageCount":1000,"Excerpt":"Et erat amet suscipit stet sit imperdiet nonumy consetetur stet tempor diam augue mazim eos invidunt gubergren. Augue diam est consequat amet sea sea vero eum tation wisi wisi labore dolores et at at ea. Est est eos consequat sanctus no rebum est justo tempor ut ut blandit illum. Rebum feugait at at labore. Consetetur tincidunt tempor diam liber imperdiet eu accusam eos eirmod. Tempor sed est. In lorem amet sit ex et elitr clita kasd et amet vel accusam molestie diam illum ex labore. Gubergren commodo lorem nihil erat magna labore. Amet lorem et et diam facilisis amet eos est sea voluptua labore invidunt invidunt eirmod feugait diam ullamcorper rebum. Duo soluta justo nonumy lorem duo amet dolore dolor sed sit in zzril tempor. Tempor eirmod stet facer justo est stet esse sed magna lorem eos vero amet. Et stet et doming adipiscing. Gubergren nostrud dolores consetetur blandit dolor et delenit sea et diam lorem. Duo et diam ea eum ipsum lorem duo stet dolor. Kasd accusam et no ut aliquyam vero accusam et labore gubergren amet enim dolor duo et consetetur consequat ipsum. Nonummy vero labore consetetur vero eum dolor volutpat mazim no. Autem nulla stet gubergren ipsum stet kasd magna sit hendrerit et sed magna et. Illum molestie sit et kasd ea dolor sit at tempor.\r\nUt iusto elitr et duis takimata nulla nostrud wisi sit aliquyam et diam kasd ut eleifend eirmod. Nonumy te consequat ea eirmod feugiat sea accumsan ipsum erat est dolor eos. At ea vero exerci eu nonumy accusam nisl et stet sed et. Tempor kasd sit elitr sed minim sadipscing nibh gubergren nonummy. Takimata stet rebum esse tempor at suscipit duo erat qui. Esse possim et accusam duo eros nisl facilisis magna accusam lorem et.\r\nTakimata eirmod voluptua ut erat dolor aliquam at takimata sit minim at labore ipsum. Justo gubergren dolores eirmod dolores magna euismod voluptua sea consetetur dolore. Ea lorem et lorem sadipscing. Vero erat dolor. Et sit ad diam vel. Rebum eos consetetur quod eirmod eos labore veniam invidunt dolore rebum in sit. Blandit sed voluptua et accusam est vero minim esse sadipscing vero at ea at. Dolores at diam voluptua sadipscing clita ea. Hendrerit consequat voluptua in vulputate praesent clita duo magna erat sit aliquyam voluptua vero dolore justo voluptua sea et. Ut et erat sea sea duis aliquip te. Praesent vero consequat amet diam labore amet nostrud dolores dolor ipsum vero accumsan kasd sit duo. Et elitr facilisi sea enim justo duis dolores amet voluptua et et sed takimata. Justo luptatum et. Diam aliquyam dolor diam et. Feugait sanctus invidunt eos amet sanctus et diam feugiat ipsum exerci duo aliquyam lorem nonumy et. Nostrud elitr sed erat voluptua doming ut et no imperdiet elitr et kasd labore ipsum exerci et. Stet diam consetetur est ut nonumy amet ipsum nulla clita nobis velit eirmod molestie voluptua dolor voluptua dolore. Sit diam aliquyam sit minim tempor vero elitr duo amet augue vero sed dolor sed. Minim eirmod nonumy dignissim accumsan dolores sea duo lorem et facer.\r\nErat duo sea accusam est accusam lorem ut. Dolor labore erat rebum diam luptatum rebum duis eos diam dolor sea eirmod gubergren. Et ad elit aliquyam sanctus invidunt. Enim rebum et lobortis. Et dolor vero. Eirmod vero invidunt vero et mazim doming ut in tempor et lorem sit sanctus dolore dolor. Tempor ullamcorper in nostrud vero diam sed diam sit elit. Eirmod illum consetetur in lorem sit. Labore stet ut duis esse duo voluptua nonumy at stet eirmod rebum. Duis te sadipscing dolore sed dolores blandit dolor labore sit. Dolor no vel justo sed gubergren at in lorem accusam lorem et. Eirmod tempor et tempor dignissim ea diam ipsum tincidunt. Lorem diam elitr sit et zzril rebum takimata sit dolores nobis et erat accusam invidunt ipsum ea invidunt. Sadipscing tempor et vero. At et id ea exerci ex.\r\nSed dolore dolore sadipscing lorem ipsum erat velit sed aliquyam autem dolores accusam. Sea vel sit laoreet eirmod elitr. Nonummy eirmod et ut est commodo elitr est rebum enim ea lorem sit molestie sit nam consetetur ipsum.\r\n","PublishDate":"2019-09-13T00:39:28.1261248+00:00"},{"ID":11,"Title":"Book 11","Description":"Kasd dolor sea duo te. Eirmod gubergren sea autem diam est. Ipsum et consetetur sit.\r\n","PageCount":1100,"Excerpt":"Magna est blandit sea adipiscing dolor duo et lorem clita aliquyam. Vero ea tempor elitr sadipscing magna ipsum hendrerit ut erat no. Sit vero kasd eos invidunt suscipit dolore accusam velit ex volutpat wisi te quis at adipiscing. Erat ut est erat eos duis nonumy suscipit sanctus diam. Dolor et sea.\r\nEt diam consetetur elitr consetetur labore ad id et diam dignissim euismod soluta amet. Nulla autem amet in consetetur et amet erat et accusam vel lorem kasd. Eirmod eirmod kasd labore et eirmod et dolor nulla duis sit ipsum gubergren. Labore erat nonumy takimata takimata accusam eos labore amet duo elitr sea eos lorem qui tempor illum. Ut et lorem ut no vel aliquyam sed justo. Accusam duo consetetur elitr duis gubergren consetetur imperdiet voluptua voluptua. Vel sit et lorem euismod voluptua enim et dolores rebum at justo sed vel. Tempor dolore et labore voluptua erat ipsum kasd. Zzril eos dolores no clita lorem takimata consetetur est consetetur sed et eirmod feugiat lorem blandit adipiscing kasd. Eirmod rebum amet luptatum tincidunt diam takimata. Facilisis sed ex rebum lorem nonumy. Eos suscipit feugait.\r\nMagna et sit rebum duo te ex praesent ex lorem labore voluptua duo tempor. Tempor consequat in tation vero tincidunt at delenit dolor iusto aliquyam. Et diam diam in at molestie hendrerit lobortis sed duo ipsum ipsum aliquyam sea vulputate magna. Hendrerit invidunt sit aliquip eros eum nonumy et labore. Stet diam sed nostrud nostrud. Quis volutpat kasd vero. No eros consetetur eleifend clita justo erat in sit et amet voluptua diam te eirmod ea congue sed. Vulputate at elitr et consetetur augue et diam exerci kasd aliquyam. Dolor sea veniam dolor. Sit est at amet vero elitr tempor consetetur rebum ea. Ipsum diam ipsum kasd sed dolores aliquip dolores ut eirmod eleifend invidunt ea amet ex. Nibh voluptua accusam duo illum no consequat praesent. Et lorem gubergren est velit nibh aliquyam delenit tincidunt eirmod esse. Sed duis elit dolore amet ut no et. At sit eos dolore nibh justo tation dolor veniam consetetur at ipsum esse vel duo gubergren clita diam. Vel voluptua at sea justo est lorem consetetur sed ea hendrerit vero.\r\nVoluptua diam dolore invidunt in gubergren at lorem praesent no consetetur kasd diam. Sanctus vero vero et. Dolore vel sit sit sadipscing est facilisi adipiscing eum ut consequat voluptua ut aliquyam et no ex invidunt vero. Dolores commodo zzril assum et rebum sea rebum diam nonumy ea molestie sanctus. Clita nulla elit diam nulla magna dolor dolor sit ipsum dolor wisi nam aliquyam duo. Dolore vulputate ipsum feugiat sed lorem. Et labore feugiat eu elitr et nonumy dignissim rebum ipsum nonumy dolor at nihil sed dolor in molestie assum. Sit vulputate et elitr sanctus amet sanctus blandit sea amet et at rebum te. Sanctus aliquyam volutpat gubergren et stet eu eirmod aliquyam duo erat veniam est nulla clita. Magna dolore ea takimata nonumy velit invidunt est dolor justo magna magna dolor sit magna velit nulla consetetur. Gubergren amet vero et eirmod. Lorem vel at lorem dolor dolor gubergren sit dolore. Aliquam ipsum ipsum lorem in sed stet stet tempor te invidunt at cum invidunt. Vel gubergren invidunt amet lorem sed est voluptua consetetur sea amet diam et.\r\nVeniam labore facilisi sit nonummy vulputate diam. Dolor nonumy ipsum sed. Eum sit accumsan et nonumy no ut sed vero sit diam ipsum praesent eos no diam. Consectetuer diam enim aliquam amet sit invidunt commodo feugiat. Justo et dolor dolore sit augue vero ea feugiat. Duo nonumy dolor takimata veniam diam. Dolore volutpat no soluta duo lorem rebum sit sea diam euismod nihil. Eos lorem facilisis gubergren amet voluptua sanctus sit nonumy ipsum. Sea erat takimata ut nihil duis voluptua no. Tempor ut ut erat dolore sit kasd. Invidunt euismod et aliquyam consequat accusam eu tempor nonummy.\r\n","PublishDate":"2019-09-12T00:39:28.1261248+00:00"},{"ID":12,"Title":"Book 12","Description":"Dolores adipiscing tempor euismod diam ut id nonumy autem erat sed ad blandit volutpat et sea et. Kasd erat amet ea ipsum sed sed magna ad diam sea dolore et et gubergren. Facilisi labore et vero elitr et suscipit kasd dolor. Amet et velit diam ut stet feugait eos. Vero nonumy invidunt sed kasd dolores et iusto lorem dolore tempor adipiscing. Ipsum ipsum sed eleifend elitr dolor et diam in eirmod dolor ad rebum erat labore labore liber amet. Consetetur odio invidunt lorem suscipit est nonumy tation et doming dolor aliquyam sea sed accumsan stet eirmod. Ipsum et ad amet velit aliquip eleifend duo ea ut. Elitr molestie praesent clita lorem tempor aliquam sit et dolor dolore esse facilisi takimata sit invidunt no quis. Lorem et veniam lorem dolore at in gubergren magna vel sed eirmod diam. Ut sea eos illum diam kasd diam. Clita liber sea mazim kasd sanctus sadipscing eos sed mazim takimata commodo voluptua sanctus dolore dolor. Vel tempor sed lorem dolores ut lorem odio et et lorem nulla possim commodo amet. Aliquip est gubergren sit dolor diam consectetuer et vero mazim sed. Quis sit eu magna in in labore ut clita volutpat amet et aliquam tempor sit illum consetetur. Nisl consetetur sea lorem.\r\n","PageCount":1200,"Excerpt":"Ut sanctus dolore et et. Gubergren in consetetur invidunt erat justo vero duo invidunt dolor rebum et eu magna gubergren suscipit suscipit sanctus. Dolores et diam ut dolor sanctus ullamcorper odio eros augue molestie et duo nulla sit. Stet facilisis et eros ipsum takimata voluptua. Liber vel ut diam. Tincidunt sadipscing et delenit dolore lobortis nonumy dolor et dolor dolores. Wisi invidunt nonumy dolore ut dolor nisl. Sanctus et dolore sed lorem. Gubergren vel esse lorem dolores quis dolores gubergren ipsum justo justo et clita et nihil consequat nihil. Ea justo commodo accusam et sanctus et dolores accusam quod takimata. Iriure takimata amet doming augue at. Sadipscing commodo justo vulputate sanctus tempor et ipsum duis ut dolor. Eros consetetur aliquam consetetur eu duis nonumy voluptua amet sed et in placerat volutpat erat. Clita et et takimata eos eirmod est aliquyam elitr ipsum erat ut aliquam lorem erat.\r\nSed aliquyam autem eos sit accusam amet ullamcorper congue no enim ea veniam lorem consequat sea. Sed quis justo iriure kasd esse sanctus hendrerit sit dolore sit tempor voluptua dolor elitr blandit at. Est ea ea amet eirmod dolores et mazim aliquyam suscipit sed duis ea eum dolore. Nulla sea aliquyam takimata et diam aliquyam lorem quod accumsan dolore voluptua et. Labore vel diam dolores aliquyam. Sadipscing in ea invidunt ipsum consequat eos wisi gubergren sed dolores takimata. Ut luptatum ut sanctus duo et. Dolor justo sed nulla labore kasd accusam labore. Invidunt vero magna augue eirmod nihil nonumy tation consetetur no commodo tempor vero. Ipsum facilisi at dolore tempor erat lorem et et consequat invidunt sed eos. Nisl dolor lorem amet eirmod amet at dolores ex erat aliquam sanctus vero. Sed no amet sed laoreet option et ut no delenit. Est gubergren dolor dolor iriure kasd gubergren magna nulla est voluptua est dolore congue veniam ad ut.\r\nTakimata rebum invidunt elit rebum. Amet at et sadipscing nonummy laoreet elitr eos et et kasd dolore ea vero sit. Eu lorem assum dolore lorem in dolore sea. Ullamcorper magna rebum takimata justo in molestie veniam nonumy amet ut est ea magna aliquip soluta aliquip et zzril.\r\nAliquam aliquyam consetetur erat et et elitr clita sadipscing illum lorem feugiat vero. At erat wisi nulla ad at esse voluptua aliquyam esse sadipscing invidunt eos tempor dolore magna sanctus aliquyam diam. Invidunt sit et erat diam nonumy dolor duo. Dolore tempor magna sea no gubergren sea ut invidunt dolor. Dolor vel sit diam et veniam diam est. Iusto at ut laoreet qui invidunt sanctus voluptua amet clita takimata rebum praesent eu minim ipsum cum sed rebum.\r\nDolor justo erat aliquyam vulputate veniam sit te sea nisl sed nonumy nonumy. Ut ipsum ipsum ullamcorper eos. Dolore gubergren vero voluptua ipsum lorem ea lorem aliquyam dolores et stet erat ex et sanctus takimata nonumy amet. Est amet in est dolor euismod in dignissim elitr sit.\r\n","PublishDate":"2019-09-11T00:39:28.1261248+00:00"},{"ID":13,"Title":"Book 13","Description":"Sed et clita dolor amet invidunt. Gubergren duis magna aliquyam hendrerit stet et kasd accusam erat duo amet sit exerci ipsum lorem elit tincidunt et. Et liber clita kasd duo nulla congue et. Dolor ipsum kasd est dolor ipsum dolor vero lorem invidunt nisl dolore nulla nam ipsum invidunt amet. Sit eros eos consequat at. Nam consetetur lorem labore justo minim. Iusto consetetur velit augue. Takimata sed vero elitr dolor voluptua sed. Adipiscing eu sadipscing ipsum ad ut velit clita dolor sit gubergren consetetur voluptua. Gubergren ipsum congue stet diam ullamcorper sadipscing eum eirmod at no et dolores.\r\n","PageCount":1300,"Excerpt":"Tempor sadipscing ipsum dolores sea voluptua eos duo est assum dolore diam. Diam ipsum takimata blandit mazim facilisi takimata accusam tincidunt aliquyam ullamcorper et sit lorem gubergren dolores diam ipsum justo. Duo wisi molestie invidunt sed sit consetetur consetetur labore nulla eum sanctus dolore sadipscing facilisis vulputate dolor. Hendrerit no nobis diam consetetur est feugait dolor erat accusam rebum ut luptatum diam no lorem luptatum. Amet eirmod laoreet lorem ipsum vel. Ut sit sit voluptua dolor consequat et ea ipsum. Ad quod nulla stet enim dolor aliquyam nisl. Dolor blandit elitr ipsum dolor elit iriure ea rebum duis consequat sit dolore et et sadipscing sadipscing sea. Sea nulla consetetur invidunt praesent volutpat. Vero nonumy dolore nostrud veniam dolore labore takimata dolore et elitr dolore. Nam et consetetur accumsan sit amet est labore vero est sed sea vulputate est aliquyam. Ipsum consectetuer takimata vel luptatum sadipscing ullamcorper dolore sit eirmod esse duo accusam. Ipsum sit minim tempor tempor labore. Assum magna duo at magna.\r\nEum eirmod at facer aliquam consetetur eirmod suscipit praesent elitr possim dolor et duis eirmod sit kasd tempor clita. Consequat kasd in option dolor amet aliquip consequat. Sea takimata ipsum sadipscing et nisl consectetuer rebum dolore magna sea nisl dolor amet eirmod dolores nonumy ea sit. Vero sed sed aliquam rebum eos sed.\r\nEsse sea clita amet vel dolor invidunt invidunt lorem et sed. Eirmod augue lorem dignissim ipsum eirmod dolor lorem et clita aliquyam amet illum eirmod consectetuer. Labore aliquyam diam vero eirmod esse duis ipsum ipsum ex et nonumy ipsum ipsum ut et. Sea vero diam ut lorem diam consetetur justo facer sea ut magna stet dolores liber sea ut invidunt. Sadipscing et eirmod euismod dolor ipsum molestie. Sit takimata dolor invidunt diam dolor nonumy consetetur rebum eos aliquyam. Ipsum nulla ut ut. Ut et consequat lorem dolores aliquyam et iriure consetetur et amet accusam magna at. Stet at no stet molestie elitr rebum ea takimata takimata iriure ut et. Iusto duis te odio amet et aliquyam sit aliquyam dolore diam. Invidunt sit et consetetur nonumy dolore lorem sed iusto sadipscing.\r\nSed tempor et nonumy erat eum sadipscing amet vulputate rebum aliquam erat. Consequat rebum feugait esse clita vel voluptua qui et dolor illum amet. Ea nostrud invidunt elitr dolor dolor et amet sadipscing. Amet tation et labore no illum aliquyam kasd facilisis tincidunt sed magna justo eos magna id. Eum facilisi amet ut nulla sadipscing magna.\r\nSea dolor erat no laoreet ipsum. Blandit duis at sed rebum consectetuer voluptua tempor sed. Ipsum takimata erat accusam feugiat nonummy labore. Consetetur facilisis ipsum amet lobortis dolor diam takimata accumsan laoreet. Quis nonumy sanctus. Labore blandit accumsan sanctus lobortis amet amet justo eros tempor. Sed exerci lorem minim sit. Duo sanctus tincidunt diam hendrerit et amet placerat labore takimata kasd dolore est lorem dolor sit ut. Iusto eos ut delenit. Duis takimata diam amet vel clita amet takimata clita diam aliquyam voluptua eu consequat iriure no. Delenit rebum lorem. Labore consectetuer est. Diam consetetur invidunt tempor. Et sed dignissim possim sadipscing et. Invidunt wisi elit labore lorem lorem placerat at diam delenit erat vero suscipit eros sed sadipscing. Sadipscing ea aliquyam ut at et sit diam ipsum aliquyam velit dolor. Consetetur cum vero vero no lorem ipsum justo duis.\r\n","PublishDate":"2019-09-10T00:39:28.1261248+00:00"},{"ID":14,"Title":"Book 14","Description":"Aliquyam aliquam erat eros lorem eu aliquyam amet nisl elitr et sed ea duo clita amet iriure. Te euismod dolores laoreet illum. Rebum ea erat ea erat sed no minim.\r\n","PageCount":1400,"Excerpt":"Lorem tempor invidunt voluptua diam eos takimata facilisis dolores vel autem at vel takimata dolor erat facilisi. Duo et clita voluptua nonumy no kasd justo justo sit lorem. Et autem eos aliquyam rebum vero et dignissim ad consequat ipsum eos. Dolor eos exerci est et aliquip mazim aliquip luptatum stet ut dolore kasd lorem magna ipsum sed laoreet. Nibh sanctus lorem labore consetetur. Sadipscing eos eleifend ipsum amet dolore et est labore invidunt clita stet rebum amet hendrerit voluptua kasd.\r\nNo ullamcorper invidunt voluptua diam. Diam et facer veniam amet molestie velit rebum lorem eos eu sed. Consequat ad consequat nostrud exerci stet amet diam duis. Accusam diam consetetur rebum gubergren justo enim in dolor feugait dolore sanctus et. Exerci eirmod amet elit sanctus wisi sit amet labore eos delenit et sadipscing consetetur. Delenit sit ad stet lorem justo vero. Et dolor amet et facer esse amet lorem feugiat autem eirmod sit stet stet eirmod accusam aliquyam adipiscing voluptua. Eum labore stet elitr. Ea dolores rebum justo exerci. Dolore in dolore kasd diam kasd lorem et tincidunt et et et est sadipscing consetetur vero consectetuer sit iriure. At iriure lorem consetetur facilisi sed lorem kasd euismod duo ut aliquyam est. Sit elit sanctus volutpat sadipscing no consequat.\r\nJusto augue sit ut dolore amet feugait eu blandit amet rebum iusto sea labore accusam. Nibh takimata eirmod duis ullamcorper dolor. Erat consectetuer gubergren eos justo et odio et. Amet at dolores elit at amet diam. Et clita invidunt labore at dolor sadipscing dolor labore magna congue dolor exerci. Hendrerit accusam diam accusam diam accusam diam diam luptatum sit clita. Nisl et et no vel sadipscing amet in dolore vero. Sit lorem sit dolores labore ut labore vero illum. Eros eleifend stet lobortis justo dolore justo wisi eros cum diam et sanctus gubergren dolor rebum nulla duo. Dolor accusam ullamcorper ipsum gubergren takimata gubergren stet ut augue. Praesent et option. Magna ad assum est minim kasd amet eos sanctus et diam feugiat. Clita aliquam possim nonummy adipiscing vulputate. Ut et eos lorem dolor volutpat no sit accusam molestie invidunt dolores sed invidunt. Clita at ipsum est justo ut dolor cum consequat invidunt eros dolor no amet.\r\nDolore nisl ipsum elitr rebum justo dolor sea elitr sanctus lorem ipsum. Et sanctus sea nonumy et dolore veniam velit dolor ea vel tempor magna lorem. Possim erat ex sit stet. Lorem rebum eirmod clita dolore vero no consetetur rebum et amet amet ut duis stet. Aliquip voluptua vero minim facilisi nonumy aliquyam no lorem praesent magna enim eirmod vel at. Nonumy erat nulla elitr invidunt imperdiet sit amet aliquyam dolor minim eu amet sadipscing. Labore laoreet clita duis et et clita praesent ea in stet no ea sed laoreet in molestie. Elitr est et ut magna labore est voluptua takimata eos clita dolor nam delenit veniam tempor dolore sit. Sit dolor dolor. Dolore rebum labore sanctus. Et in autem lorem magna laoreet lorem eirmod vero eirmod. Tempor sanctus congue labore stet aliquip eum tempor autem wisi consetetur nonumy sed eos amet justo tincidunt dolor eros. Diam diam invidunt magna rebum mazim no sea magna dolore vero nulla lorem consetetur zzril amet nonumy dolor. At accusam dolor elitr eos. Dignissim justo magna minim invidunt consequat invidunt et sed elit voluptua nonumy. Qui possim dolore dolore. Ipsum elitr eirmod invidunt invidunt sea eirmod sit eos clita amet ea sanctus labore stet dolore amet.\r\nFacilisis ad et aliquyam magna at feugiat. Vulputate ipsum nobis clita ea vero sed justo. Consetetur et luptatum. Sanctus dolores at vero eos dolor diam elitr voluptua exerci tincidunt et dolore odio exerci ipsum molestie sit. Sea ipsum autem molestie et voluptua invidunt laoreet rebum nonummy dolore lorem amet iusto in sit sed vero. Amet sit lorem eu delenit erat diam et et magna lorem praesent consetetur sadipscing et. Sit vel congue diam magna autem. Rebum erat nostrud facilisi no diam no. Consequat zzril in sit elit gubergren accusam lorem amet iriure in dolor est lorem stet. Kasd laoreet rebum ipsum dolor vel accusam ut et dolore tempor tempor invidunt rebum vel diam takimata. Ea ipsum esse at at duis dolore delenit commodo placerat accumsan takimata nobis enim kasd. Duis in clita sanctus eleifend ut no est dolor no eos.\r\n","PublishDate":"2019-09-09T00:39:28.1261248+00:00"},{"ID":15,"Title":"Book 15","Description":"Invidunt ipsum erat dolor eirmod. Kasd amet lobortis. Et accusam nonumy lorem lorem eu dolore vero diam et doming. Sanctus et justo elit aliquyam sadipscing sit erat et consetetur lorem amet minim. Gubergren no nostrud adipiscing et gubergren sadipscing sanctus sit ut. Erat diam voluptua ea ut labore feugiat diam qui sadipscing. Imperdiet diam ipsum duo lorem at consequat sanctus lorem diam ut facilisi. Et eu nonummy duis esse no at tempor. Eos diam sed. Sed aliquyam no blandit adipiscing elitr congue stet eos eos vero diam kasd.\r\n","PageCount":1500,"Excerpt":"Nonumy euismod accusam et tempor et. Vero takimata dolor sit gubergren amet sed dolore dolores doming et. Tincidunt ipsum sit eirmod vero at sadipscing accusam. Takimata amet dolore at at lorem feugiat invidunt. Clita kasd lorem diam magna ipsum et nibh.\r\nInvidunt dignissim sanctus dolore labore dolore no vel eum lorem sadipscing stet euismod ut. Duo sanctus invidunt amet et sit. Labore ea labore sadipscing dolor in quis consetetur justo dolor. Consetetur est lorem wisi duo dolor nonumy lorem eos vero blandit elitr sed dolores rebum. Diam dolor nisl et magna dolore tation dolores sed ipsum at ut dolor. Duis iusto amet at lorem zzril. Amet nonumy nonumy voluptua. Diam justo dolor. Sadipscing elitr adipiscing lorem sea diam dolore autem ea. Vel suscipit hendrerit et laoreet. Eu in hendrerit amet sit et sit et nostrud in sea rebum.\r\nEst labore facilisis diam lorem enim sit velit elitr dolores eirmod kasd. Tempor dolores sadipscing sea et dolor at quis lorem minim nulla laoreet sed vero lorem nulla dolores. Et consequat et sea nihil hendrerit eos ipsum lorem. Nonumy labore laoreet takimata autem sanctus rebum ea et consequat nonumy sed tempor sit. Lorem accusam eum augue sea dolor. Vero kasd justo veniam odio aliquyam eirmod commodo soluta lorem diam exerci erat accusam nonumy amet sed est eu. Eum nisl ipsum et lorem dolore eos. Iusto diam vel sit diam sea no ipsum tempor et ut sit sed vel magna dolores dolore duis ipsum. Congue ipsum blandit elitr ipsum no. Et at ad amet labore diam sed consetetur vulputate accusam. Accusam erat amet ullamcorper ea consetetur tempor sed. Kasd iusto et no sit vero gubergren illum. Consetetur kasd luptatum vero invidunt nonumy ut nulla blandit amet consetetur wisi assum. Sit wisi nibh justo lorem eirmod ipsum euismod accusam et accumsan doming dolores vulputate lorem imperdiet gubergren. Sit euismod adipiscing diam justo dolor tincidunt sanctus tempor sanctus no invidunt et sanctus dolor illum sea duis. Eirmod in mazim sit amet sed consequat duo suscipit in et labore takimata diam lorem molestie stet. Dolores dolor aliquyam ut magna dolor dolor et ut. Qui est ut dolor elitr ut eos. Et sed consetetur labore velit augue justo ea tempor nisl justo aliquyam.\r\nEu dolor diam ea ea aliquyam veniam sanctus vulputate magna est hendrerit ipsum tempor liber. Dolore est dolores consetetur et accusam amet delenit takimata enim suscipit ea amet duis dolor vulputate et sit in. Takimata exerci dignissim diam kasd luptatum ut elitr dolores stet rebum vel erat dolores eos dolor sanctus diam justo. Ipsum consetetur elitr et nam sit sed vero ut wisi nam ut. Laoreet sed justo et. Consequat dolores wisi facilisis congue sadipscing justo voluptua et et facer blandit duis magna illum ut aliquyam. Lorem vulputate nonumy illum no duis justo aliquam et. Dolore takimata nonumy eirmod consetetur eirmod laoreet ipsum sadipscing dolor iriure commodo ipsum. Nibh vero ipsum lorem et nibh invidunt eros placerat enim sit luptatum ut. Nulla et lobortis erat consequat.\r\nClita sed dolore at sea eos erat et. Dolor est diam sea no molestie erat rebum ex duis erat gubergren duo quod. Veniam tempor sadipscing dolor diam tempor luptatum kasd. Facilisi augue zzril dolores. Nonummy lorem dolore justo tempor exerci dolor dolore diam vulputate. Tempor sea nihil. Sed sed eum illum eu. Accusam sed vel lorem dolores. Consetetur ipsum dolor ad duo no dolores justo nulla vulputate no stet magna gubergren amet diam lorem. Dolor erat ipsum sea consequat sed dolores dolor dolor. Feugait hendrerit est accusam lorem euismod lorem dolor. Amet vero invidunt iriure.\r\n","PublishDate":"2019-09-08T00:39:28.1261248+00:00"},{"ID":16,"Title":"Book 16","Description":"Aliquam assum amet dolor aliquam stet consetetur facilisis duo sea est dolore invidunt minim takimata. Et clita illum consetetur tempor adipiscing est sadipscing at kasd. Dolore elitr nonummy dolores dignissim sadipscing amet ut takimata. Consetetur nulla molestie minim et eirmod sit adipiscing mazim stet ut lorem. Ipsum clita takimata sit lorem labore labore invidunt. Dolore gubergren vero illum feugait eros duo nulla invidunt sea ipsum. Diam dolore stet imperdiet accusam clita hendrerit quod dolore ipsum sit autem sadipscing vero esse stet no.\r\n","PageCount":1600,"Excerpt":"At sed ut ipsum amet nonumy eleifend ipsum et amet labore diam quod. Facer voluptua et sadipscing tempor vel et in feugiat veniam rebum nulla. Iriure ut ipsum tempor delenit. Gubergren et dolores diam erat vulputate exerci diam dolore. Tempor dolor lorem. Sed odio lorem nulla justo et et eu dolor magna dolor iusto invidunt erat sea erat. Nonummy est et. Gubergren ut ut sit tincidunt commodo elitr takimata. Et dolore gubergren et dolor accusam dignissim consetetur. Elitr facilisi lorem lorem aliquip ut sed commodo. Lorem lobortis lorem feugiat dolore lorem nonummy kasd ipsum dolore voluptua rebum elitr diam et.\r\nAccusam vel in euismod. Sadipscing placerat amet clita dolore et stet justo nonumy kasd eos ut consetetur ipsum ad sed. Kasd eirmod euismod eos tempor ea est duo dolore sed sanctus duis nisl vero rebum. Kasd kasd dolore vel lorem sit consetetur minim sed. Et dolor eos eum dolor amet dolores rebum consectetuer duis lorem dolor nam vero ullamcorper consetetur et nonumy. Sea duo aliquip te illum et hendrerit invidunt sed takimata amet augue no facilisis dolor lorem rebum amet invidunt. Est facilisis takimata sed consectetuer et consectetuer ut vero voluptua est wisi lorem lobortis accusam at consectetuer eum facilisi. Nostrud delenit voluptua nulla et tempor sed duo sed. Gubergren dolore erat stet dignissim imperdiet amet feugait clita justo blandit eirmod stet ipsum dolor vero sadipscing invidunt feugait.\r\nDuo aliquam sanctus dolor lorem qui amet. Autem eirmod nulla te et dolores est lorem at. Iriure congue eos qui nonumy aliquyam voluptua amet eum est nihil vero sea sadipscing no gubergren tincidunt sit placerat. Erat sadipscing clita eos adipiscing magna lorem nonummy elitr ipsum ut et ipsum. Dolores aliquyam autem volutpat et et rebum est takimata sed nonumy illum magna dolore sit tempor tation.\r\nSadipscing sea duis tempor lorem labore sea voluptua at no option ut accumsan et sea diam. Aliquam gubergren clita lorem labore at consequat dolores ut. Sit sit hendrerit. Nulla sanctus eros gubergren. Velit dolor autem. No dolores dolor amet euismod accusam vel gubergren et. Dolor invidunt ipsum congue magna no kasd sed qui ea dolores sea no. Lorem sed duo. Duis dolores suscipit amet consequat. Dolor lorem praesent feugiat aliquyam diam accusam takimata sed est. Assum amet eros dolor duo te facilisi dolor wisi. Dignissim sed option sed sit lorem blandit sed. Consequat feugiat duis dolor dolore et diam dolor enim tempor nostrud gubergren eu ipsum vero ut feugiat. Accusam amet elitr dolor justo ipsum erat sit elitr duo tincidunt.\r\nDolor congue accumsan et dolor eirmod iriure magna. Eos no diam rebum. Nisl sed diam at diam justo minim commodo sed dolor ut no imperdiet eos eu sed no kasd tempor. At dolore odio dolore eirmod duis ut at gubergren sadipscing lorem kasd est dolor elitr voluptua. Elitr adipiscing voluptua et eos magna voluptua aliquam sadipscing. Blandit et et stet lorem dolor invidunt magna voluptua ipsum tempor invidunt clita sed. Aliquyam labore lorem exerci. Ea duis ipsum diam amet consetetur clita sed accusam gubergren amet et sit tempor magna no diam.\r\n","PublishDate":"2019-09-07T00:39:28.1261248+00:00"},{"ID":17,"Title":"Book 17","Description":"Sadipscing qui et dolore. Justo sanctus takimata ea kasd labore consectetuer diam. Nonumy gubergren duo dolores praesent eu eirmod sed sea in amet exerci est sed elitr sanctus eros ea possim. Amet duo dolore blandit. Et vel tempor nulla eum tempor sadipscing dolores nonumy. Sed dignissim elitr takimata minim clita sit imperdiet eos et et sed ea magna nostrud. Duo sit erat dolor hendrerit sit justo in dolores eirmod. Kasd sit at sea placerat. Dignissim ea tempor wisi hendrerit eos tempor lorem et quis dolores rebum dignissim dolore takimata diam diam. Stet eirmod feugiat amet ea justo iusto nonumy diam sit accusam. Eu sea tation eleifend stet et eos et diam voluptua elitr amet praesent vel nobis at dolor. Sadipscing est et sanctus consetetur ea aliquam ut. Sit dolor dolor rebum. Nonummy iusto dolor gubergren lorem accusam duo laoreet dolores dolor. Diam nonummy consectetuer duo rebum duo nihil sadipscing dolor dolor esse diam at.\r\n","PageCount":1700,"Excerpt":"Diam vero lorem odio at sea elitr consequat tempor gubergren sed mazim lorem voluptua suscipit dolore tempor lorem consequat. Accusam sed ea nisl et volutpat dolor veniam elitr sadipscing iriure duo amet eum sadipscing sea kasd no. Labore ipsum magna amet at labore consetetur tempor amet erat et. Vero kasd gubergren invidunt molestie at eros esse tempor delenit amet. Amet et eos dolor tation enim labore at nulla sit lorem sanctus sed amet.\r\nEt diam sed eirmod voluptua augue nisl at justo dolore diam consequat ut. Labore lorem ut odio labore elitr ea sit. Enim sed sed est kasd stet. Consetetur in autem sed aliquyam ipsum est duo dolores. Nulla ad erat clita sea amet diam. Stet amet lobortis accusam kasd et accusam diam lorem iriure lorem dolores vero kasd stet facilisis soluta duis ut. Iriure dolor lorem lorem lorem ipsum autem volutpat dolores sea. Sed dolor et sed dolores magna eos delenit diam tempor lorem enim gubergren. Commodo takimata luptatum tempor eirmod erat. Ea autem stet et sit elitr amet sea est. Gubergren sit nonumy elitr eirmod sit stet duis. At ut et nibh hendrerit commodo. Ea eirmod sit dolores no ut stet in dolor tincidunt accusam feugiat accusam accumsan placerat tation vero. Sadipscing est possim velit dolor sanctus ipsum in dolor illum duis suscipit justo.\r\nTakimata accumsan rebum clita est elitr eros eu duis erat no autem. Dolore at tempor imperdiet duo consetetur ipsum sadipscing blandit stet justo justo. Ut dolores stet ea et liber. Rebum rebum labore sanctus. Et diam dolores nisl sadipscing et quod sadipscing tempor sit. Nihil dolores placerat at nonummy amet sanctus dolore vel lobortis sed. Ullamcorper et erat et eirmod. Ipsum at diam no dolor ipsum lorem. Tempor nibh labore amet dolor gubergren eos vero illum ipsum. Iriure aliquyam justo diam placerat duo tempor vel et tation tempor iriure justo est lobortis ut at dignissim lorem.\r\nNisl lorem dolore aliquyam invidunt et dolore feugiat rebum ut ut. Sadipscing nulla veniam labore volutpat dolores diam ea justo dolore accusam dolores eum dolor diam dolore vero. Lorem amet et facilisi vero dolor clita duis dolor tempor amet et ut at ut. Voluptua sed elitr consectetuer laoreet tempor rebum amet vero. Sea elitr ut accusam elitr lorem nisl dolores ea. Dolores volutpat ipsum. Sanctus et et est lorem ipsum vero rebum magna amet tation stet. Ut nam vel dolore dolore amet volutpat et accusam. Aliquyam sit amet sed nostrud kasd amet delenit tincidunt quod imperdiet amet aliquip eirmod. Dolor velit ut sit gubergren ut gubergren et lorem et at nulla sea. Tempor invidunt dolor vel nibh ea. Nulla voluptua rebum lorem liber tempor tempor in eos stet dolor consequat aliquam invidunt consetetur kasd eos. Voluptua accusam ea amet amet magna rebum velit. Eirmod iusto dolor gubergren at ipsum ut. Augue accusam veniam est lorem suscipit elitr diam. Laoreet dolor est duis elitr possim erat sed diam lorem consetetur consectetuer aliquyam dolore nonumy justo vero eu feugiat. Justo diam in in et lorem consetetur illum diam voluptua aliquyam vero lorem at sed stet dolore amet. Dolores amet et nisl et diam sanctus sit nonumy dolore volutpat et elitr kasd vero sit augue. Et dolor voluptua iriure diam sit kasd duo et.\r\nHendrerit voluptua invidunt sed liber option lorem amet accusam accusam consequat voluptua ea tincidunt no eirmod et in. Magna vero veniam hendrerit amet duis ea facer voluptua justo et dignissim accusam clita eu eum dolor amet clita. Elit dolor dolor elitr iusto diam elitr clita et magna sit diam lorem takimata.\r\n","PublishDate":"2019-09-06T00:39:28.1261248+00:00"},{"ID":18,"Title":"Book 18","Description":"Lorem sanctus suscipit. Clita no erat aliquyam gubergren duo eros ea est diam eirmod vulputate nulla dolore aliquip stet. Justo et stet accusam vero justo dolor eos aliquyam aliquyam ea vel consequat dolore. No imperdiet invidunt dolore iusto nisl dolore justo dolore diam vulputate consetetur dolore nulla sit gubergren. Amet dolor sit facer sadipscing stet clita nulla invidunt. Dolor consetetur voluptua nobis takimata enim kasd vero clita dolor aliquyam takimata sed odio duis ut gubergren duo. Clita augue eirmod et voluptua feugiat dolor invidunt ad et sed vero clita lorem option tincidunt.\r\n","PageCount":1800,"Excerpt":"Dolor et delenit et. Nonumy tempor in feugait kasd no sed sea dolor nostrud duo vero ad et eos. Justo est sanctus clita diam ipsum et duo iusto. Sed et ex sit sit quis diam consetetur volutpat labore nob
[...]
t feugait labore placerat ipsum clita. Ad ipsum est nihil diam. Sed duo sit voluptua elitr gubergren. Diam nonumy wisi. Amet eos et duis elitr eirmod duo et eos vero nonumy justo aliquam ex facilisi aliquip. Ipsum diam vel amet et dolore et takimata tempor no. Lorem praesent delenit ut voluptua vero. Erat nonumy dolore labore lorem odio consectetuer duo amet. Ipsum quis et justo eos dolor eirmod duis at aliquyam magna et diam tempor eirmod sed voluptua sit. Amet vulputate consetetur amet clita vero magna diam ea nostrud et stet dolor. Rebum sea nulla consectetuer at at aliquyam at lorem amet clita dolore magna adipiscing lorem eirmod accusam erat vel.\r\nDuis est blandit duis facilisi hendrerit kasd vero lorem. Dolores sed elitr voluptua justo lorem sea dolor at sit justo consectetuer sadipscing kasd. Nonumy magna et ex dolor exerci dolores magna nulla velit ipsum diam. Enim dolores erat. Est amet amet dolore ea. Ut labore sadipscing consetetur accusam sit eirmod gubergren duis dolore sea. Minim dolore placerat facilisis suscipit sit justo rebum et. Sea stet dolor sea sanctus volutpat nonummy euismod accusam invidunt. Vulputate dolor zzril nihil duo nonumy clita diam laoreet. Aliquam duis ea magna volutpat et nihil vero. Consetetur consequat sit. Vel in at rebum hendrerit odio rebum justo ea at stet accusam. At sed sed facer gubergren feugait dolore consetetur consequat nulla diam justo sea tempor.\r\nFacilisis quis diam lorem sed et. Mazim kasd et ut. Aliquam eos voluptua ipsum duo ut lorem wisi wisi et. Sed qui accumsan accumsan et nam consetetur dolore erat aliquyam et sea ea. Dolores ipsum lorem et ad takimata nonumy sea in sanctus stet diam dolore dolores diam dolores molestie ut lorem. Lorem invidunt et dolore vero invidunt accusam in et feugiat eos labore accusam aliquyam sit ea ex dolore. Rebum amet et lorem justo kasd facilisis lorem at elitr commodo enim ea lorem nonumy et magna aliquyam dolor. Nonummy tempor erat at takimata luptatum congue dolor est amet ut invidunt esse et diam ea et et. Odio amet luptatum in. Sit duo no erat ex sea. Labore gubergren vel at sed. Sea elitr blandit magna eu lorem amet blandit lorem in dolore delenit at sanctus clita sed justo ipsum erat. Adipiscing takimata velit voluptua blandit wisi duis quis eos diam at voluptua congue amet sea duis invidunt. Sit et elit dolore ipsum gubergren diam labore facilisis sit sea takimata diam. Kasd dolore aliquip dolor ea gubergren vel. Accusam lorem stet accusam consequat takimata et ut ipsum amet sed enim euismod stet eu ex. Ipsum lorem labore diam sea et ut eirmod.\r\nDolores et takimata sadipscing no eros kasd stet et amet magna feugait. Justo duo vulputate consetetur et in justo rebum erat sit aliquyam nonumy kasd stet clita quis. Dolor ea ut facilisi praesent diam sed ipsum dolore. Rebum et kasd rebum nostrud dolor. Lorem accusam ipsum autem ex at. Clita eum gubergren iriure et volutpat eos ipsum adipiscing magna lorem nihil iriure ad dolor sed. Esse labore est eirmod rebum quis tempor et dolor congue. Et quis labore et vero est est tempor facilisi rebum. Molestie in ea labore suscipit no clita aliquyam et ipsum tincidunt odio takimata et esse elitr sanctus lorem. Vulputate eirmod duo blandit nulla vero facer tation ut in no rebum suscipit ut dolore blandit labore dolor. Est sea sea aliquyam magna wisi eu nonumy sea lorem ea feugiat ea nobis iriure dolore. Wisi molestie lobortis no ea accusam takimata hendrerit at et eos velit lorem ipsum eos amet feugait amet justo. Dolore aliquam eirmod gubergren ea rebum.\r\n","PublishDate":"2019-03-07T00:39:28.2043021+00:00"}]</msg>
<status status="PASS" starttime="20190922 21:39:30.799" endtime="20190922 21:39:30.908"></status>
</kw>
<kw name="Set Test Variable" library="BuiltIn">
<doc>Makes a variable available everywhere within the scope of the current test.</doc>
<arguments>
<arg>${RESPOSTA}</arg>
</arguments>
<msg timestamp="20190922 21:39:30.912" level="INFO">${RESPOSTA} = &lt;Response [200]&gt;</msg>
<status status="PASS" starttime="20190922 21:39:30.909" endtime="20190922 21:39:30.913"></status>
</kw>
<status status="PASS" starttime="20190922 21:39:27.886" endtime="20190922 21:39:30.914"></status>
</kw>
<kw name="Conferir o status code" library="resourceAPI">
<arguments>
<arg>200</arg>
</arguments>
<kw name="Should Be Equal As Strings" library="BuiltIn">
<doc>Fails if objects are unequal after converting them to strings.</doc>
<arguments>
<arg>${RESPOSTA.status_code}</arg>
<arg>${STATUSCODE_DESEJADO}</arg>
</arguments>
<msg timestamp="20190922 21:39:30.922" level="INFO">Argument types are:
&lt;class 'int'&gt;
&lt;type 'unicode'&gt;</msg>
<status status="PASS" starttime="20190922 21:39:30.919" endtime="20190922 21:39:30.923"></status>
</kw>
<status status="PASS" starttime="20190922 21:39:30.916" endtime="20190922 21:39:30.925"></status>
</kw>
<kw name="Conferir o reason" library="resourceAPI">
<arguments>
<arg>OK</arg>
</arguments>
<kw name="Should Be Equal As Strings" library="BuiltIn">
<doc>Fails if objects are unequal after converting them to strings.</doc>
<arguments>
<arg>${RESPOSTA.reason}</arg>
<arg>${REASON_DESEJADO}</arg>
</arguments>
<status status="PASS" starttime="20190922 21:39:30.931" endtime="20190922 21:39:30.933"></status>
</kw>
<status status="PASS" starttime="20190922 21:39:30.927" endtime="20190922 21:39:30.933"></status>
</kw>
<kw name="Conferir se retorna uma lista com &quot;200&quot; livros" library="resourceAPI">
<kw name="Length Should Be" library="BuiltIn">
<doc>Verifies that the length of the given item is correct.</doc>
<arguments>
<arg>${RESPOSTA.json()}</arg>
<arg>${QTDE_LIVROS}</arg>
</arguments>
<msg timestamp="20190922 21:39:30.980" level="INFO">Length is 200</msg>
<status status="PASS" starttime="20190922 21:39:30.938" endtime="20190922 21:39:30.982"></status>
</kw>
<status status="PASS" starttime="20190922 21:39:30.935" endtime="20190922 21:39:30.984"></status>
</kw>
<status status="PASS" starttime="20190922 21:39:27.881" endtime="20190922 21:39:30.986" critical="yes"></status>
</test>
<test id="s1-s1-s1-s1-s1-t2" name="Buscar um livro específico (GET em um livro específico)">
<kw name="Requisitar o livro &quot;15&quot;" library="resourceAPI">
<kw name="Get Request" library="RequestsLibrary">
<doc>Send a GET request on the session object found using the
given `alias`</doc>
<arguments>
<arg>fakeAPI</arg>
<arg>Books/${ID_LIVRO}</arg>
</arguments>
<assign>
<var>${RESPOSTA}</var>
</assign>
<msg timestamp="20190922 21:39:31.315" level="INFO">Get Request using : alias=fakeAPI, uri=Books/15, headers=None json=None</msg>
<msg timestamp="20190922 21:39:31.315" level="INFO">c:\python\lib\site-packages\urllib3\connectionpool.py:847: InsecureRequestWarning: Unverified HTTPS request is being made. Adding certificate verification is strongly advised. See: https://urllib3.readthedocs.io/en/latest/advanced-usage.html#ssl-warnings
  InsecureRequestWarning)</msg>
<msg timestamp="20190922 21:39:31.315" level="INFO">${RESPOSTA} = &lt;Response [200]&gt;</msg>
<status status="PASS" starttime="20190922 21:39:31.003" endtime="20190922 21:39:31.315"></status>
</kw>
<kw name="Log" library="BuiltIn">
<doc>Logs the given message with the given level.</doc>
<arguments>
<arg>${RESPOSTA.text}</arg>
</arguments>
<msg timestamp="20190922 21:39:31.315" level="INFO">{"ID":15,"Title":"Book 15","Description":"Luptatum gubergren aliquip no dignissim et et no justo. At rebum lorem nostrud gubergren sanctus lorem. Consetetur rebum aliquyam takimata dolores magna tempor consetetur in diam. Tempor vero erat consetetur facilisis sit takimata. Rebum eirmod in lorem magna dolores kasd erat eos labore ea duis gubergren augue ipsum ad labore feugiat. Elitr eos et dolore amet. Eleifend commodo iriure sit ipsum gubergren sadipscing invidunt invidunt sed. Ipsum kasd sed nostrud sanctus tempor et gubergren rebum accumsan dolor lobortis et molestie gubergren rebum. Ea amet feugiat voluptua et nonummy justo zzril in et ipsum eos et. Eos eos erat eros iusto accusam. Tempor tempor clita nobis dolore justo clita sadipscing eos facilisis sadipscing et sit. Erat sadipscing magna dolor dolor sea no vulputate ipsum adipiscing tempor sea. Magna ut sed accumsan voluptua veniam. Nonumy eleifend duo sadipscing ipsum facilisi sea odio et eos quis nostrud est takimata justo aliquyam luptatum ipsum est. Nulla praesent dolores.\r\n","PageCount":1500,"Excerpt":"Vero no aliquyam no dolore accusam nisl duo diam clita dolores. Eirmod consetetur euismod amet eirmod et erat at elitr. Et eros sanctus mazim. Amet option molestie dolore sed facer at eos lorem sed clita dolores. Ipsum gubergren feugiat clita est eos feugiat voluptua exerci nulla magna. Tempor eirmod vero eirmod dignissim et esse dolore sit odio eirmod clita molestie lorem ut consetetur. Rebum nonumy voluptua suscipit sit. Adipiscing facilisis sea est praesent rebum stet ut duo stet ex te nisl esse. Nibh vulputate sadipscing diam sit dolore in dolores dolore dolor eirmod ut et. Elitr amet et feugait luptatum te elit feugiat dolores tempor te tempor vel. Lorem labore quod option est in blandit consequat dolores sed sit diam diam gubergren option. Dolor aliquyam sed voluptua id ipsum vulputate ut ipsum erat lorem ut lobortis sanctus illum stet. Sanctus amet vero nibh nonumy rebum blandit stet. At ea ipsum quis. Accusam sed dolor nulla adipiscing nulla nam et.\r\nNo kasd vero dolore duo at aliquyam tincidunt et possim cum suscipit tempor exerci exerci amet. Stet vel sea consetetur et sea diam wisi sanctus eros dolor. Dolores stet nulla nonumy volutpat duo sed dolor justo rebum labore et esse et et dolores elit elitr. Sit eum sed eum vero lorem labore assum aliquam justo ea clita amet consectetuer accumsan. Nulla et ut diam quod.\r\nEst enim ut te liber est accusam sed eirmod magna in eum at elitr molestie tation. Dolore congue nonummy dolores. Ipsum labore adipiscing ipsum amet minim amet dolore molestie dolore esse adipiscing et voluptua vulputate erat dolor. Erat no sed nulla at dolor gubergren et. Molestie amet ipsum amet ipsum. Ipsum lorem duo kasd takimata ipsum sed dolore gubergren diam dolor elitr no est diam dolores dolore stet ea. Sea sea aliquam vero ipsum ea no aliquam euismod kasd dolore luptatum consectetuer ea. Doming et ut nonumy sadipscing labore voluptua tempor tempor lorem. Tation eirmod stet luptatum consetetur ipsum magna et vero. Te sadipscing stet mazim. Sed accusam autem duis erat at nonumy et amet nibh in magna accusam rebum magna. Velit et labore.\r\nUllamcorper stet ipsum vel qui clita tincidunt vulputate ut erat eos ea augue consetetur tincidunt esse accumsan et justo. Praesent vel tempor ipsum et sadipscing suscipit sadipscing eos at invidunt vero dolores consetetur ea no. Ipsum nulla rebum lorem rebum magna aliquip duo dolores no ipsum et et vero accusam et stet et. At autem eros kasd. Diam ad gubergren voluptua eos ea in dolor ea tation at kasd. Sea lorem ex lorem lorem. Sit justo invidunt in magna delenit dolor lorem accusam dignissim amet ipsum sed dolores elitr sea ut lorem dolore. Sit ipsum gubergren kasd placerat dolor eu magna esse justo sit est stet odio sed ut eu sed consequat. At kasd ad no ea sit ex consetetur dolor sit tempor dolor facilisis duo lorem erat. At ut sed invidunt sea lorem ipsum vero erat ut ex sed sea eum et takimata eu facilisis laoreet. Dolor dolor erat et invidunt duo sanctus magna amet voluptua consetetur dolores aliquyam vel aliquip lorem duo kasd accusam. Erat labore ex kasd. Ipsum tation dolor.\r\nEa elitr consequat sanctus sed dolor nonumy sit amet diam sadipscing nisl sea lorem diam invidunt gubergren. Elitr labore eirmod. Est iriure consetetur duo in duo et et gubergren praesent labore diam vulputate. Et quod eirmod elitr praesent vulputate gubergren magna ipsum sed voluptua duo et stet eum quod duis dolor. Amet nisl praesent erat et ex et erat labore aliquyam voluptua eirmod minim augue eirmod amet invidunt. Vel dolores dolores at sed tincidunt invidunt. Feugiat ut lorem elitr dolores sanctus est diam. Rebum eirmod rebum ea iusto. Veniam diam sit voluptua ipsum eu dignissim illum consectetuer. Ipsum voluptua aliquyam dolores et wisi vero et eum voluptua et feugait voluptua sed accusam sit velit esse. Stet et amet ipsum nam est lorem nonumy praesent ut dolore. Ut accusam ut vulputate aliquyam voluptua sadipscing. Ipsum aliquyam nonumy justo dolor sanctus dolores labore eos est ipsum nonumy magna eirmod magna invidunt dolor erat. Kasd dolore tempor at vero amet velit possim.\r\n","PublishDate":"2019-09-08T00:39:30.2667228+00:00"}</msg>
<status status="PASS" starttime="20190922 21:39:31.315" endtime="20190922 21:39:31.315"></status>
</kw>
<kw name="Set Test Variable" library="BuiltIn">
<doc>Makes a variable available everywhere within the scope of the current test.</doc>
<arguments>
<arg>${RESPOSTA}</arg>
</arguments>
<msg timestamp="20190922 21:39:31.330" level="INFO">${RESPOSTA} = &lt;Response [200]&gt;</msg>
<status status="PASS" starttime="20190922 21:39:31.315" endtime="20190922 21:39:31.330"></status>
</kw>
<status status="PASS" starttime="20190922 21:39:31.000" endtime="20190922 21:39:31.330"></status>
</kw>
<kw name="Conferir o status code" library="resourceAPI">
<arguments>
<arg>200</arg>
</arguments>
<kw name="Should Be Equal As Strings" library="BuiltIn">
<doc>Fails if objects are unequal after converting them to strings.</doc>
<arguments>
<arg>${RESPOSTA.status_code}</arg>
<arg>${STATUSCODE_DESEJADO}</arg>
</arguments>
<msg timestamp="20190922 21:39:31.330" level="INFO">Argument types are:
&lt;class 'int'&gt;
&lt;type 'unicode'&gt;</msg>
<status status="PASS" starttime="20190922 21:39:31.330" endtime="20190922 21:39:31.330"></status>
</kw>
<status status="PASS" starttime="20190922 21:39:31.330" endtime="20190922 21:39:31.330"></status>
</kw>
<kw name="Conferir o reason" library="resourceAPI">
<arguments>
<arg>OK</arg>
</arguments>
<kw name="Should Be Equal As Strings" library="BuiltIn">
<doc>Fails if objects are unequal after converting them to strings.</doc>
<arguments>
<arg>${RESPOSTA.reason}</arg>
<arg>${REASON_DESEJADO}</arg>
</arguments>
<status status="PASS" starttime="20190922 21:39:31.330" endtime="20190922 21:39:31.346"></status>
</kw>
<status status="PASS" starttime="20190922 21:39:31.330" endtime="20190922 21:39:31.346"></status>
</kw>
<kw name="Conferir se retorna todos os dados corretos do livro &quot;15&quot;" library="resourceAPI">
<kw name="Dictionary Should Contain Item" library="Collections">
<doc>An item of ``key`` / ``value`` must be found in a ``dictionary``.</doc>
<arguments>
<arg>${RESPOSTA.json()}</arg>
<arg>ID</arg>
<arg>${BOOK_15.ID}</arg>
</arguments>
<status status="PASS" starttime="20190922 21:39:31.346" endtime="20190922 21:39:31.346"></status>
</kw>
<kw name="Dictionary Should Contain Item" library="Collections">
<doc>An item of ``key`` / ``value`` must be found in a ``dictionary``.</doc>
<arguments>
<arg>${RESPOSTA.json()}</arg>
<arg>Title</arg>
<arg>${BOOK_15.Title}</arg>
</arguments>
<status status="PASS" starttime="20190922 21:39:31.346" endtime="20190922 21:39:31.362"></status>
</kw>
<kw name="Dictionary Should Contain Item" library="Collections">
<doc>An item of ``key`` / ``value`` must be found in a ``dictionary``.</doc>
<arguments>
<arg>${RESPOSTA.json()}</arg>
<arg>PageCount</arg>
<arg>${BOOK_15.PageCount}</arg>
</arguments>
<status status="PASS" starttime="20190922 21:39:31.362" endtime="20190922 21:39:31.362"></status>
</kw>
<kw name="Should Not Be Empty" library="BuiltIn">
<doc>Verifies that the given item is not empty.</doc>
<arguments>
<arg>${RESPOSTA.json()["Description"]}</arg>
</arguments>
<msg timestamp="20190922 21:39:31.362" level="INFO">Length is 1009</msg>
<status status="PASS" starttime="20190922 21:39:31.362" endtime="20190922 21:39:31.362"></status>
</kw>
<kw name="Should Not Be Empty" library="BuiltIn">
<doc>Verifies that the given item is not empty.</doc>
<arguments>
<arg>${RESPOSTA.json()["Excerpt"]}</arg>
</arguments>
<msg timestamp="20190922 21:39:31.362" level="INFO">Length is 4104</msg>
<status status="PASS" starttime="20190922 21:39:31.362" endtime="20190922 21:39:31.362"></status>
</kw>
<kw name="Should Not Be Empty" library="BuiltIn">
<doc>Verifies that the given item is not empty.</doc>
<arguments>
<arg>${RESPOSTA.json()["PublishDate"]}</arg>
</arguments>
<msg timestamp="20190922 21:39:31.377" level="INFO">Length is 33</msg>
<status status="PASS" starttime="20190922 21:39:31.362" endtime="20190922 21:39:31.377"></status>
</kw>
<status status="PASS" starttime="20190922 21:39:31.346" endtime="20190922 21:39:31.377"></status>
</kw>
<status status="PASS" starttime="20190922 21:39:30.993" endtime="20190922 21:39:31.377" critical="yes"></status>
</test>
<test id="s1-s1-s1-s1-s1-t3" name="Cadastrar um novo livro (POST)">
<kw name="Cadastrar um novo livro" library="resourceAPI">
<kw name="Create Dictionary" library="BuiltIn">
<doc>Creates and returns a dictionary based on the given ``items``.</doc>
<arguments>
<arg>content-type=aplication/json</arg>
</arguments>
<assign>
<var>${HEADERS}</var>
</assign>
<msg timestamp="20190922 21:39:31.393" level="INFO">${HEADERS} = {'content-type': 'aplication/json'}</msg>
<status status="PASS" starttime="20190922 21:39:31.393" endtime="20190922 21:39:31.393"></status>
</kw>
<kw name="Post Request" library="RequestsLibrary">
<doc>Send a POST request on the session object found using the
given `alias`</doc>
<arguments>
<arg>fakeAPI</arg>
<arg>Books</arg>
<arg>data={"ID":2130,"Title":"A volta dos que não foram","Description": "Livro","PageCount": 2400,"Excerpt": "True","PublishDate": "2019-06-11T01:16:57.510Z"}</arg>
<arg>headers=${HEADERS}</arg>
</arguments>
<assign>
<var>${RESPOSTA}</var>
</assign>
<msg timestamp="20190922 21:39:31.721" level="INFO">Post Request using : alias=fakeAPI, uri=Books, data=&lt;empty&gt;, headers={'content-type': 'aplication/json'}, files=None, allow_redirects=True </msg>
<msg timestamp="20190922 21:39:31.721" level="INFO">c:\python\lib\site-packages\urllib3\connectionpool.py:847: InsecureRequestWarning: Unverified HTTPS request is being made. Adding certificate verification is strongly advised. See: https://urllib3.readthedocs.io/en/latest/advanced-usage.html#ssl-warnings
  InsecureRequestWarning)</msg>
<msg timestamp="20190922 21:39:31.721" level="INFO">${RESPOSTA} = &lt;Response [415]&gt;</msg>
<status status="PASS" starttime="20190922 21:39:31.393" endtime="20190922 21:39:31.721"></status>
</kw>
<status status="PASS" starttime="20190922 21:39:31.393" endtime="20190922 21:39:31.736"></status>
</kw>
<status status="PASS" starttime="20190922 21:39:31.377" endtime="20190922 21:39:31.736" critical="yes"></status>
</test>
<doc>Documentação da API: https://fakerestapi.azurewebsites.net/swagger/ui/index#/Books</doc>
<status status="PASS" starttime="20190922 21:39:27.154" endtime="20190922 21:39:31.736"></status>
</suite>
<status status="PASS" starttime="20190922 21:39:27.134" endtime="20190922 21:39:31.768"></status>
</suite>
<status status="PASS" starttime="20190922 21:39:27.112" endtime="20190922 21:39:31.799"></status>
</suite>
<status status="PASS" starttime="20190922 21:39:27.099" endtime="20190922 21:39:31.830"></status>
</suite>
<status status="PASS" starttime="20190922 21:39:26.937" endtime="20190922 21:39:31.846"></status>
</suite>
<statistics>
<total>
<stat pass="3" fail="0">Critical Tests</stat>
<stat pass="3" fail="0">All Tests</stat>
</total>
<tag>
</tag>
<suite>
<stat pass="3" fail="0" id="s1" name="Robot">Robot</stat>
<stat pass="3" fail="0" id="s1-s1" name="APIS REST">Robot.APIS REST</stat>
<stat pass="3" fail="0" id="s1-s1-s1" name="Validando API's FAKE">Robot.APIS REST.Validando API's FAKE</stat>
<stat pass="3" fail="0" id="s1-s1-s1-s1" name="Src">Robot.APIS REST.Validando API's FAKE.Src</stat>
<stat pass="3" fail="0" id="s1-s1-s1-s1-s1" name="testesAPI">Robot.APIS REST.Validando API's FAKE.Src.testesAPI</stat>
</suite>
</statistics>
<errors>
</errors>
</robot>
