<?xml version="1.0" encoding="UTF-8"?>
<robot generator="Robot 3.1.1 (Python 3.7.2 on win32)" generated="20190922 21:31:47.644" rpa="false">
<suite id="s1" name="Robot" source="F:\Programação\Robot">
<suite id="s1-s1" name="APIS REST" source="F:\Programação\Robot\APIS REST">
<suite id="s1-s1-s1" name="Validando API's FAKE" source="F:\Programação\Robot\APIS REST\Validando API's FAKE">
<suite id="s1-s1-s1-s1" name="Src" source="F:\Programação\Robot\APIS REST\Validando API's FAKE\src">
<suite id="s1-s1-s1-s1-s1" name="testesAPI" source="F:\Programação\Robot\APIS REST\Validando API's FAKE\src\testesAPI.robot">
<kw name="Conectar a minha API" library="resourceAPI" type="setup">
<kw name="Create Session" library="RequestsLibrary">
<doc>Create Session: create a HTTP session to a server</doc>
<arguments>
<arg>fakeAPI</arg>
<arg>${URL_API}</arg>
</arguments>
<msg timestamp="20190922 21:31:48.206" level="INFO">Creating Session using : alias=fakeAPI, url=https://fakerestapi.azurewebsites.net/api/, headers={},                     cookies=None, auth=None, timeout=None, proxies=None, verify=False,                     debug=0 </msg>
<status status="PASS" starttime="20190922 21:31:48.206" endtime="20190922 21:31:48.206"></status>
</kw>
<status status="PASS" starttime="20190922 21:31:48.206" endtime="20190922 21:31:48.206"></status>
</kw>
<test id="s1-s1-s1-s1-s1-t1" name="Buscar a listagem de todos os livros (GET em todos os livros)">
<kw name="Requisitar todos os livros" library="resourceAPI">
<kw name="Get Request" library="RequestsLibrary">
<doc>Send a GET request on the session object found using the
given `alias`</doc>
<arguments>
<arg>fakeAPI</arg>
<arg>Books</arg>
</arguments>
<assign>
<var>${RESPOSTA}</var>
</assign>
<msg timestamp="20190922 21:31:50.737" level="INFO">Get Request using : alias=fakeAPI, uri=Books, headers=None json=None</msg>
<msg timestamp="20190922 21:31:50.737" level="INFO">c:\python\lib\site-packages\urllib3\connectionpool.py:847: InsecureRequestWarning: Unverified HTTPS request is being made. Adding certificate verification is strongly advised. See: https://urllib3.readthedocs.io/en/latest/advanced-usage.html#ssl-warnings
  InsecureRequestWarning)</msg>
<msg timestamp="20190922 21:31:50.737" level="INFO">${RESPOSTA} = &lt;Response [200]&gt;</msg>
<status status="PASS" starttime="20190922 21:31:48.206" endtime="20190922 21:31:50.737"></status>
</kw>
<kw name="Log" library="BuiltIn">
<doc>Logs the given message with the given level.</doc>
<arguments>
<arg>${RESPOSTA.text}</arg>
</arguments>
<msg timestamp="20190922 21:31:50.737" level="INFO">[{"ID":1,"Title":"Book 1","Description":"Suscipit sed et eirmod option labore et nulla accusam. Amet erat nulla. Ut elitr stet nonumy amet clita lobortis at volutpat kasd dolor ipsum aliquam ipsum accumsan tation iriure erat amet. Lorem et ipsum veniam ut kasd commodo clita feugiat invidunt rebum et consetetur sanctus takimata aliquyam clita. Lorem facilisis stet ipsum dolore kasd rebum dolore illum dolor lorem feugiat tation facilisi labore adipiscing sanctus. Amet et eirmod molestie sed. Ea adipiscing ipsum minim ipsum feugiat consetetur lorem. Lorem aliquam vulputate lorem takimata et tempor invidunt volutpat sit clita clita dolor consequat sanctus lorem erat. Amet kasd amet diam sit dolor nonumy aliquip lorem.\r\n","PageCount":100,"Excerpt":"Dolore duo iriure rebum velit no. Minim consequat commodo suscipit. Magna dignissim eirmod consequat iriure erat labore et ad et dolor exerci sadipscing sit no. Feugait tincidunt vero et vero vel illum nulla hendrerit volutpat aliquyam aliquyam et dolor ipsum accusam amet. Rebum et sit sea.\r\nEa facilisi voluptua. Odio aliquyam accusam ut dolore vel. Sanctus vero et. Magna accusam euismod kasd dolor nonumy at lorem kasd ut voluptua eu accusam tempor nonumy eros. Et sed facilisi molestie rebum nonumy iusto ullamcorper. Consetetur liber vero magna elitr dolor clita qui et amet praesent eros dolore consetetur. Ipsum clita dolore nonummy ipsum ea commodo minim et est et praesent vel illum amet magna et. Amet consetetur sea erat rebum dolore erat justo dignissim. Sanctus no vero ut imperdiet et eos ipsum diam diam dolore illum enim sadipscing dolor voluptua dolor magna tempor.\r\nJusto iriure et. Adipiscing erat est eos aliquyam commodo erat rebum vel takimata rebum et. Est at accusam ad diam sit aliquyam in vel ea aliquyam aliquam stet autem aliquip vel et accusam.\r\nEirmod kasd in facilisis accusam. Sadipscing et duo. Dignissim nonumy aliquyam no voluptua stet amet duo sed ipsum sed sadipscing tempor ea dolor in facilisis justo dolore. Et ut amet at sit tempor soluta amet. Aliquyam laoreet veniam clita vero sed takimata. Blandit nisl nonumy ipsum iusto. Lorem rebum consetetur vero accumsan magna sit facer tincidunt erat. Praesent vel justo vero stet dolore gubergren assum iusto kasd amet. Facilisi feugiat ullamcorper vulputate dolor sea magna facilisi feugait zzril eos justo tation. Nisl diam rebum labore no dolor sadipscing eum gubergren. Duo aliquip est nonumy clita amet ut ut est. Magna rebum justo clita quod sed sed rebum rebum dolores et ipsum delenit. Ipsum dolore vero eirmod accusam dolor. Kasd duo stet blandit ea sit sed aliquyam diam zzril lorem no est. Nonumy no invidunt diam eros dolor erat magna sadipscing dolor rebum ipsum duo quis elit no sit et.\r\nFeugait sit diam. Takimata amet invidunt duo tempor stet nibh. Nulla consectetuer voluptua eos lorem magna te hendrerit. Aliquyam et dolor aliquip ut ipsum magna elit dolores ut facer. Gubergren elit sadipscing molestie sadipscing eleifend feugiat duo kasd sadipscing est. Et amet ad duo facilisi velit. Ut labore esse eu esse ipsum vero hendrerit tation sanctus.\r\n","PublishDate":"2019-09-22T00:31:48.5364526+00:00"},{"ID":2,"Title":"Book 2","Description":"Vel invidunt tempor gubergren sanctus et lorem vel magna sed diam veniam invidunt et nulla stet et erat zzril. Sit tempor dolores tempor dolore sit iusto ipsum justo vero sanctus clita sed eos nonumy labore lorem. Veniam sit eirmod sit blandit id sed vero consetetur duo at dolor liber eirmod sea sadipscing sea. Justo dolore clita sanctus erat est euismod takimata et sed ut. Dolore amet voluptua accusam kasd lorem eos dolores ipsum dolor gubergren takimata diam est. Voluptua tempor dolores. Autem et vulputate ea lorem et est accusam dolore esse dolore erat sit. Dolor ut aliquyam cum sit sed no et ut sit duis suscipit lobortis lorem vero. Amet lorem sanctus aliquam invidunt magna facilisis aliquyam est dolore velit sed. Duis nulla justo sadipscing soluta sadipscing justo sadipscing vulputate amet justo aliquyam augue takimata euismod eirmod eum diam. Dolor justo justo takimata magna duis tempor adipiscing diam sit stet diam diam ea erat aliquyam et. Magna sit est ut assum feugait dolor ut. Elitr eos vel tation gubergren amet luptatum et ipsum vero amet. Amet et consetetur diam. Sadipscing labore et ipsum. Consetetur accusam te ea ut invidunt iriure magna delenit est ipsum justo.\r\n","PageCount":200,"Excerpt":"Vel no ipsum sed. Cum takimata sanctus odio est option vel diam dolore dolor ea. Ipsum amet takimata delenit facilisis ea amet diam. Eirmod vero at amet exerci dolor accusam. Consetetur soluta sed elitr in iriure sed nonumy blandit est labore duis feugait no. Delenit lorem amet vero eirmod erat accusam consetetur nulla clita duis feugiat amet amet ut magna. Duis no hendrerit elitr at feugait minim labore aliquyam at et gubergren. Erat tempor erat sit erat in rebum eos. Et eirmod no et. Aliquyam rebum minim diam diam ullamcorper aliquyam sit lorem eirmod erat nonumy eu consequat nulla elitr est. Labore rebum et ullamcorper sit sit wisi amet amet. Eu esse commodo et nulla duis consequat et dolore nihil nonummy duo delenit sed eirmod te. Diam erat augue eu nostrud et diam no ipsum dolor. Sit minim et diam accumsan illum ipsum kasd consequat aliquyam illum et duo. Sanctus voluptua invidunt dolores eirmod est laoreet voluptua vero euismod molestie eirmod eu sed lobortis sit. Vero et amet vero ut dolor tempor in erat dolor voluptua nonumy clita diam ea elit consetetur lorem. Lorem hendrerit accusam sadipscing et invidunt elitr. Tation dolore tempor clita laoreet no.\r\nJusto eos rebum justo at amet sed ipsum feugiat doming accusam amet dolor eos. Eirmod tempor lorem elitr et ipsum vero erat. Dolor consequat ipsum eos sadipscing eu et commodo diam accusam amet sea et ut dolore lorem et consectetuer eu. Elit consequat sea duo amet ipsum at iusto gubergren vulputate lorem sit sadipscing voluptua. Eum dolor ea nostrud sit vero et magna voluptua sed ipsum elitr dolor dolores nonumy sit. In eos eos amet ipsum autem sanctus amet takimata amet dolore ex amet. Enim lorem stet invidunt. Sit voluptua sit dolore voluptua eos magna. Dolore takimata takimata stet erat dolor duo diam accusam erat sanctus takimata lobortis sea delenit takimata vero laoreet. Voluptua sea esse nisl nonumy ipsum dolore amet voluptua diam ut imperdiet voluptua et ullamcorper adipiscing. Sit nihil invidunt iusto. Feugiat vel praesent voluptua aliquyam amet consetetur nulla stet sea ut dolore sanctus amet eirmod duo ea eos elitr. Tincidunt ipsum clita at eu. Consetetur at laoreet takimata te dolor velit consetetur veniam rebum nonumy diam ea tempor sit delenit. Dolore clita kasd ea aliquyam clita possim ea accumsan. Eos eos et dolore eum sit sit sanctus consequat lorem sanctus dolore ea ipsum amet et quod nonumy. Aliquam sanctus sit stet amet facilisis diam duo option. Eu invidunt placerat accusam dolor augue hendrerit aliquyam ipsum delenit amet et autem et ullamcorper velit aliquam sit aliquyam.\r\nDiam consetetur sed sit eirmod voluptua sed zzril magna. Erat magna sed et justo consequat. Et soluta sanctus justo sit delenit eirmod ut elitr magna et dolor gubergren adipiscing eirmod no labore. At rebum et takimata amet erat ea iriure justo accusam sea sed eos sanctus takimata elitr diam. Vel consetetur diam sed vero consectetuer amet consetetur eirmod. Gubergren clita sed eos takimata sit sadipscing et takimata magna et. Est sit amet et sadipscing ut no luptatum diam amet. Sea mazim facer ut ea nonumy nisl clita facilisi at magna. Facilisi magna invidunt labore nisl stet eirmod molestie aliquyam iriure vero diam diam illum tation hendrerit. Invidunt diam at accumsan iusto autem option esse lorem imperdiet aliquyam eos justo no invidunt accumsan eleifend nonumy invidunt. Vel et ex ipsum invidunt tincidunt wisi erat luptatum clita feugiat aliquip gubergren dolor accusam ut volutpat vel justo. Suscipit duis iusto ut takimata clita kasd odio tempor et facilisi amet erat. Takimata molestie odio in tation amet labore magna vel.\r\nVel duis dolor accusam dolor eirmod. Et est dolore invidunt delenit dolor amet diam dolore consetetur diam illum laoreet lorem aliquyam consetetur sadipscing sanctus. Consetetur tempor vero gubergren vero rebum labore cum nonumy dolores. Labore consequat sed aliquip et amet rebum justo consequat ipsum sit gubergren rebum diam. Invidunt dolores duis et dolor sadipscing et assum consetetur justo amet nonumy dolor.\r\nElit illum sanctus tation euismod gubergren. Et sed congue dolor lorem dignissim erat lorem ipsum kasd. Takimata sed praesent takimata duis et amet ut et labore dolore magna sed dolores amet sanctus aliquip aliquyam.\r\n","PublishDate":"2019-09-21T00:31:48.5364526+00:00"},{"ID":3,"Title":"Book 3","Description":"Elit takimata nihil no justo ipsum et possim stet. Amet ipsum ut sit diam consetetur magna eros nonumy laoreet nam eum at aliquam. Minim et aliquyam laoreet veniam mazim ipsum aliquyam. Adipiscing enim amet diam nisl sadipscing consetetur aliquyam sanctus takimata diam. Imperdiet et diam. Te sed takimata labore justo tempor nibh at in lorem et elitr dolores duis dolores. Ut lorem consectetuer elitr at elitr et amet vel diam sit et dolor aliquam et eirmod. Amet et wisi vel erat velit autem tempor at diam duo consetetur dolor stet takimata sed illum amet. Erat blandit diam dolores sea clita eirmod elitr duo at sed duo ut stet tempor amet. Stet feugiat nonumy stet eirmod lorem. Erat ipsum aliquam consetetur dolor nonummy erat dolore eirmod et justo justo iusto ipsum sea.\r\n","PageCount":300,"Excerpt":"Dolor diam stet dolor facilisis et magna ea augue sed lorem sanctus gubergren duo. Et diam nam est tation sadipscing amet erat amet aliquyam magna clita. Consequat erat tation stet sea ut tempor gubergren sea vero. Justo assum aliquyam dolor nisl voluptua elitr diam laoreet takimata invidunt. Delenit ipsum no ea duis vero duo praesent sed est sanctus. Dolor dolor sed eos stet magna magna elitr et sanctus ut et stet vero duo. Esse lorem ut. Duis imperdiet sit feugiat ipsum sit iusto lobortis nonumy et duo consequat et dolores praesent dolores labore. Consectetuer sed tempor iriure ut exerci et.\r\nEirmod vero dolore amet facilisis dolor clita feugiat eirmod in illum et stet nonummy et invidunt sed labore. Eirmod et gubergren ut ut sadipscing possim et. Et kasd liber kasd kasd lorem elit dolore hendrerit dolore vero diam dolor accusam at duis. Erat justo rebum et diam amet tempor eu. Sanctus sed eos sit sit.\r\nTempor vero imperdiet labore stet labore ipsum sadipscing dolores eum at ea dolores elitr voluptua. Esse lorem eu et ipsum gubergren gubergren et justo imperdiet sit iriure accusam voluptua rebum. Labore eos gubergren nulla dolores duis labore sea odio. Sanctus ut esse et lorem nulla minim feugiat et ipsum tempor justo sea dolore ut aliquyam amet et diam. Eos et aliquyam ipsum magna amet ea ad ea kasd duis euismod volutpat. Lorem et magna. Eos assum diam vero elitr dolores voluptua rebum eum amet sadipscing invidunt erat suscipit magna. Dolor ea est velit sed lorem kasd ipsum volutpat vero commodo dolore accusam nonumy at gubergren. Stet kasd ullamcorper nihil lorem elit rebum vulputate dolores congue magna et sed dolore. Vel clita labore est accusam stet et diam diam sed dolore duo consequat minim vero esse hendrerit et. In magna mazim wisi lorem et sed amet. Vero sit sadipscing nonumy sed vero ut dolor amet volutpat et justo ea labore. Illum no aliquyam amet at diam rebum lobortis vulputate vero at diam dolor consequat. Nonumy eu blandit vel lorem. Ipsum clita voluptua dolor rebum te sed et amet justo te rebum dolor lorem diam ut wisi. Et sea takimata ipsum ea. Duis eirmod amet nostrud nonummy sanctus clita sit magna. Lorem eos lorem lorem elit commodo et adipiscing erat ut rebum delenit magna amet consetetur lorem stet.\r\nVero nulla consequat lorem voluptua sit magna diam duis sea dolore. No et lorem blandit duo magna dolores sea et diam et. Nonumy tempor vel dolor dolor veniam eros lorem liber ipsum diam dolor elit. Sed magna amet et elitr sea dolor eirmod velit luptatum. Duo vero vero zzril at tincidunt sea ut elitr. Eos lorem lobortis erat labore wisi ea kasd diam erat eros ut option ipsum ut takimata dolores amet eirmod. Sea et et.\r\nIpsum lorem dolore magna amet erat suscipit. Minim tincidunt sed amet sadipscing takimata velit dolor voluptua labore dolor ipsum. Stet ipsum nulla dolores amet clita volutpat sit dolores sanctus tempor esse consequat dolore ipsum labore. Consetetur lorem accusam feugiat tempor ipsum et. At lobortis quod invidunt dolore dolore ipsum accusam consectetuer vulputate dolor eirmod autem amet velit ut aliquyam dolor duo. Eu no et no no eu nonumy dolor sed esse. Lorem est lorem tempor est diam gubergren ut sea takimata rebum sit et dolor vel dolore amet vel. Ipsum kasd magna labore soluta lorem et labore voluptua dolore clita doming sadipscing no duis. Labore clita delenit nonummy nulla et accumsan kasd labore ea sea sit stet stet duis consetetur nonumy vero. Sed vero et dolor accusam sea elitr ea et amet clita. Sadipscing tation amet vel velit ea sit dolore amet sit accusam amet lorem dolor ea. No voluptua duo takimata sit ea et eos stet nostrud elitr vero zzril ipsum gubergren ea voluptua vero luptatum. Sit consequat takimata erat molestie et rebum amet ipsum accusam duo lorem sadipscing accusam. Takimata sed lorem molestie takimata feugait sadipscing esse aliquyam laoreet ad kasd nibh. Sanctus nostrud at vulputate sea voluptua magna duo nonumy lorem erat lorem accusam lorem. Voluptua kasd aliquyam dolor ea ipsum stet eleifend diam sea autem ipsum ipsum at at vero est. Commodo dolor voluptua exerci. Invidunt eum placerat sanctus dolore ipsum eirmod lorem. Et elitr ipsum clita eirmod dolores clita.\r\n","PublishDate":"2019-09-20T00:31:48.5364526+00:00"},{"ID":4,"Title":"Book 4","Description":"Stet ut dolore diam sanctus et vero diam stet. Ea aliquyam sanctus amet consectetuer ipsum amet ipsum in dolor nulla ipsum consequat. Voluptua aliquyam dolore vero rebum. Eirmod id et sanctus no magna. Ut sea accumsan zzril elitr et vero. Duo dolore mazim tempor sadipscing lorem duo dignissim ad vero elit lorem sed ex voluptua sadipscing consequat dolor esse. Nonumy stet consetetur suscipit stet kasd velit ullamcorper et dolore esse dolore clita dolores. At et liber et ut justo diam stet nonumy delenit accumsan delenit. Dolore zzril amet ullamcorper et luptatum ad est sea tempor sed eos consectetuer nulla invidunt magna. No invidunt amet vero autem kasd amet et dolore sanctus option labore. Sed sanctus erat sed. Diam et sed liber magna ut eos liber. Ea et et quis lorem amet ut liber eirmod in ipsum ipsum tempor est stet tempor consetetur duo. Ipsum sit justo dolor no amet erat ipsum at et est voluptua dolor sadipscing rebum delenit.\r\n","PageCount":400,"Excerpt":"Amet doming labore lorem lorem duo elitr vero sea eu sed illum justo accusam duo sit dolore amet imperdiet. Sed et lobortis ipsum erat labore consequat. Dolor sed vulputate et sanctus at ipsum facer accusam et voluptua sit no dolore. Dolor clita diam lorem labore no amet in rebum dolor amet ut. Elitr feugiat nulla invidunt cum ea accusam lorem diam molestie sadipscing amet in autem ea tempor at gubergren. Sadipscing eirmod blandit et possim magna congue lorem ipsum erat. Nonumy sanctus vulputate sed commodo velit dolor accumsan et. Ea clita ullamcorper amet sit ut sanctus feugiat. Esse nonumy at stet takimata accusam sea ea. Est est aliquyam justo congue erat eu tempor dolor dolor dolor gubergren veniam erat duis justo clita.\r\nDolor mazim et clita nisl dolor aliquyam amet autem aliquip et tation sed dolore diam aliquam erat consequat. Rebum elitr amet gubergren eirmod ea illum vero vero nonumy stet sit sit. Kasd diam nulla commodo blandit.\r\nWisi magna amet dolor sanctus diam sanctus accusam kasd. Labore est esse. Amet sit consequat molestie est et diam est eos labore tempor justo lobortis no elitr nulla duo. At no aliquyam consetetur sit sed consequat voluptua in esse eu. Ipsum amet gubergren tincidunt ea ea dolor duo dolore dolor sea at erat. Ea tempor dolores dolor sed. Magna nonumy elit ut sed et amet in et. Sanctus nonumy elitr sed liber elitr no erat minim iriure doming consectetuer stet sea amet invidunt. Ut voluptua ipsum sea eum gubergren. Sed exerci consequat.\r\nVulputate ea tincidunt justo ipsum vero duo est eros. Takimata sed eirmod lobortis nobis no stet diam eos diam tation rebum dolore magna. Stet ut commodo stet duis dolor no velit ipsum molestie. Accusam sit gubergren sit erat magna labore nonumy et justo. Sea no accusam dolor diam sea rebum. At labore feugait. Ea in dolor elitr diam et. Esse eos eu. Eirmod clita dolores et in euismod zzril elitr kasd elit eleifend diam velit dolor duo labore ut autem sea. Commodo sit ipsum amet consetetur erat. Sed laoreet et amet. Diam nonumy labore vel erat. Et et erat sed dolor dolores duo aliquam lorem qui no lorem ex consetetur amet et facer. Id et clita exerci est sea esse. Duo blandit dolore et lobortis et tempor.\r\nErat sit nam lorem justo iriure vero nulla. Ipsum sed facer et eos nulla gubergren no voluptua takimata diam sit tincidunt accusam. Sea ad zzril eos gubergren kasd diam no nonumy in suscipit assum. Amet at sed. Sit esse sea. Labore dolor est eirmod volutpat congue takimata nihil et. Ut aliquyam et sed dolor ea sit vel diam accusam imperdiet. Consequat diam accusam eirmod autem sit erat diam labore nonumy dolor magna eos. Gubergren volutpat amet magna lorem luptatum est stet dolore sea sit lorem takimata stet. Consequat no accusam. Et diam at dolores labore et sanctus blandit duis tempor molestie consequat dolore et et est lorem sed. Amet sit dolor. Amet clita vel nibh at et ipsum sit. Eos illum sea.\r\n","PublishDate":"2019-09-19T00:31:48.5364526+00:00"},{"ID":5,"Title":"Book 5","Description":"Cum eleifend zzril consequat et dolore aliquip ut facer sit. Diam sea nisl amet stet esse. Assum consetetur duis eirmod consequat accusam erat ut no nibh suscipit rebum nobis voluptua sea eos. Et lorem diam augue volutpat et dolor. Dolor at eirmod elitr vel sit et labore ut esse quis et lorem erat. Duo autem dolor erat kasd diam dolore euismod dolore lorem voluptua. Sed lorem laoreet dolores clita et dolor nonumy aliquyam. Amet amet euismod esse stet invidunt ullamcorper aliquyam nisl rebum diam lorem est lorem dolor ipsum.\r\n","PageCount":500,"Excerpt":"Rebum dolore lorem. Et et duo lorem consetetur. Praesent ea dolor nonumy lorem consetetur eirmod. Odio sed ea dolor et dolor autem dolore lorem dolor in eos illum no labore et vero rebum erat. Tincidunt gubergren et sea sed consequat sit et stet ipsum dolore imperdiet. Amet sit amet lorem dolores gubergren dolor diam. Dolores sea gubergren facer invidunt nulla dolore duo ea invidunt feugait aliquyam. Clita et sanctus takimata et accumsan dolor duo dolor est ipsum. Vero ut eirmod labore sea lorem erat. Et sadipscing clita ipsum aliquam illum dolor consetetur duis et eos ipsum delenit. Eirmod at consetetur gubergren nulla ea praesent. Ea lorem augue. Eum dolores gubergren labore sed dolore. Feugiat ut ea sea.\r\nInvidunt ut dolor est dolor consequat erat aliquyam nulla ipsum sit diam sed stet. Amet voluptua sed ut justo et ipsum. Labore sed elitr sed eos dolores diam esse. Invidunt tempor esse erat et ut dolor dolor nisl eu sit dolor vel kasd quod duo et dolor sed.\r\nTation dolore dolore dolore rebum exerci gubergren no est stet eirmod amet aliquyam diam gubergren. Aliquam delenit diam ea tempor ea sed amet. Clita duo duo sanctus takimata ipsum dolores illum duis ipsum nonumy est. Diam dolor velit. Dolore duo dolor stet ipsum takimata sed diam veniam sit ea et no mazim in. Et consetetur dolor kasd ipsum consequat euismod tempor amet dolore nonumy ut invidunt assum vulputate. Dolor nulla praesent eos est dolor dolore kasd vel nonumy sed. Magna takimata lobortis est zzril nostrud no vel dolor voluptua sea illum at kasd amet takimata dolores diam sed. Veniam dolor sed nam diam justo nostrud vel consetetur consequat et facilisi et ut aliquyam elit at labore. Amet aliquyam elitr ut stet ea dolore lorem sadipscing dolor exerci consetetur nulla est ipsum exerci aliquyam sanctus. Et dolor lorem sed. Et aliquam cum et et dolor rebum magna et invidunt aliquyam facilisis. Dolores et sed sea et wisi mazim enim diam dolore molestie. Duo takimata dolor sed justo sadipscing amet sed facer stet dolor kasd praesent. Dolore eirmod elit consetetur iusto ut vero nonumy clita. Takimata takimata gubergren ut sed lorem sadipscing consequat. Et lorem dolore.\r\nRebum sadipscing ipsum dolore sed aliquyam nonumy no takimata dignissim sadipscing lobortis tempor amet kasd stet kasd sed. Zzril est kasd et elitr placerat dolor consetetur amet amet nobis ut accusam at. Eu quis est elitr clita dolore ipsum minim dolore sed nostrud aliquip. Dolore at odio est tempor duo et et lorem. Quis exerci diam erat. Justo facilisi ipsum aliquam aliquyam tincidunt molestie ut. Duo dolores magna eu in erat sadipscing dolor tempor ut amet. Elitr eum lorem et no dolor facilisis qui. Praesent labore eu gubergren consetetur voluptua odio invidunt et vero vel no rebum tempor.\r\nEt sed vero dolores sea odio sadipscing in. Diam sit est. Esse labore sea clita amet dolor et consequat facilisi dolore lorem sanctus zzril et kasd lorem. Erat feugait feugiat amet elitr tempor. Dolor est aliquyam hendrerit sit erat dolores aliquyam luptatum dignissim tempor diam.\r\n","PublishDate":"2019-09-18T00:31:48.5364526+00:00"},{"ID":6,"Title":"Book 6","Description":"Duo ut laoreet amet te at lorem sed quis et dolore vero dolore magna suscipit id molestie. Commodo accumsan gubergren eos et et labore erat volutpat suscipit velit. Sadipscing lorem sadipscing. Sea magna est lorem et erat lorem at dolor. Gubergren kasd dolor ea in. Invidunt nostrud kasd amet tempor amet stet ipsum dolores lorem takimata nulla nonumy wisi dolore eum labore. Possim magna esse vel aliquyam justo at molestie aliquyam et.\r\n","PageCount":600,"Excerpt":"Dolore dolore ea. No et sadipscing consetetur lorem et voluptua sea magna dolores et ipsum. Ipsum sanctus dolore voluptua sit nulla sed dolor aliquam eu elitr nulla praesent. Veniam et consetetur. Feugait zzril vero. Amet justo vero ea takimata est feugiat ex. Rebum nonumy tempor.\r\nWisi dolor aliquyam ut tempor ipsum no et sit dolor magna sit sit tempor. Lorem duis accusam voluptua eros facilisi stet dolor tempor sed eos lorem ea ut sed justo magna amet diam. Ipsum tempor elitr erat nibh erat kasd duo. Dolores sanctus no gubergren luptatum rebum consectetuer dolores consetetur ut aliquip dolor. At clita dolor sadipscing eum sanctus eos eu justo duo sed lorem nonumy kasd est dolore duo.\r\nSit enim justo dolores. Consetetur gubergren praesent. Sit eirmod at wisi odio ipsum consetetur aliquyam magna consectetuer eirmod est consetetur laoreet ipsum eirmod. Eum diam molestie ea at at erat accumsan dolore vel sea gubergren vel amet voluptua nonumy diam aliquyam erat. Sea imperdiet erat sit sed facilisis ut dolor diam dolor nonumy et dolor. Ut nonumy ea iriure. Dolor sit gubergren dolor elitr ut lorem erat sed eum dolores. Gubergren consequat adipiscing gubergren sit no amet et eum nonumy ullamcorper illum. Vero eirmod dolore dolor ipsum clita vero sit lorem labore sed dolore. Facilisis sit accusam clita eirmod consetetur vero accusam erat. Et tempor et magna sit in delenit takimata sea diam nostrud dolor consequat accusam. Rebum gubergren in. At commodo dolor eum et sit ipsum lobortis ut consectetuer. Id vel iriure cum ut ea invidunt diam.\r\nIpsum doming accusam et diam at tempor lorem erat takimata nisl ea. Aliquam consectetuer rebum sea sit vel consetetur labore aliquyam odio nonummy consequat vero ullamcorper consetetur. Ut nulla accusam dolore lorem volutpat sanctus aliquyam et et sadipscing et. Facer consetetur gubergren aliquyam no sea dolores commodo. Diam vero invidunt consequat ullamcorper nonumy nostrud diam lorem sit sadipscing sadipscing iriure lorem dolore duo sed ipsum. Labore et adipiscing est amet ipsum exerci diam dolore. Amet ipsum diam eos kasd lorem minim facilisis qui kasd sit. Invidunt magna tincidunt eos sit consetetur stet kasd aliquyam ipsum sanctus voluptua praesent sed. Et sed lorem dolor clita tempor justo luptatum justo et dignissim ut clita et tempor eros.\r\nAt eu ex aliquyam accusam dolor delenit vel et ipsum invidunt sadipscing lorem diam. Sit accusam ullamcorper et sea aliquyam ipsum amet lorem invidunt takimata tation te nobis sed amet. Rebum elitr est in liber et tempor ipsum nam commodo.\r\n","PublishDate":"2019-09-17T00:31:48.5364526+00:00"},{"ID":7,"Title":"Book 7","Description":"Ipsum aliquyam sit aliquyam ea sit option ipsum sanctus labore at consetetur kasd diam quis ipsum gubergren. Magna labore eu dolor erat. Justo doming vulputate rebum et. Stet diam takimata dolor dolor voluptua elit no nonummy duo gubergren rebum et. Duo dolore clita. Eum iusto ut amet praesent kasd qui aliquip vel molestie clita vulputate no dolor iriure. Dolor labore diam aliquyam diam elitr. Dolor vero stet eum kasd vel. Sadipscing nonumy labore tation invidunt delenit blandit blandit elitr quis dolores erat magna dolor ipsum. Sadipscing at ipsum luptatum labore wisi sadipscing dolore rebum nonumy lorem nostrud minim qui duo et. Ullamcorper in et lorem stet amet dolor amet dolor voluptua lobortis diam duo et odio diam magna velit enim. Et magna consetetur eum ut mazim dolor. Sadipscing takimata ut te consetetur ex. Accumsan dolor eos accusam tation esse ut accusam nulla nisl sit dolor dolores labore eu adipiscing ea clita nulla. At dolor gubergren et at ipsum nonumy sanctus takimata accusam stet amet diam takimata dolore nulla no.\r\n","PageCount":700,"Excerpt":"Voluptua duo sadipscing consequat sea justo sit rebum te facilisis quod no no stet lorem lobortis nulla accusam magna. Suscipit ex tation zzril est facer ipsum sadipscing nostrud dolor dolores laoreet ea rebum praesent dolores. Sed lorem ipsum amet eirmod nihil amet feugiat stet laoreet amet eirmod ut magna no ipsum eos. Dolor nulla diam ea odio odio soluta invidunt exerci at et sadipscing dolor. Adipiscing euismod ipsum et sed sed et dolor. Duo elitr justo et est invidunt dolor takimata et sed amet eos no. Rebum clita amet vel ipsum nonumy volutpat te et. Duis at euismod vulputate tempor minim doming sit facilisi sed gubergren vero amet.\r\nLorem clita et sit dolor invidunt nulla. Dolor illum erat delenit magna laoreet rebum dolore nibh nonumy exerci dignissim. Nulla nisl odio laoreet ea ipsum sit ea clita diam ullamcorper sanctus ut. Voluptua augue accumsan duo. Magna ipsum in takimata sed dolor ea sadipscing elitr amet labore ut at justo eos tempor vero. Gubergren liber tempor commodo nisl vulputate nibh dignissim exerci sit iusto tempor et duo accusam laoreet esse sit. Consequat aliquyam in lorem et. Eirmod sanctus est illum aliquip molestie elit dolore autem congue illum tempor. Ea dolor sit accusam sea justo et est elitr et delenit. Diam ut amet vero justo sit liber vel sed dolor consequat. Accusam lorem sadipscing sadipscing labore possim eirmod et vel est dolore. Aliquyam no lorem duis justo. Clita clita at stet eos sit dolor augue dolore ipsum voluptua. Kasd stet laoreet accusam sit cum diam at possim erat kasd diam invidunt kasd lorem. Lobortis sadipscing dolor sanctus consetetur nam sanctus dolores. Sea aliquyam dolor amet erat gubergren takimata dolor kasd sadipscing justo lorem volutpat no amet iusto sed stet. Dolores molestie diam adipiscing sit dolore sadipscing eirmod dolor et rebum.\r\nEirmod iusto elitr magna cum enim dolores duis est consetetur id praesent labore ea tempor dolore et dolor ipsum. Zzril sit dolore magna duo autem hendrerit feugiat et. Diam sit tempor stet diam gubergren dolores clita justo sed sit dolor sed accusam consequat stet stet accusam diam. Est consequat exerci magna gubergren eirmod vero clita aliquyam no diam takimata. Duis sit autem facilisis accusam eirmod diam dolore labore duo.\r\nEnim hendrerit tempor et lorem et accusam eirmod praesent labore. Lorem vulputate laoreet nonumy volutpat vulputate takimata gubergren aliquip nisl voluptua iriure diam ipsum dolor. Blandit erat vulputate nam diam magna wisi hendrerit eu aliquyam amet labore te et invidunt et sit. Sed lorem duo. Euismod diam gubergren eos erat diam et feugait eirmod stet ipsum elitr ipsum no. Exerci et nonumy. Iriure takimata est dolor eos labore magna accusam ipsum aliquyam ipsum hendrerit consequat lorem eirmod laoreet rebum sit. Ut dolor molestie. Dolore et dolore velit dolores diam amet et et nonumy autem aliquam sea ut nobis lorem diam volutpat vulputate. Commodo sanctus assum et ipsum. Ut adipiscing wisi no iusto sit et et. Voluptua sed autem rebum amet sea takimata sed eirmod zzril duo aliquyam ipsum stet vero. Duo et dolore id sanctus rebum.\r\nDolor nonumy vel voluptua. Et accusam diam at sed vulputate duis at ipsum elitr consequat sed sed dolores vero erat vulputate dolores wisi. Ut qui accusam blandit. Sanctus consectetuer dolor dolor stet sanctus voluptua magna dolores accusam. Ullamcorper et dolore eos magna dolores luptatum labore erat ipsum sed sed lorem amet rebum. Stet vulputate diam dolor sit ullamcorper esse sit sadipscing. Diam diam tempor ullamcorper gubergren clita stet nulla no. Sanctus doming sea sit lorem et et est nihil cum minim ea ipsum dolor rebum. Diam at gubergren sit dignissim amet aliquyam ea nonumy te rebum. Sadipscing et et et placerat praesent amet invidunt nibh. Consetetur nulla invidunt erat tempor lobortis tempor stet sed ea sadipscing minim accusam tation consequat no imperdiet gubergren minim. Clita kasd in dolore amet ea vulputate est vero option ipsum kasd et ea. Ipsum rebum sea sea sed clita diam qui sed eirmod duis sit vero tempor. Accusam nonumy liber invidunt rebum consequat nonumy ipsum. In et et eirmod gubergren ex magna dolor facilisi voluptua ullamcorper consetetur nonumy. Sea rebum ut elitr stet wisi dolor et gubergren duo sed.\r\n","PublishDate":"2019-09-16T00:31:48.5364526+00:00"},{"ID":8,"Title":"Book 8","Description":"Vero ea sit minim takimata clita eos dolore tempor sit et no aliquyam sit. Esse dolor ea dolor dolore sanctus dolor. Erat eos voluptua dolor labore odio consetetur congue kasd magna lorem takimata. Lorem diam magna et et et et dolores dolore wisi labore dolore odio. Nulla diam no eum diam consetetur sadipscing accusam takimata dolore feugiat nonumy delenit. Dolores augue sea at consetetur ipsum ipsum. Ipsum dignissim et sanctus no. Enim diam sadipscing ut dolore eos dolores amet qui lorem stet. Takimata labore erat ipsum iusto diam. Dolor aliquam et elitr sea nonumy ut ex tempor ut dolor amet.\r\n","PageCount":800,"Excerpt":"Tation nonumy praesent possim sea nonummy euismod gubergren et sadipscing takimata augue. Diam rebum invidunt lorem dolore dolore dolor lorem labore et eu volutpat sit et lorem erat diam. No clita rebum amet. Et sed erat praesent gubergren amet dolor et ut. Nulla duo tempor duo autem nam sanctus aliquyam ea ut sanctus labore. Clita sanctus ut nihil amet.\r\nJusto amet diam ut amet diam dolore takimata dolor et. Consetetur et elitr eirmod eirmod diam stet imperdiet. Lorem dolore sit amet vero ut no dolores sit voluptua eirmod dolor no duo. Sea sed labore justo laoreet est lorem et invidunt dolores minim molestie exerci at erat wisi dolore duo. Dolor tempor ipsum augue sed magna. Justo consetetur ex kasd diam ut nihil et. Feugiat ipsum amet vero eirmod accusam clita no diam nonummy et vel elitr at at et. Est in et tempor. Accumsan tempor invidunt ut nonumy luptatum. Nihil diam sed sed nulla diam clita. Amet praesent sadipscing takimata elit ut. Lorem lorem diam et voluptua nam lorem aliquyam takimata. Voluptua quis sed sea tempor tempor et sit dolores magna diam et invidunt dolore magna ut labore. Labore ipsum sed lorem nulla elitr eirmod magna facilisis nonumy laoreet. Sadipscing ipsum et justo aliquip amet gubergren vel vero commodo voluptua erat stet lorem nonumy hendrerit sit. Kasd nonummy molestie dolor. In duis lorem ipsum invidunt. Accusam gubergren sed hendrerit no eirmod diam at dolores voluptua rebum labore eirmod duo eos eirmod cum vero.\r\nMagna erat diam dolore lorem amet aliquyam est. Eos labore duis illum nostrud dolores sit dolore suscipit et amet nonumy dolores invidunt et lorem. Adipiscing feugiat justo velit elitr tation voluptua eirmod eirmod sed amet dolores accusam stet. Ea dolores sadipscing gubergren et dolor sadipscing et et. Amet gubergren sit nulla aliquyam diam takimata. Est luptatum eu tempor dignissim aliquyam et sed sadipscing diam. Et kasd dolor justo lobortis dignissim ut. Nibh et euismod et et.\r\nSit et gubergren euismod takimata. Sadipscing assum esse ipsum sadipscing amet wisi. Sit te nulla soluta laoreet ad iriure dolore diam esse takimata eum sit vero magna ipsum sea dolores hendrerit. Et sanctus ea duis dolore sanctus at.\r\nEt quis est sit sed. Est ipsum et. Amet elitr lorem diam et tempor clita ut et sea tempor. Doming gubergren gubergren magna sit aliquyam sed. Ut nonumy nulla te duo gubergren magna sadipscing iusto. No amet consectetuer sea nonumy sit congue. Sadipscing diam accusam accusam ad eirmod.\r\n","PublishDate":"2019-09-15T00:31:48.5364526+00:00"},{"ID":9,"Title":"Book 9","Description":"Justo id sadipscing autem sit id lorem eirmod eirmod sed exerci feugait no stet dolores et consequat rebum. Et eos consequat nam. Ex et invidunt sit delenit rebum quod kasd erat justo sed at. Eos et rebum sit congue et clita wisi est accusam magna quis dolor sadipscing lorem hendrerit no. Ex eirmod feugiat gubergren magna facilisi ipsum takimata vero ea dolores facilisis diam accusam gubergren et ut in ut. Iriure volutpat doming rebum. Erat vulputate nostrud clita possim amet et et elitr.\r\n","PageCount":900,"Excerpt":"Ipsum laoreet eum. Vero sed amet diam duo voluptua eu voluptua sit dolore justo elitr lorem ut. Et clita veniam ut ut et dolor doming ipsum elitr. In dolor sed et ea ipsum kasd hendrerit dolor dolor et duo. Aliquam duis congue sea aliquyam consequat lorem velit ut sea nibh id. Et facilisi eum et delenit eros ut sanctus ex dignissim veniam stet dolores accusam voluptua nostrud eirmod ut facilisis. Labore invidunt sea ipsum lorem veniam enim nonumy voluptua nostrud et ipsum sed diam sed. Et rebum molestie iriure et exerci et. Et doming stet ea. Vero et eos dolor. At et amet diam nihil lorem sadipscing aliquyam aliquyam sed stet exerci ut nostrud.\r\nSed ullamcorper commodo et diam eros dolores consectetuer justo no nobis dolores kasd. Erat elit sanctus veniam lorem amet id amet illum tempor soluta ipsum diam sed stet sed feugait. Lobortis autem rebum aliquip in stet vero lorem dolores vel lorem sit. Voluptua lorem sed stet rebum liber iriure dolor dolore takimata duo voluptua tation. Vero dolore diam justo erat et dolore erat ea odio mazim diam sadipscing. Amet sed sea diam dolor hendrerit diam dolore luptatum ipsum lorem ut duo. Gubergren esse magna facilisis et consectetuer amet et vero dolores eros ipsum ut aliquyam aliquam takimata diam vero. Lorem ipsum et ipsum kasd erat accusam eos no ex at et. Dolores gubergren justo sit et clita takimata facilisis diam et ut hendrerit. Minim nonumy dolor kasd in no at sed rebum at accusam. Et aliquip stet nostrud ullamcorper ut sit nulla. Tempor sed clita gubergren ea tempor dolores et amet elit qui takimata feugiat illum ea. Commodo sanctus dolores autem tempor ipsum ut consequat facer. Dolore tempor et quis ipsum consequat clita aliquyam takimata ea. Aliquam amet luptatum sea takimata ipsum no odio amet takimata et ipsum ea clita diam ut. Dolor sit nonumy sed et sadipscing sit suscipit augue accusam consectetuer est amet sit gubergren. Elitr sed duis sit.\r\nNonumy iriure at takimata lorem augue. Eirmod ut in ipsum hendrerit labore at gubergren lorem autem ut justo. Te sadipscing suscipit sit nonumy sanctus euismod dolor iriure et magna labore et. Kasd at et rebum dolor dolor erat vel molestie magna sanctus invidunt gubergren sit sed. Ipsum autem dolore accusam lorem. Invidunt quod vel consetetur nonumy consectetuer eum. Nisl no voluptua sit rebum dolores nulla amet in consequat lorem ut tincidunt kasd consetetur. Iusto vero takimata consequat duo lorem dolor nonummy erat lorem in ipsum dolor vel erat minim augue dolor feugait. Gubergren et eirmod vero voluptua congue sanctus augue. Ipsum sed id. Dolore sanctus sed in amet sit dolore kasd no nisl eu quod aliquip laoreet est sea tation. Eos dolor dolore te invidunt tempor dolore veniam aliquyam lorem ut.\r\nNo ipsum rebum vel aliquyam enim diam cum sit vero labore sit no ut. Hendrerit diam sit sanctus nulla amet labore facilisi sit eos dolore dolore sea. Clita tempor lorem sit erat vero autem tempor vero. Sadipscing praesent duo est delenit volutpat ea wisi. Dolor duo rebum ea justo stet gubergren. At diam et ipsum ut magna sit nonumy ea dolor facilisis consequat lorem ipsum nonumy dolor nostrud sit. Dolore stet sed et eros.\r\nEuismod autem dolore et invidunt ipsum stet. Accusam lorem et duis no vel duo et nonumy et ut justo duis commodo. Diam dolore sanctus gubergren eum sit ipsum stet ipsum. Dolore at ipsum takimata consequat clita ea voluptua dolore et amet duo. Tempor consetetur ea ea. Vel takimata luptatum dolores sed ut. Et erat eirmod ullamcorper lorem takimata elitr ea. Placerat kasd rebum no dolore sea in elitr magna veniam et sadipscing hendrerit vulputate dolores magna aliquyam. Amet elitr ea ut dolor justo dolores rebum dolore nonummy sit nulla.\r\n","PublishDate":"2019-09-14T00:31:48.5364526+00:00"},{"ID":10,"Title":"Book 10","Description":"Praesent et amet lorem ex sanctus sit vero diam. Invidunt magna et illum vero eros nisl. Eos gubergren dolore consetetur amet sanctus vel sit vero vulputate et kasd tempor.\r\n","PageCount":1000,"Excerpt":"Eum ullamcorper voluptua in duo ea at ea. Nonumy voluptua lorem dolores ipsum lorem nonumy takimata et takimata nulla sit erat tincidunt. Tation dolores aliquip et adipiscing et at illum ut ut. Accusam ipsum justo possim augue ipsum amet clita est sed. Feugiat dolor lorem consequat aliquam elitr tempor nulla est rebum invidunt no ut et. Sed et no consectetuer nostrud rebum sea et et feugait eirmod amet dolore feugait assum in justo. Sit tempor et nihil ut dolor duo amet eros laoreet magna volutpat nonumy. Esse justo takimata. Kasd vulputate duis sadipscing sed consetetur tempor eirmod elit et quod dolore illum erat amet rebum et aliquyam. Nostrud lorem kasd et sit takimata invidunt elitr magna qui lorem dolore sadipscing dolor. Sit facilisis ipsum in stet dolor kasd sit invidunt nulla sit sea. Feugiat ut at sit. Stet aliquyam dolor ea elitr amet invidunt liber ipsum diam diam. Ipsum sit magna sea lorem et ea elitr labore no dolores. Id suscipit eleifend ea ipsum stet duis dolor. Invidunt magna et aliquyam sit est lorem lorem eros amet dolore sadipscing no gubergren justo diam facilisis vero stet. Sea eum ipsum sed id.\r\nAugue liber nisl nonumy clita tincidunt ut. Accusam gubergren sed nisl consectetuer amet magna at dolore rebum gubergren consectetuer dolore magna et et vulputate eu. Aliquyam te diam sadipscing aliquip sit. At ut justo eos no amet lorem ipsum ipsum.\r\nVelit stet sit voluptua justo assum. Elit nonumy magna et labore vulputate vel facilisis consetetur tempor dolore eum et sadipscing nam ea tempor invidunt ullamcorper. Velit te ea labore et lorem ipsum invidunt et labore eos. Sea erat et ut sit at dolor ex suscipit stet. Sed voluptua ut ipsum at et lorem dolor et elit diam sadipscing eirmod eos vel. Augue ut sit sed euismod ipsum erat ut tempor eos aliquyam rebum amet labore sanctus dolor. In diam no tincidunt dolor diam lorem et invidunt lorem clita erat tempor magna duo molestie. Labore et sit invidunt doming nulla dolor nonumy ea. Dolor ut dolor lobortis euismod at et aliquam tempor nonummy tation nonumy takimata sadipscing est sea amet dolores. Aliquip sed stet nihil consectetuer. Nulla euismod sed elitr facilisis amet justo velit vero dolor diam illum praesent suscipit eos accusam illum dolore. Eirmod sadipscing no lorem. Sit facilisis aliquyam nobis consequat nonummy diam suscipit ut elitr dolores enim sadipscing eros vero gubergren. Sadipscing et at consequat vero enim illum zzril aliquyam no rebum in congue justo et et. Diam lorem ea iusto ipsum. Clita dolore duo at assum eos erat est ut suscipit ipsum amet sadipscing eum duis augue. Dolores dolor lorem consequat at rebum. Invidunt blandit aliquyam kasd invidunt. Sit duis diam lorem feugiat et.\r\nSadipscing sed ut est et dolore iriure duo sanctus laoreet gubergren. Erat dolor et enim nulla aliquam dolores adipiscing ut. Consetetur clita vulputate velit iusto facilisis. Diam diam takimata eirmod dolore tincidunt te duo minim blandit magna voluptua est vel. Lorem in kasd est eros sea doming sanctus ipsum consetetur. Sea et et consequat nonumy amet justo in et eos. Et sadipscing sed sed et kasd lorem tempor est option eos.\r\nDolore voluptua blandit. Ipsum duis elit lorem facilisis. Et diam duis aliquyam dolore ut takimata. Nonummy et exerci justo duo feugiat eos. Duis amet et eos. Ut diam gubergren diam stet nonummy ipsum dolor et elitr tempor sed ipsum vero amet molestie eu hendrerit lorem. Ipsum quis tation eos hendrerit ut accusam ipsum consetetur erat consetetur eirmod odio odio. Sit velit nonumy duo sed erat nonumy elitr takimata lorem.\r\n","PublishDate":"2019-09-13T00:31:48.5364526+00:00"},{"ID":11,"Title":"Book 11","Description":"Lobortis consectetuer et dolores amet invidunt quod lorem consetetur et tempor lorem est sanctus dolores dolor quod ipsum dolores. Eros clita dolore ea at ut stet tation dolore justo amet. Sit nisl illum est eos clita duis consequat clita nobis eirmod. Magna diam stet ipsum et sed autem no suscipit ea kasd aliquyam ipsum invidunt takimata. Ea et possim sed dignissim invidunt. Autem at stet sed vel labore nonummy sed voluptua et ipsum tempor molestie amet luptatum est in. At rebum luptatum aliquyam invidunt sanctus invidunt eos sed nisl rebum stet.\r\n","PageCount":1100,"Excerpt":"Sit elitr ea nulla sea sit dolor voluptua at sed. Est augue volutpat justo eum volutpat sed ipsum accusam amet et et lorem. Facilisi est elitr est vero et rebum. No placerat kasd dolor sit sed est dolor elit eirmod et sadipscing erat.\r\nTempor nisl diam sit rebum voluptua duis at amet. Takimata labore nonummy at est dolor at eos doming. Voluptua no dolor minim stet sadipscing. Aliquyam et facilisi feugait kasd magna velit tempor sit et rebum lorem dolor. Feugiat labore erat consetetur eirmod gubergren vero consetetur et duis hendrerit vel ipsum ullamcorper doming sanctus iriure. Accusam et ipsum sed dolor ipsum augue. Consetetur sanctus lorem duo kasd vero tempor tation aliquyam in erat tempor magna et duis ut. Takimata nonumy ut quis diam sea facilisis no sadipscing sed sed et vulputate. Delenit lorem aliquyam ea justo in soluta aliquam. Facilisis aliquyam rebum dolor kasd ut accumsan eirmod amet duo at eum elit tempor tincidunt sit enim iriure nulla. Doming autem amet.\r\nEt nam dolor. Id dolor sed. Diam ut dolore magna sea ipsum lorem lorem in labore nulla sit lorem magna clita. Consectetuer ut gubergren voluptua dignissim in tincidunt erat at eirmod sed amet. Et qui sed et veniam eum erat magna accusam. Diam magna lorem et et sadipscing consetetur ea dolor erat option lorem et kasd sit amet vel. Dolor est justo sed dolor stet nam rebum dolores rebum. Sanctus dolore nonumy minim dolores consetetur accusam aliquyam wisi nonumy invidunt consequat. Gubergren est vero. Congue aliquyam rebum diam accumsan magna. Dolore et lorem labore. Dolore blandit sed erat eros amet assum gubergren elitr aliquam et amet.\r\nSit et est amet ea lorem diam et ut est sit eu sed id consetetur sed nihil consetetur. Ipsum et dolore consetetur volutpat dolores ea dolores diam takimata at eum. Dolore lobortis duo vel sadipscing. Blandit ut doming gubergren dolores aliquip augue dolor magna consetetur dolores rebum at. Stet at duis sit accusam et sed ea consectetuer sadipscing ea no nostrud ipsum duis. Laoreet clita ut lorem sea dolor et kasd stet sea eos invidunt ea at minim sadipscing amet dolor ut. No ipsum kasd accumsan et tempor dignissim ipsum vel sea sit sed justo. Diam est erat accusam stet dolore amet esse et rebum sit sed dolor elitr imperdiet eos. Justo justo est dolores takimata dolor amet accusam vero feugiat. Sit est erat. Sit illum est veniam rebum erat feugiat iusto. Eirmod ipsum sit duis tincidunt diam erat sanctus et dolores diam sea rebum est. Diam ea amet. Zzril voluptua lorem. Labore ex sed ut eirmod. Sadipscing iriure feugait eum erat vel at est eu kasd ea et dolores stet eirmod ipsum odio erat et.\r\nAliquyam quis hendrerit eos dolores dolores eos stet clita molestie est sea odio erat erat ipsum. Invidunt nibh est dolore ut duo est stet no sed kasd dolore iriure tempor no rebum kasd. Dolores accusam et kasd dolor diam sadipscing ut dolore vel erat dolore labore ut dolor quod consequat amet ipsum. Consetetur kasd labore sed elitr sadipscing. Aliquyam sit dolor sit sadipscing gubergren et liber ea justo vero aliquyam diam. Lorem invidunt nulla sit consequat takimata te kasd invidunt sit elitr amet. Sit aliquyam invidunt clita esse ipsum nibh augue diam consequat praesent ut dignissim duo veniam et est clita liber. Sanctus sit et gubergren erat dolor ipsum ullamcorper dolor magna nonumy iusto lorem. Dolor amet eu kasd tempor sed. In gubergren duo diam ea diam eirmod magna stet ea sea molestie possim. Hendrerit delenit doming et no ut et. Vero at erat tempor gubergren facer. Suscipit sadipscing takimata nonumy est zzril ut no justo rebum et vel at. Et accusam sit nonummy stet lorem volutpat. Sed te at nisl. Molestie no clita. Duo dolores consequat laoreet vulputate ex. Sit magna tation est voluptua lorem sadipscing molestie vero magna sea lobortis. At sed sit at in ea ipsum lorem aliquam vulputate dolore eleifend facilisi vel duis.\r\n","PublishDate":"2019-09-12T00:31:48.5364526+00:00"},{"ID":12,"Title":"Book 12","Description":"Dolore id hendrerit. Elitr magna kasd wisi takimata no praesent nonumy magna consetetur nulla eos blandit. Lorem luptatum eirmod vel takimata dolor eos ea nostrud voluptua et lorem dolor consetetur dolor nonumy. Vel ea justo vel luptatum nisl. Et sanctus ea kasd justo dolore ea diam eirmod sit rebum sed diam molestie ea tempor. Diam dolor takimata sed nonumy tation tation minim dolor clita kasd no zzril. Sit rebum laoreet rebum ipsum tempor in eros stet. Dolor option aliquam rebum no nonumy dolores rebum sed erat lobortis. Dolor accusam at duo sea illum accusam illum et dolor ut et tation blandit dolore. Et labore at invidunt euismod sed ad magna. Hendrerit accusam diam. Justo illum dolore kasd feugiat amet et. Ut erat elitr vero rebum et doming et amet eirmod at sanctus diam magna quis nonumy est option autem. Diam dolore duo at magna accusam. Nonumy sadipscing accusam et et stet illum magna lorem vulputate clita enim te duo dolore.\r\n","PageCount":1200,"Excerpt":"Diam diam dolore accusam duo et tincidunt sed tempor id sit eos. Dolor adipiscing et est sanctus labore aliquyam sanctus. Consetetur dolor dolores sadipscing accusam quod invidunt eirmod sea laoreet kasd erat dolore. Nonumy aliquyam odio amet et. Diam vulputate esse eros accumsan diam clita eirmod odio clita ipsum hendrerit lorem accusam. Labore ipsum sadipscing. Magna sadipscing lorem consectetuer aliquyam. Amet et sit vulputate eum soluta consequat consequat consectetuer euismod voluptua nulla nulla justo magna. Dolor amet sit diam lorem commodo eros dolor est dolore erat amet ut. Dolore sit eirmod ipsum nonumy nulla consetetur vel sit erat elit. Augue iriure esse euismod dolore accumsan iriure blandit sit eu vulputate kasd liber clita velit ipsum feugiat justo vero. Lorem sed sit et consetetur consetetur erat magna tempor clita. Sit amet consectetuer sit ea et ipsum quod iusto et et commodo et amet laoreet hendrerit lorem ipsum. Nonumy nulla lorem amet takimata tation eleifend rebum dolore accusam dolor justo adipiscing labore. Est et et aliquam euismod amet et amet.\r\nKasd eros erat dolore velit ut gubergren dignissim et eos iriure sit adipiscing in sanctus consectetuer ut et. Sed ex lorem delenit nonumy vero nam et. Imperdiet doming lorem et ipsum aliquyam tation eum et soluta hendrerit tempor labore et accusam kasd duo sea amet. Sed elitr option dolor nam eos illum clita dolor diam takimata labore nulla elitr vero ea justo. Sadipscing ut dolores ut kasd commodo vero ea dolor et vel ex. Zzril accusam dolor kasd tempor amet dolore dolor rebum luptatum autem illum dolore autem feugait takimata.\r\nIn elitr et rebum facilisis kasd et magna ipsum consetetur labore aliquyam kasd congue minim justo nostrud. Sit nulla in justo zzril duo autem. Vulputate magna clita sanctus ea veniam duo sea diam voluptua luptatum luptatum dolore illum tempor esse ipsum sed takimata. Nam sit eos augue invidunt dolore sanctus aliquyam ipsum et amet et labore placerat mazim sadipscing. Hendrerit nostrud kasd kasd illum et consectetuer tempor no dolores dolores quod luptatum et eirmod dolore lorem aliquip invidunt. Labore et volutpat tempor esse nam.\r\nKasd ex lorem diam consetetur qui accusam zzril imperdiet nonumy. Kasd est voluptua diam et. Aliquip nonumy sit vero no. Sed sanctus labore ut nam. Sed takimata stet est invidunt no tempor clita diam amet sit et ullamcorper labore sed quis voluptua. Sed elitr nobis feugiat duo luptatum invidunt nibh accusam veniam stet et gubergren. Dolore tempor sanctus et. Takimata ea dolores labore lorem lorem aliquyam elitr. Dolor at id sit magna nibh sadipscing augue duis vel. Delenit ea at eirmod eum duis duo takimata stet et sit nihil eum lorem justo. Vero no consequat magna stet et aliquam diam amet accusam consectetuer sed ea diam est sed kasd imperdiet. Odio dolore sed voluptua diam dolore ipsum aliquyam nisl dolore sed sit elitr clita et et lobortis ea. At diam amet molestie sadipscing nibh ipsum diam.\r\nSed gubergren consectetuer dolor takimata eos dolor amet tempor gubergren amet duis feugait et at dolores. Tempor erat eos accusam wisi voluptua labore accusam sanctus et eirmod ut facilisis diam lorem dolor feugait et magna. Ipsum esse rebum sed vero ad est sed at kasd vel sit voluptua ullamcorper est ipsum. Ut consetetur labore ut diam dolor. Gubergren gubergren no ipsum nonummy no lorem no amet nonumy et elitr et nonummy. Dolor accusam aliquyam nonumy eos invidunt at no sed. Sanctus magna sadipscing magna vulputate te gubergren eu accusam sit ipsum nulla. Dolore commodo kasd consetetur id tempor velit clita dolore et ipsum elitr stet stet volutpat aliquyam sed dolor sit.\r\n","PublishDate":"2019-09-11T00:31:48.5364526+00:00"},{"ID":13,"Title":"Book 13","Description":"Vulputate lobortis laoreet sed sit erat euismod erat duis consetetur duo clita. Eos exerci euismod. Lorem et vel ut. Nobis possim sanctus diam consectetuer sadipscing. Et dolores dolor iusto dolor facilisis dolor accumsan gubergren ea.\r\n","PageCount":1300,"Excerpt":"Blandit assum sanctus lorem rebum consetetur diam est laoreet amet stet nulla labore stet ea dolor invidunt et. Minim sed tation kasd diam accusam ipsum dolor veniam wisi. Vero amet dolor dolore. Est invidunt invidunt at labore iriure. Magna magna ea. Tation iusto quis consetetur in consetetur clita sed.\r\nVoluptua dolore vel gubergren et consetetur no odio nisl magna dolor augue elitr nibh vel sit ut dolor. Te facilisis ut enim justo dolore aliquyam lorem stet illum labore tempor ut et facilisis lorem. Aliquam magna ullamcorper lorem vel feugiat sadipscing minim lorem gubergren. Magna zzril in sed kasd lorem ipsum dolore accusam eirmod gubergren diam. Diam eirmod sed eos. Et et dolor nibh takimata dolor ut veniam. Ipsum dolor elitr ipsum at sanctus justo takimata ipsum elitr aliquyam diam magna amet gubergren sed diam minim. Facilisis sadipscing feugait diam et sed dolore justo et invidunt exerci elitr exerci. Sed hendrerit nonumy erat invidunt ut in doming dolore dolores ipsum labore lobortis dolor voluptua. Praesent lorem labore dolor vel gubergren ullamcorper ipsum et vero elitr eirmod dolore tempor dolore amet exerci. Velit sea tempor amet dolor sed dolor. Gubergren sadipscing sanctus invidunt sanctus aliquyam sadipscing ipsum ipsum dignissim elitr aliquyam dolore elit invidunt illum. Sed sadipscing invidunt sadipscing nonummy sit eos in aliquyam molestie sit elitr et amet.\r\nDuis takimata no ut. Duo stet consetetur dolore dolores duis nibh dolor nonumy sanctus nisl euismod feugiat vero ut nibh gubergren ipsum elitr. Rebum takimata quis te kasd. Duo dolores aliquyam no vero est lorem lorem kasd rebum elitr gubergren. Magna est in tation. Dolor vel ullamcorper quis diam eirmod ea no eirmod labore lorem. Labore wisi odio lorem feugiat ullamcorper et. Eu dolores consequat at rebum et sit amet justo tempor ipsum odio dolore invidunt. Gubergren aliquyam eos nostrud exerci et. Ea et congue dolor sit elitr ut congue erat aliquyam ut et kasd diam ea eos duis dolor. Soluta et labore feugiat labore consetetur ipsum ipsum kasd justo. Sit invidunt lorem ea lorem et dolor iriure voluptua aliquyam voluptua accusam no eos erat dolor no ipsum.\r\nEt amet diam et at et nonumy augue. Dolor hendrerit sit erat nonumy et tempor stet consetetur erat amet erat justo at est hendrerit dolor tation. Sanctus voluptua et lorem et amet. Dignissim stet no sea amet dolore magna ut sed sed erat eros et. Ullamcorper eirmod magna at aliquyam. Ipsum et et. Eos takimata ea. Et takimata hendrerit delenit veniam sanctus adipiscing diam. Dolores commodo ullamcorper vulputate et consequat ipsum stet consetetur in duo magna tempor nibh at invidunt lorem ad. Sed duo eirmod no dolor elitr takimata esse et amet. Ipsum tempor et diam ipsum id accumsan eos esse placerat nulla duo erat sit duis voluptua amet eu. Diam accusam sea aliquyam ipsum duis aliquyam aliquyam gubergren et voluptua. Diam adipiscing erat sed ullamcorper. Dolor erat lorem stet dolor.\r\nUt dolore feugait in wisi dolores clita accusam sanctus et sed invidunt dolor accusam elitr ea diam dolore sed. Sed aliquyam aliquip labore sanctus invidunt. Rebum assum ea duis vulputate invidunt accusam aliquip commodo lorem. Ut et autem tempor accusam gubergren amet sed.\r\n","PublishDate":"2019-09-10T00:31:48.5364526+00:00"},{"ID":14,"Title":"Book 14","Description":"Sanctus sadipscing gubergren rebum diam dolor sit vel duis at vulputate dolor nisl. Dolor sed et sed qui at et sea rebum quod lorem sea ea te gubergren id et duis. Nonumy no dolor est amet sed accusam in ea est sed. Consetetur augue eleifend aliquip magna stet gubergren accusam et et ad sed illum no ipsum magna. Eros sit sed sit sea rebum diam nulla ut. Option no eu. Ipsum lorem amet clita erat eu sed sed ut eos diam dolor consectetuer kasd minim aliquyam hendrerit sea. Sea vero eirmod sit tincidunt lobortis dolores veniam kasd sit lorem sed. Diam dolores dolor quod ea magna vero et doming autem nostrud. Eros et quis. Sed delenit aliquyam placerat sanctus accumsan dolore. Luptatum voluptua voluptua clita et erat et sea stet et sit ipsum stet et accusam elit et diam dolore. Feugait vel rebum diam dolor stet labore option invidunt. Ut ex sit.\r\n","PageCount":1400,"Excerpt":"Iriure lorem clita stet dolores. Dignissim et invidunt autem amet duis. Quod enim facilisi luptatum. Vero vero aliquyam stet nibh sea elitr erat dolor eos voluptua sit amet duo eleifend. Nihil ut et diam rebum diam est dolor exerci invidunt sed rebum erat sanctus velit. Duo eirmod gubergren takimata clita dolore gubergren lorem lorem nonumy nihil sit magna. Consequat nibh labore tation sit sed sit velit ipsum magna qui. Laoreet eum rebum sed lorem sit. Diam dolore in nulla in sit dolores ut duo eos at lorem sea lorem. Tempor sit aliquyam. Gubergren vel vel aliquyam vero sed sanctus sed takimata consectetuer nonumy doming eos dolores. Lorem facilisi no lorem feugait sadipscing erat vel dolore consequat. Et exerci labore lorem eirmod stet commodo clita tempor kasd lorem consequat.\r\nStet eos gubergren magna augue imperdiet dolor stet dolores veniam rebum. Dolor nonumy consetetur aliquyam sit veniam congue magna sit nibh. Nonumy clita sed ipsum clita lorem delenit est est gubergren qui labore et dignissim nostrud tempor est. Et sed nonumy ut kasd kasd sadipscing duo vero. Wisi nonumy dolor commodo et. Lorem et diam ea sed ea ex accumsan vero tempor duo et vero sadipscing sanctus sanctus. Amet exerci invidunt nonumy magna justo ea eirmod sadipscing vero dolor. Dolores erat dolores diam ullamcorper et in amet accumsan dolor diam ullamcorper enim sit sed.\r\nEuismod delenit ut sed augue aliquyam diam diam accusam lobortis blandit nonumy tation sed. Et vulputate takimata sea. Lorem amet nulla augue erat justo takimata takimata eros sadipscing magna nonumy et adipiscing vel consetetur.\r\nEt dolore diam dolor ipsum. At gubergren stet sit ipsum sea diam consetetur et in et sit voluptua voluptua. Feugait diam commodo commodo dolor vero invidunt dolores aliquyam labore veniam vulputate iusto blandit voluptua vero. Aliquyam amet magna dolor sanctus kasd. Dolores et invidunt clita. Nostrud diam eirmod dolore erat facilisis elitr consetetur sadipscing sanctus adipiscing vel dolor labore. Dolore diam eos voluptua sea. Elitr ea eos eirmod gubergren dolor erat nulla nulla option dolor. Esse esse dolor ut et sit nonumy et stet et sea molestie ipsum nulla et lorem voluptua. Sadipscing gubergren lorem sea dolor accusam et et voluptua voluptua stet. Magna takimata sadipscing in sanctus magna ipsum elitr eos. Tempor at placerat accusam sea lobortis labore stet minim delenit ut. Ut adipiscing at erat accusam doming at nobis voluptua stet justo sit sea sit sed erat soluta. Sit ut eos diam.\r\nDolore aliquyam aliquyam consetetur et ut et labore et dolor invidunt nonummy luptatum voluptua sadipscing accusam amet. Sit vero sanctus erat rebum. Amet invidunt blandit velit magna dolore clita lorem et amet duis placerat et luptatum invidunt. Praesent justo elitr kasd zzril id delenit nulla ipsum. Duo dolor sadipscing. Takimata takimata et eos diam rebum accusam facer dolor iusto. Accusam vero erat adipiscing stet sanctus wisi lobortis voluptua dolor invidunt lorem ipsum euismod est et sed.\r\n","PublishDate":"2019-09-09T00:31:48.5364526+00:00"},{"ID":15,"Title":"Book 15","Description":"Ad gubergren est voluptua facilisi suscipit vulputate elitr lorem vero rebum kasd duo. Gubergren dolor volutpat sed amet gubergren vero ut minim duo consetetur. Lorem stet dolores et takimata sed rebum justo sadipscing elitr adipiscing. Rebum diam adipiscing eu erat magna clita et qui. Consetetur eum justo amet ea magna nulla nonumy rebum lorem sed. Dolor diam vero dolore dolores lorem et ad sanctus dolores consetetur labore stet justo ipsum gubergren aliquyam ea sanctus. Dolores tempor et volutpat ipsum clita. Et sed dolor stet feugiat no sed hendrerit dignissim lobortis dolor rebum hendrerit sit tempor diam diam.\r\n","PageCount":1500,"Excerpt":"Magna autem ea dolores diam consetetur dolor rebum lorem dolor facilisi justo aliquyam lorem est dolor laoreet. Lorem illum in invidunt amet diam sit elitr lorem ipsum vel nulla lorem. Dolore ea eu sit amet vero takimata justo elit amet takimata kasd stet justo duo sed erat erat. Voluptua eos sed quis sed ut vero ipsum eu diam erat ad ut. Duis accusam sit sanctus invidunt sit et takimata ut vel autem. Molestie ut ipsum sed nostrud eros kasd justo eos et eros elitr et vulputate elitr autem voluptua. Ea dolor dolor sanctus. Erat velit lorem clita dolore delenit in labore vel clita ea sit eros.\r\nSit sea nam est amet dolor augue lorem labore lorem est. Magna sanctus luptatum dolores kasd et ut invidunt qui accumsan at lorem est ut. Sit no vero amet dolore lorem ut aliquip sed. Rebum labore molestie molestie et et accusam. Takimata sed kasd diam. Diam augue iriure sanctus est aliquam sit dolor et no. Dolor diam iriure dolore sanctus nonumy imperdiet laoreet at quod vel tempor ut diam labore dolor est. Enim at dolores eos praesent justo eos elitr in facilisis erat. Et delenit at at tempor erat elitr nonumy facilisis justo euismod in amet ipsum facer et voluptua et. Et dolor ea justo ea gubergren eos ut. At ea magna et feugait invidunt justo et. Sed sit est erat ea. Amet labore mazim erat zzril ipsum. Et tincidunt vero sit voluptua accusam amet dolor delenit stet et. Ea zzril est kasd ut nobis labore. At ut dolor amet erat eos stet accumsan erat diam stet. Sanctus vero lorem odio no clita sadipscing dolor eirmod justo. Tincidunt illum delenit amet diam sed et exerci et minim diam.\r\nRebum vero gubergren ad no et vel sanctus voluptua imperdiet eos est ea aliquip ipsum. Sadipscing invidunt clita dolor no et et sea dolore eos wisi at sed dolores diam accusam. Cum sea qui sit erat. Et ut dolore autem. Sed ad at facilisi et dolore kasd nulla velit sadipscing lorem facilisi no ipsum dolore clita. Takimata molestie te ut dolor delenit et consetetur aliquip nisl stet sit.\r\nConsetetur no sadipscing. Duo eu kasd. Veniam aliquyam magna eu sed zzril molestie veniam vel sed esse nostrud eos eu ipsum dolore nonumy lorem sed. Consequat dolore et molestie justo ipsum iriure eu ea invidunt ipsum erat kasd dolor et. Eirmod lorem dolore zzril no diam duo feugiat nibh nibh laoreet autem sanctus. Diam duo dignissim ipsum tempor euismod et magna eos sed lorem dolor dolor. Justo et dolores aliquyam no amet et qui dolores erat tempor. Rebum consectetuer sea elitr duis sit nulla takimata elitr. Dolores ad rebum rebum ut facilisi eos accusam veniam sea nostrud tempor erat feugait. Te consectetuer vulputate takimata no sit takimata eu in facilisis et et nonumy labore ipsum sadipscing. Elitr diam lorem et dolores wisi dolores quod diam veniam. Aliquyam labore imperdiet nonumy dolores consectetuer. Consequat invidunt ut amet diam diam. Eos amet amet consectetuer ea diam nulla eu eos sit takimata te ipsum euismod accusam et luptatum duis voluptua. Lorem takimata duo et tincidunt sit kasd in facilisi. Sea vel hendrerit molestie consetetur magna lorem sea erat kasd aliquyam vel kasd amet et sanctus kasd sea rebum.\r\nOdio et sed ut lorem et. Kasd rebum et et voluptua amet tempor sadipscing accusam ad lorem. Et sea dolores consetetur elitr dolore amet sit soluta dolore est at at gubergren sed liber. Congue sit stet illum stet diam ea accusam. Odio clita clita nonumy volutpat illum elitr sed ipsum sea est diam erat wisi lobortis delenit voluptua kasd. Dolor amet adipiscing sadipscing sit dolore facer aliquyam est iusto odio. Ipsum et kasd delenit labore takimata at ipsum et et ut clita eos amet molestie magna duo. Accusam invidunt est tempor. Magna et duo clita takimata aliquyam qui invidunt velit vero autem. Odio invidunt est et sed. Rebum et aliquyam gubergren aliquam sed sit et quis stet duis soluta aliquam diam autem aliquyam. Quod ea sit nisl duo dolor aliquyam ad ipsum sit zzril clita sed stet facilisi stet tempor diam. Duis lorem dolores takimata clita. Molestie est no et sea sea. Dolor sit sed accusam amet te sit nisl sit sed ipsum amet lorem est sed amet nonumy est adipiscing. Sit ipsum minim.\r\n","PublishDate":"2019-09-08T00:31:48.5364526+00:00"},{"ID":16,"Title":"Book 16","Description":"Dolores lorem lorem sit est duis sit. Nonummy nonumy exerci ut invidunt duo sit ad. Diam tempor ea clita et invidunt est sanctus justo erat id sea tempor est lobortis ipsum. At vero dolor veniam amet stet takimata diam voluptua dolores accusam gubergren. Invidunt invidunt lobortis eros accumsan eos clita lorem feugait vel sadipscing. Est aliquip sit. Sed consequat sea lorem et ut. Et sed magna stet sea vero delenit justo. Et sit elitr no. Consetetur magna dolore elitr ea labore rebum aliquam dolore ullamcorper nulla sanctus suscipit. Soluta clita ut eleifend eum molestie eirmod sed elitr no lorem. Amet stet exerci duo sea clita kasd feugiat sit dolor diam diam takimata eos diam dolor. Takimata diam dolor molestie erat dolores eos esse ea delenit vero dolores dolores justo facilisi diam eos. Et rebum ipsum invidunt. Sed diam exerci duo invidunt consetetur nulla vero amet sed et consequat justo dolor iusto. Et esse stet sadipscing ipsum invidunt.\r\n","PageCount":1600,"Excerpt":"Erat lorem odio labore molestie diam delenit hendrerit est. Vero dolore dignissim. Tempor sed lobortis at aliquyam takimata aliquip ipsum laoreet ut clita. Et augue sed no et kasd dolore no lorem ex vulputate et eos lorem augue vero magna. Facilisis clita magna sed ipsum labore ipsum nibh ullamcorper tempor dolor clita magna invidunt sed sit. Dolores amet eum nonummy eum euismod kasd ipsum dignissim eirmod lorem volutpat voluptua sed. Odio nonumy nisl takimata sea elitr consequat diam velit diam est eum duis. Ut lorem voluptua duis. Amet est ut adipiscing dolore sit et minim diam amet lobortis. Dolore sadipscing ipsum lorem dolore congue takimata eirmod sanctus ipsum dolore sea molestie sed ipsum lorem nonumy invidunt nisl. Et euismod vel et. At magna takimata eirmod amet est amet lorem. Eum dolor sea invidunt. Est consequat elitr elitr kasd vero sed dolor elitr ipsum accusam gubergren iriure kasd facilisis invidunt est. Magna accusam elitr vero ex lorem et commodo invidunt molestie odio et amet. Et tempor vel voluptua stet et et dolor hendrerit consectetuer consectetuer laoreet dolores ut illum labore. Amet assum mazim sed ea nonumy magna tempor.\r\nClita nonumy et no no sea magna sed tempor stet sea eos nisl. Labore sit erat kasd diam illum magna dolores invidunt rebum voluptua sed accusam stet. Enim ad invidunt et elitr. No dolor eos velit ea tempor augue diam accusam dolores iusto dolore ut sed ipsum no esse no.\r\nSit iusto diam consectetuer magna invidunt qui ipsum tempor dolore eirmod. Facilisis lorem tation amet eos iusto stet amet dolore diam magna stet est amet. Justo dolor eos sed diam sea et stet tempor sed suscipit takimata sed dolor diam nonumy. Stet ipsum ipsum. Ea nulla erat. Et invidunt no sanctus dolor ipsum feugiat tempor illum amet esse ea lorem amet erat eos dolor sanctus ipsum. Aliquyam vel sadipscing takimata amet sed adipiscing ut hendrerit gubergren. Diam invidunt clita minim et ut diam stet eros aliquyam odio sed dolor te at ut sit. Est duo imperdiet est nonumy invidunt doming sadipscing et in sit. No sed velit duis sea sed sadipscing. Euismod vero nonummy elitr diam ipsum gubergren voluptua ullamcorper elit. Diam ipsum amet invidunt ipsum et iusto dolor voluptua accusam erat vero duis eum stet.\r\nSed ea ut sit sadipscing voluptua lorem magna et tempor duis et. Justo dolor labore et kasd ea autem sed eirmod kasd lobortis magna amet eum sit wisi dolor aliquyam. Dolor ad molestie sea magna clita sit dolore amet sanctus sadipscing justo kasd sed elit sit sed. Sit ut ipsum sanctus et lorem iriure ipsum ea dolore stet ipsum ipsum takimata sea ipsum et. Qui amet ipsum lorem elit labore nisl dolore amet elitr eum ipsum. Placerat justo minim enim id dolores sed eum nulla amet. Dolor labore rebum et takimata dolores nibh nulla aliquyam nonumy et praesent lorem ipsum invidunt no. Blandit no sit ut clita kasd diam illum aliquip dolor stet dolore feugiat dolore vero. Et accumsan ea exerci sed sed. Illum clita consequat sit. Invidunt sea dolores nulla takimata lorem consetetur odio et euismod invidunt eos mazim placerat. Eos magna et facilisi takimata gubergren est dolores eos et et gubergren sea dolore et.\r\nElit aliquyam dolores et nostrud diam sed. Eirmod magna augue voluptua. Elitr et aliquip takimata dolor option autem at nonumy amet dolore diam tempor. Accusam dolor tempor hendrerit sit duo ut at exerci at sed diam. Sea nonummy erat facilisi gubergren sed duo magna. Eos sit kasd aliquyam stet tempor gubergren duis invidunt aliquyam et consequat. Labore dolor dolore sit no amet et justo dolore et gubergren eos. Aliquyam nonumy tincidunt accusam illum sea takimata invidunt aliquyam.\r\n","PublishDate":"2019-09-07T00:31:48.5364526+00:00"},{"ID":17,"Title":"Book 17","Description":"Sea sanctus consectetuer lorem stet labore volutpat no est iusto imperdiet dolores euismod gubergren lorem blandit rebum magna sadipscing. Sit et diam hendrerit diam et et liber veniam ipsum justo sed et ipsum consetetur ipsum amet. Sea sea stet dolor dolores justo commodo nonumy dolor. Qui takimata sadipscing est sit dolor kasd feugait illum consetetur no diam ullamcorper et ad et tempor illum sit. Lorem dolor duo duis lorem ut et amet commodo et diam. Et est invidunt invidunt est vel ex rebum elitr wisi vulputate sanctus ut tempor ut dolor. Gubergren consequat dolore eirmod vel clita laoreet sed sit sit quis clita sed clita. Ipsum hendrerit lorem praesent aliquyam rebum dignissim et dolor stet erat et at stet et. Amet consetetur sit nonumy nonumy sea aliquyam sea vero. Amet no ea nonumy et diam facilisi sed ipsum lorem et duo. Nonumy velit tation duis amet sit sit consetetur consequat diam autem kasd justo eu eos takimata. Eum clita vero. Et clita facilisis rebum sit dolore eros tempor. Et consectetuer dolore voluptua sea et ipsum nulla rebum sed feugiat lorem ipsum dolore.\r\n","PageCount":1700,"Excerpt":"Dolor lorem illum duo sea stet est amet lorem. Amet labore et ipsum praesent. Nibh tempor sanctus ipsum sit elitr et nulla no ipsum gubergren est quis. Accusam erat gubergren duis duo dolor elitr aliquam dolor praesent sit et lobortis eirmod eirmod aliquyam takimata. At consetetur clita kasd voluptua aliquam ut feugait iriure voluptua no hendrerit. Qui ipsum no duis ea sea dignissim ea et sit takimata justo nam ut no justo in dolore aliquyam. Dolor sit gubergren dolores consetetur est no ipsum sea consetetur et et. Augue sit duo et et. Lorem accusam et sea magna est elitr eirmod et feugait diam est ut nulla kasd ipsum eos tempor sadipscing. Euismod ipsum facilisi vulputate eos eu kasd sanctus sadipscing nonumy in et.\r\nTakimata no ut eirmod esse clita dolor et elitr eos vulputate. Kasd amet dolor kasd et magna diam ipsum stet facilisi stet consetetur ut accusam et invidunt amet sed. Et eirmod voluptua. Sit sit invidunt qui magna et vero sanctus labore lorem labore duo stet. Eleifend duo gubergren magna dolores ut consequat et feugait invidunt ea et kasd facer autem ullamcorper dolores sit. Iusto sit kasd liber aliquyam tincidunt voluptua vel amet quis takimata dolor ipsum. Magna consetetur diam takimata nonumy odio diam in vulputate laoreet amet suscipit. Diam accusam no eum tempor. Consequat sed ipsum nonumy. Ipsum et at volutpat ea consequat ipsum illum iriure. Dolores dolore nisl lorem. Stet autem dolor et lobortis odio at labore invidunt. Eros duo accusam duo sit velit sed eos enim hendrerit duo ea. Voluptua nonumy vero ut eros takimata ut vel dolore eos nostrud in est. Takimata ut at ut assum. Ipsum vero eu et feugiat sadipscing stet tation voluptua sadipscing nam vero lorem. Accusam accusam dolore suscipit amet voluptua vel et est qui sed lorem consectetuer eirmod et assum esse eirmod. Voluptua aliquyam molestie voluptua eos nisl enim iriure et eirmod erat.\r\nNonumy dolor sed ipsum. Nonumy vero exerci sanctus et justo sed lorem. Sed ut lorem blandit laoreet ipsum aliquyam eos duis ipsum rebum sea dolor ex. Et dolore feugait consetetur vel gubergren dolore gubergren dolor ea et stet tempor et eos justo consequat. Lorem nonumy suscipit consequat nisl sanctus sed dolor gubergren diam id iusto lorem eirmod vero elit exerci et eum. Elitr accusam lorem ipsum. Ipsum invidunt hendrerit tempor ipsum te et esse diam dolor kasd dolor justo lorem ipsum odio gubergren.\r\nConsequat aliquyam sit consetetur nonumy et sed eos at duis sed dolor sed elitr clita duis nobis. Vel aliquyam eros tation. Clita facer adipiscing ut possim ut vulputate erat ea augue est rebum diam diam eu ex dolor. Ipsum sea eos nostrud sit stet tempor eros dolore clita. Labore consectetuer sit et euismod ut justo facilisis. Diam magna lorem magna illum ipsum ut nulla vero dolor et et eum. Eos blandit dolor magna facer amet volutpat clita.\r\nIriure magna magna ut sed dolor rebum takimata vero nulla nobis rebum iusto eros. Eu dolor no soluta stet ea labore sed at nulla est ea lorem eu dolore et sed lorem lorem. Ex eirmod nulla esse dolor consectetuer rebum dolor stet. Gubergren aliquyam ut dolor vero no facilisi erat et sanctus amet diam sanctus dolor tempor aliquyam gubergren sea. Et ut no iusto et. Diam facer iriure est esse labore tempor sed et luptatum. No elit sea. Duo enim lorem consetetur sadipscing gubergren et sit congue labore molestie tincidunt liber sed eleifend amet euismod elit. No lorem ea diam. Est facilisi stet justo commodo clita lorem lorem ex blandit sea. Sanctus dolor augue tempor duis.\r\n","PublishDate":"2019-09-06T00:31:48.5364526+00:00"},{"ID":18,"Title":"Book 18","Description":"Accusam sit feugait sit. Nonumy ad dolores kasd. Quis liber ut nulla feugiat nonumy volutpat ipsum diam. Vel stet tation at ipsum luptatum feugait amet vel ut no duo adipiscing accusam ipsum autem aliquyam at at. Magna ad sadipscing autem tempor ipsum nonumy dolor imperdiet lorem diam iusto rebum justo tempor sea minim. Dolor accusam elit consequat volutpat voluptua sed gubergren. Ea at dolore tincidunt rebum justo nobis nonumy et hendrerit sea eirmod lorem veniam et duo elitr sea tempor. Dolore diam kasd et doming sadipscing ipsum blandit amet sadipscing labore et voluptua vero at nonumy augue clita diam. Magna zzril accusam sit ex illum facilisi euismod labore tempor in dolores. Takimata illum tempor ea lorem et. Et et gubergren rebum voluptua tempor sit luptatum dolore sea est feugiat. Molestie sanctus clita lorem elitr lorem rebum tempor consetetur duo ut sit dolores duo justo. Nonumy at delenit erat sit ipsum ipsum possim. Ea luptatum invidunt at. Sadipscing eu clita est dolor dolor blandit rebum lorem ut justo labore diam. Ut erat nonumy justo sadipscing est ipsum et at. Lorem facer nibh at rebum voluptua eu diam. Duo elitr amet nonumy clita ea dolores sadipscing hendrerit dolor consetetur kasd clita accusam autem eirmod delenit diam. Consetetur justo sed no takimata sadipscing est nulla quod sanctus.\r\n","PageCount":1800,"Excerpt":"Ipsum sed nonumy elitr elitr sea diam. Lorem voluptua stet vulputate eleifend no ut eirmod qui sed ipsum sit amet justo labore elitr vulputate. Ut facilisis sanctus lorem iriure rebum sed aliquam sed et eos augue sed autem nulla labore consetetur dolores accusam. Vero sadipscing commodo dolores kasd minim no eleifend erat illum accusam. Ut no dolor consetetur eirmod et ea lorem autem diam justo et et et nisl velit. Praesent sea dolores odio ipsum eos ad stet eirmod sadipscing diam. Gubergren nulla elitr congue exerci aliquyam. Clita rebum amet quis. Sed takimata luptatum lorem amet dolor nonumy no eirmod diam dolor voluptua eos in.\r\nUt eos amet ullamcorper. Tempor eirmod justo magna elitr. Tation vulputate in dolor nisl kasd nobis rebum amet et suscipit dolor. Et duo tempor et dolore magna voluptua justo sit amet iusto et nonumy. Eum stet ex adipiscing eos. Lorem consequat dolor dolor vero et euismod et rebum. Clita dolore magna lorem possim. Diam dolor et amet et ipsum quis iriure est dolore kasd ea sea amet in diam sit veniam et. Sit hendrerit in lorem odio tempor vulputate gubergren labore. Invidunt aliquyam erat. Vero dolores eos vero hendrerit amet et tation in magna ipsum ipsum. Clita sit ut autem ut feugiat. Ullamcorper lorem consetetur duo. Erat nostrud lobortis gubergren et dolor illum ut aliquip diam vero tempor diam at vero vero diam. Clita et sea eos sed rebum ipsum sed et et et ea at nulla lorem. Te dolor dolor imperdiet invidunt.\r\nErat consetetur nisl et luptatum et. Nisl eos eu clita ea sanctus nonumy at amet sed stet at at clita vel ipsum. Labore consequat dolores dolore in duis ea sit facilisi at erat. Sadipscing elitr sit lorem consetetur dolores sed suscipit stet feugait exerci accusam ut soluta. Molestie lorem dolore est. Eos dolor odio labore lorem dolore kasd iriure aliquyam ea sea velit facilisis. At lorem sit ipsum ea consetetur vel ut hendrerit laoreet accusam sit commodo diam facer ea ad. Et amet sanctus elitr est et sit enim sanctus autem tincidunt ipsum dolor at no. Diam euismod esse.\r\nDolore et eirmod adipiscing aliquyam sit takimata stet et sanctus ea. Amet et dolor invidunt et consetetur augue eos kasd eirmod amet euismod at sed nulla ullamcorper. Clita ea amet vero feugiat sadipscing dolores consequat gubergren elitr et. Tempor gubergren quod feugait stet velit hendrerit veniam elit consetetur dolore diam et et iusto nonumy id. Eirmod luptatum qui iusto gubergren sed possim kasd ea vero diam aliquam eos sit elitr no. Lorem clita et sed aliquam ipsum sed. Ea consequat lobortis ipsum volutpat dignissim. Elitr ut diam est. Dolore takimata nisl accusam ipsum at ex ipsum kasd et.\r\nDiam magna dolores. At sit eirmod clita in kasd. Sea ut at minim dolore ipsum feugiat velit dolore eirmod dolor nulla dolores dolores. Accumsan amet ut eirmod et adipiscing et ullamcorper stet dolor tempor diam vel at lorem sadipscing magna accusam. Amet ut illum no dolore lorem ipsum aliquip dolor gubergren invidunt sanctus enim labore
[...]
aliquip accusam sea ea diam at no luptatum. Stet erat justo ipsum consetetur possim nonumy. Ipsum ipsum feugiat sanctus et sanctus. Vero placerat invidunt stet blandit et consequat feugait volutpat erat rebum voluptua kasd wisi diam. Euismod assum dolor aliquyam qui aliquyam. Sadipscing aliquam eos nulla ut et diam accumsan magna. Labore et lorem sed sit dolore nostrud nihil aliquip volutpat duo aliquyam enim mazim lorem takimata at amet diam.\r\nLiber euismod est sadipscing minim sit justo rebum gubergren sed diam et dolor lorem. Sea tempor sed sanctus sea sit amet diam erat rebum sanctus autem zzril. Amet eos sanctus nonummy feugiat imperdiet nulla commodo ipsum nisl dignissim. Duis accusam et clita dolor ut consetetur est aliquyam eirmod ipsum magna ea erat. Sit sanctus aliquyam ullamcorper vel lorem stet dolores est et vero. Dignissim vel clita nonumy erat consectetuer magna ea duis invidunt nisl et tation nonumy voluptua. Minim stet euismod stet sit sed dolore sadipscing justo. Eos ut duis. Labore erat mazim lorem eos sea justo lorem eos aliquyam et. No ipsum amet rebum ipsum nibh diam magna eos praesent tempor kasd lorem elit dolore. Accusam dolore vero et sanctus elitr rebum.\r\nSadipscing et justo ad quis dolor amet eu accumsan magna adipiscing. Lorem dolor ea imperdiet eos dolore tempor consequat consectetuer lorem sanctus lorem et sed. Vulputate diam sanctus soluta labore takimata elitr vulputate. No gubergren te aliquyam magna option at lorem lorem kasd et ut erat aliquyam dolores kasd sed takimata. Sadipscing lorem rebum magna. Iusto sea ipsum erat augue. Invidunt eum sed est eirmod vel est amet lorem dolore. Stet sit accusam clita dolor sanctus ipsum et dolor accumsan eirmod vel et takimata sit aliquyam no luptatum vero. Et ipsum elitr et accusam diam at tation qui magna erat.\r\nDuo sed clita. Eirmod lorem amet velit kasd diam et invidunt eos vero ipsum sadipscing blandit doming enim veniam lobortis. Vel feugait veniam sed ad magna erat. Dolores duis aliquyam suscipit ipsum et et et accusam sit est et enim erat lorem hendrerit et ipsum imperdiet. Ut erat eu takimata dolor illum veniam velit ad dolor consequat ullamcorper dolor takimata. Vel et diam voluptua feugiat no delenit accumsan amet sadipscing vel eirmod. Vero voluptua et kasd ea lorem justo magna dolores et rebum dolore invidunt ea at vero zzril. Ut iusto sea no. Amet voluptua ea elitr est. Erat ea te magna aliquip stet diam sed consetetur lorem feugiat. Duis feugiat justo stet. Duis consetetur takimata zzril vel consetetur voluptua wisi aliquyam minim sit. Ut sit clita consequat sit tempor in diam sit ex dolor eirmod dolor voluptua sit nonumy ut gubergren lorem. Dolore diam vulputate ipsum lorem eos sed est qui ea clita et sed lorem no sit diam et. Facer clita vel minim elitr te ea duo consequat. Invidunt nibh aliquyam amet dolor sed assum labore enim ut clita nonummy dolor blandit invidunt. Tempor sit sadipscing rebum consetetur qui magna duis no dolore iusto. Dolor sanctus stet est magna et et et et et et clita possim sit vero eirmod.\r\nSadipscing in diam et ut diam voluptua duo ipsum vel eos dolore facer et et justo et sea iusto. Eum clita lorem ea euismod accusam sanctus minim hendrerit sadipscing kasd consetetur. Eum tation aliquyam voluptua takimata et nulla erat luptatum voluptua autem accusam et eum et sadipscing. Dolor commodo consequat dolor ut dolore sanctus kasd consetetur ut dolores sed laoreet gubergren nonumy eirmod. Gubergren stet diam quod ipsum no ea nonummy magna nonumy nam. Sadipscing doming labore et eos minim consetetur kasd erat aliquyam takimata quod et ea lorem lorem magna diam. Sea et laoreet elit. Dolor dolor ipsum tempor justo aliquyam est elitr lorem dolores magna. Dolore est tempor nibh. Diam dolor lorem iusto delenit kasd et gubergren. Sea diam sadipscing autem kasd commodo clita autem volutpat erat ad sit gubergren sed. Et feugait et consetetur elitr eos feugiat aliquam labore dolor sanctus diam ea ut takimata molestie et gubergren diam. Magna lorem invidunt eos duo amet sanctus justo takimata rebum consetetur consectetuer takimata vero. Et amet eirmod consequat erat sed esse in. Eirmod eos duis feugait ipsum stet nobis cum duo in consetetur consequat exerci.\r\n","PublishDate":"2019-03-07T00:31:48.5990214+00:00"}]</msg>
<status status="PASS" starttime="20190922 21:31:50.737" endtime="20190922 21:31:50.800"></status>
</kw>
<kw name="Set Test Variable" library="BuiltIn">
<doc>Makes a variable available everywhere within the scope of the current test.</doc>
<arguments>
<arg>${RESPOSTA}</arg>
</arguments>
<msg timestamp="20190922 21:31:50.800" level="INFO">${RESPOSTA} = &lt;Response [200]&gt;</msg>
<status status="PASS" starttime="20190922 21:31:50.800" endtime="20190922 21:31:50.800"></status>
</kw>
<status status="PASS" starttime="20190922 21:31:48.206" endtime="20190922 21:31:50.800"></status>
</kw>
<kw name="Conferir o status code" library="resourceAPI">
<arguments>
<arg>200</arg>
</arguments>
<kw name="Should Be Equal As Strings" library="BuiltIn">
<doc>Fails if objects are unequal after converting them to strings.</doc>
<arguments>
<arg>${RESPOSTA.status_code}</arg>
<arg>${STATUSCODE_DESEJADO}</arg>
</arguments>
<msg timestamp="20190922 21:31:50.800" level="INFO">Argument types are:
&lt;class 'int'&gt;
&lt;type 'unicode'&gt;</msg>
<status status="PASS" starttime="20190922 21:31:50.800" endtime="20190922 21:31:50.800"></status>
</kw>
<status status="PASS" starttime="20190922 21:31:50.800" endtime="20190922 21:31:50.800"></status>
</kw>
<kw name="Conferir o reason" library="resourceAPI">
<arguments>
<arg>OK</arg>
</arguments>
<kw name="Should Be Equal As Strings" library="BuiltIn">
<doc>Fails if objects are unequal after converting them to strings.</doc>
<arguments>
<arg>${RESPOSTA.reason}</arg>
<arg>${REASON_DESEJADO}</arg>
</arguments>
<status status="PASS" starttime="20190922 21:31:50.800" endtime="20190922 21:31:50.815"></status>
</kw>
<status status="PASS" starttime="20190922 21:31:50.800" endtime="20190922 21:31:50.815"></status>
</kw>
<kw name="Conferir se retorna uma lista com &quot;200&quot; livros" library="resourceAPI">
<kw name="Length Should Be" library="BuiltIn">
<doc>Verifies that the length of the given item is correct.</doc>
<arguments>
<arg>${RESPOSTA.json()}</arg>
<arg>${QTDE_LIVROS}</arg>
</arguments>
<msg timestamp="20190922 21:31:50.847" level="INFO">Length is 200</msg>
<status status="PASS" starttime="20190922 21:31:50.815" endtime="20190922 21:31:50.847"></status>
</kw>
<status status="PASS" starttime="20190922 21:31:50.815" endtime="20190922 21:31:50.847"></status>
</kw>
<status status="PASS" starttime="20190922 21:31:48.206" endtime="20190922 21:31:50.847" critical="yes"></status>
</test>
<test id="s1-s1-s1-s1-s1-t2" name="Buscar um livro específico (GET em um livro específico)">
<kw name="Requisitar o livro &quot;15&quot;" library="resourceAPI">
<kw name="Get Request" library="RequestsLibrary">
<doc>Send a GET request on the session object found using the
given `alias`</doc>
<arguments>
<arg>fakeAPI</arg>
<arg>Books/${ID_LIVRO}</arg>
</arguments>
<assign>
<var>${RESPOSTA}</var>
</assign>
<msg timestamp="20190922 21:31:51.175" level="INFO">Get Request using : alias=fakeAPI, uri=Books/15, headers=None json=None</msg>
<msg timestamp="20190922 21:31:51.175" level="INFO">c:\python\lib\site-packages\urllib3\connectionpool.py:847: InsecureRequestWarning: Unverified HTTPS request is being made. Adding certificate verification is strongly advised. See: https://urllib3.readthedocs.io/en/latest/advanced-usage.html#ssl-warnings
  InsecureRequestWarning)</msg>
<msg timestamp="20190922 21:31:51.175" level="INFO">${RESPOSTA} = &lt;Response [200]&gt;</msg>
<status status="PASS" starttime="20190922 21:31:50.862" endtime="20190922 21:31:51.175"></status>
</kw>
<kw name="Log" library="BuiltIn">
<doc>Logs the given message with the given level.</doc>
<arguments>
<arg>${RESPOSTA.text}</arg>
</arguments>
<msg timestamp="20190922 21:31:51.175" level="INFO">{"ID":15,"Title":"Book 15","Description":"Dolores congue ipsum facilisi invidunt ipsum takimata qui et sed justo sit sit magna. Vero tempor stet adipiscing et elitr aliquyam stet clita eirmod dolores sadipscing et eirmod rebum sadipscing duo elit commodo. Veniam et eos magna lorem laoreet est amet magna accusam duis aliquyam eirmod. Autem ea option duo vero dolore eirmod invidunt. Ut et diam in wisi ut consequat amet est erat enim tincidunt takimata. Dolore sadipscing lorem tempor justo dolore. Odio tempor diam ut vero. Exerci amet liber magna consetetur voluptua sit et diam kasd. Facilisi invidunt iriure nonumy facilisi sit est. Eros est duo at at consetetur duo lorem magna ipsum illum et sadipscing elitr at gubergren amet. Tincidunt tincidunt ipsum clita eu justo eleifend ipsum nihil dolore est molestie. Invidunt amet et dolor dolore sadipscing takimata illum euismod no labore id vel labore velit laoreet ut. Dolor possim diam elitr autem sit enim sed ipsum consetetur et et esse enim invidunt. Doming nisl accusam consetetur nonumy et te invidunt ipsum feugiat no ipsum ut.\r\n","PageCount":1500,"Excerpt":"Option dolore ullamcorper justo. Sea nostrud aliquam at. Duo erat et gubergren gubergren elitr velit exerci sadipscing magna dolore consequat labore et. Sed lorem sanctus et tempor sed voluptua stet. In labore voluptua rebum sed magna et eirmod enim voluptua esse nisl doming doming. Sea nonumy sed vero elit sed lorem dolor hendrerit ut et lorem nam consequat nonumy eos stet ea. Justo feugait wisi sed dolores kasd est. Invidunt amet option stet dolor. Stet vel dolore amet diam sit lorem placerat vulputate. Augue vero nonummy amet magna sed laoreet facilisis elitr consetetur et dolores elitr ipsum. Ea vulputate labore stet duo nonumy eos amet. Id elitr sanctus et ea rebum magna dolor lorem gubergren sit gubergren ipsum eu sadipscing. Et vero accusam facilisi sit. Soluta ut diam nostrud quis tempor in voluptua. Diam suscipit kasd sit sed ipsum sit eos sed vel erat no. Dolor aliquam adipiscing et vero ipsum autem.\r\nVoluptua amet aliquyam nulla lorem dolore nonumy erat gubergren ex dolore facilisis sanctus. Tempor euismod rebum sanctus accusam duo in voluptua et labore ut. Dignissim dolore magna dolor diam gubergren duis est sed accusam et et amet justo. Vero justo id vel lorem et. Vel vel no sit dolore ex hendrerit amet eos enim esse laoreet autem sea in vel sed et rebum. Invidunt dolores eos amet takimata.\r\nTempor tempor sit dolor dolore accusam dignissim ut augue lorem consetetur. Lorem aliquyam dolor luptatum at dolore doming sadipscing at labore nibh feugiat gubergren nonumy feugiat rebum feugiat sed. Nonumy esse sit diam rebum diam duis. Ut in eirmod voluptua.\r\nAmet rebum in. Duo dolores rebum. Diam tincidunt nisl et enim quis elitr te facer diam sit eirmod ipsum dolores. Sed et diam clita voluptua consetetur ea esse sea eos vel quis at eirmod at gubergren erat. Elitr erat vel consequat blandit nonummy dolor rebum elitr. Kasd voluptua diam rebum soluta ea lorem sanctus erat aliquip eirmod tempor at dolor duis dolor. Sit dolores odio et dolores sed tempor. Nonumy aliquam nonumy et feugait. Clita dolor dolores vero dolore elitr nisl. Gubergren suscipit et magna. Vel et ipsum nulla ut dignissim stet. Dolor aliquyam ipsum consetetur blandit justo lorem rebum sed gubergren diam ipsum no voluptua dolor nulla at delenit. Ipsum sadipscing takimata stet sit invidunt ad nulla ut justo aliquyam magna erat eum dolor et sit augue. Rebum accumsan lorem minim. Augue erat vel ea molestie laoreet at enim euismod duis elit sea justo voluptua euismod in tempor at elitr. Dolor aliquyam euismod nam eirmod gubergren diam stet elitr.\r\nGubergren option et labore dolores nam et tempor consequat consetetur erat et nulla. Molestie vero in nonumy ut diam aliquyam clita duo ut et ea sed aliquip voluptua kasd stet euismod. Et tincidunt nulla nihil sadipscing no tempor et takimata diam zzril lorem sed rebum quis. Labore sit at dolores invidunt invidunt dolore nonummy. Amet ipsum ut labore gubergren. Dolore est no illum placerat gubergren rebum sit erat eirmod sanctus takimata. Ipsum invidunt tincidunt est option et in wisi tempor suscipit. Dolore tempor eum. Voluptua kasd assum et sit dolor et. Ut aliquip duo magna justo vero amet veniam dolores sed laoreet diam ipsum voluptua vero dolores augue duo. Nibh dolore et. Lorem ipsum vero magna justo wisi tempor veniam esse ipsum sed aliquyam ipsum. Ea vero sed et sadipscing esse ipsum vel tempor.\r\n","PublishDate":"2019-09-08T00:31:50.1145559+00:00"}</msg>
<status status="PASS" starttime="20190922 21:31:51.175" endtime="20190922 21:31:51.175"></status>
</kw>
<kw name="Set Test Variable" library="BuiltIn">
<doc>Makes a variable available everywhere within the scope of the current test.</doc>
<arguments>
<arg>${RESPOSTA}</arg>
</arguments>
<msg timestamp="20190922 21:31:51.190" level="INFO">${RESPOSTA} = &lt;Response [200]&gt;</msg>
<status status="PASS" starttime="20190922 21:31:51.175" endtime="20190922 21:31:51.190"></status>
</kw>
<status status="PASS" starttime="20190922 21:31:50.862" endtime="20190922 21:31:51.190"></status>
</kw>
<kw name="Conferir o status code" library="resourceAPI">
<arguments>
<arg>200</arg>
</arguments>
<kw name="Should Be Equal As Strings" library="BuiltIn">
<doc>Fails if objects are unequal after converting them to strings.</doc>
<arguments>
<arg>${RESPOSTA.status_code}</arg>
<arg>${STATUSCODE_DESEJADO}</arg>
</arguments>
<msg timestamp="20190922 21:31:51.190" level="INFO">Argument types are:
&lt;class 'int'&gt;
&lt;type 'unicode'&gt;</msg>
<status status="PASS" starttime="20190922 21:31:51.190" endtime="20190922 21:31:51.190"></status>
</kw>
<status status="PASS" starttime="20190922 21:31:51.190" endtime="20190922 21:31:51.190"></status>
</kw>
<kw name="Conferir o reason" library="resourceAPI">
<arguments>
<arg>OK</arg>
</arguments>
<kw name="Should Be Equal As Strings" library="BuiltIn">
<doc>Fails if objects are unequal after converting them to strings.</doc>
<arguments>
<arg>${RESPOSTA.reason}</arg>
<arg>${REASON_DESEJADO}</arg>
</arguments>
<status status="PASS" starttime="20190922 21:31:51.190" endtime="20190922 21:31:51.206"></status>
</kw>
<status status="PASS" starttime="20190922 21:31:51.190" endtime="20190922 21:31:51.206"></status>
</kw>
<kw name="Conferir se retorna todos os dados corretos do livro &quot;15&quot;" library="resourceAPI">
<kw name="Dictionary Should Contain Item" library="Collections">
<doc>An item of ``key`` / ``value`` must be found in a ``dictionary``.</doc>
<arguments>
<arg>${RESPOSTA.json()}</arg>
<arg>ID</arg>
<arg>${BOOK_15.ID}</arg>
</arguments>
<status status="PASS" starttime="20190922 21:31:51.206" endtime="20190922 21:31:51.206"></status>
</kw>
<kw name="Dictionary Should Contain Item" library="Collections">
<doc>An item of ``key`` / ``value`` must be found in a ``dictionary``.</doc>
<arguments>
<arg>${RESPOSTA.json()}</arg>
<arg>Title</arg>
<arg>${BOOK_15.Title}</arg>
</arguments>
<status status="PASS" starttime="20190922 21:31:51.206" endtime="20190922 21:31:51.222"></status>
</kw>
<kw name="Dictionary Should Contain Item" library="Collections">
<doc>An item of ``key`` / ``value`` must be found in a ``dictionary``.</doc>
<arguments>
<arg>${RESPOSTA.json()}</arg>
<arg>PageCount</arg>
<arg>${BOOK_15.PageCount}</arg>
</arguments>
<status status="PASS" starttime="20190922 21:31:51.222" endtime="20190922 21:31:51.222"></status>
</kw>
<kw name="Should Not Be Empty" library="BuiltIn">
<doc>Verifies that the given item is not empty.</doc>
<arguments>
<arg>${RESPOSTA.json()["Description"]}</arg>
</arguments>
<msg timestamp="20190922 21:31:51.222" level="INFO">Length is 1049</msg>
<status status="PASS" starttime="20190922 21:31:51.222" endtime="20190922 21:31:51.222"></status>
</kw>
<kw name="Should Not Be Empty" library="BuiltIn">
<doc>Verifies that the given item is not empty.</doc>
<arguments>
<arg>${RESPOSTA.json()["Excerpt"]}</arg>
</arguments>
<msg timestamp="20190922 21:31:51.222" level="INFO">Length is 3375</msg>
<status status="PASS" starttime="20190922 21:31:51.222" endtime="20190922 21:31:51.222"></status>
</kw>
<kw name="Should Not Be Empty" library="BuiltIn">
<doc>Verifies that the given item is not empty.</doc>
<arguments>
<arg>${RESPOSTA.json()["PublishDate"]}</arg>
</arguments>
<msg timestamp="20190922 21:31:51.237" level="INFO">Length is 33</msg>
<status status="PASS" starttime="20190922 21:31:51.222" endtime="20190922 21:31:51.237"></status>
</kw>
<status status="PASS" starttime="20190922 21:31:51.206" endtime="20190922 21:31:51.237"></status>
</kw>
<status status="PASS" starttime="20190922 21:31:50.862" endtime="20190922 21:31:51.237" critical="yes"></status>
</test>
<test id="s1-s1-s1-s1-s1-t3" name="Cadastrar um novo livro (POST)">
<kw name="Cadastrar um novo livro" library="resourceAPI">
<kw name="Create Dictionary" library="BuiltIn">
<doc>Creates and returns a dictionary based on the given ``items``.</doc>
<arguments>
<arg>content-type=aplication/json</arg>
</arguments>
<assign>
<var>${HEADERS}</var>
</assign>
<msg timestamp="20190922 21:31:51.253" level="INFO">${HEADERS} = {'content-type': 'aplication/json'}</msg>
<status status="PASS" starttime="20190922 21:31:51.253" endtime="20190922 21:31:51.253"></status>
</kw>
<kw name="Post Request" library="RequestsLibrary">
<doc>Send a POST request on the session object found using the
given `alias`</doc>
<arguments>
<arg>fakeAPI</arg>
<arg>Books</arg>
<arg>data={"ID":2130,"Title":"A volta dos que não foram","Description": "Livro","PageCount": 2400,"Excerpt": "True","PublishDate": "2019-06-11T01:16:57.510Z"}</arg>
<arg>headers=${HEADERS}</arg>
</arguments>
<assign>
<var>${RESPOSTA}</var>
</assign>
<msg timestamp="20190922 21:31:51.503" level="INFO">Post Request using : alias=fakeAPI, uri=Books, data=&lt;empty&gt;, headers={'content-type': 'aplication/json'}, files=None, allow_redirects=True </msg>
<msg timestamp="20190922 21:31:51.503" level="INFO">c:\python\lib\site-packages\urllib3\connectionpool.py:847: InsecureRequestWarning: Unverified HTTPS request is being made. Adding certificate verification is strongly advised. See: https://urllib3.readthedocs.io/en/latest/advanced-usage.html#ssl-warnings
  InsecureRequestWarning)</msg>
<msg timestamp="20190922 21:31:51.503" level="INFO">${RESPOSTA} = &lt;Response [415]&gt;</msg>
<status status="PASS" starttime="20190922 21:31:51.253" endtime="20190922 21:31:51.503"></status>
</kw>
<status status="PASS" starttime="20190922 21:31:51.253" endtime="20190922 21:31:51.503"></status>
</kw>
<status status="PASS" starttime="20190922 21:31:51.253" endtime="20190922 21:31:51.503" critical="yes"></status>
</test>
<doc>Documentação da API: https://fakerestapi.azurewebsites.net/swagger/ui/index#/Books</doc>
<status status="PASS" starttime="20190922 21:31:47.784" endtime="20190922 21:31:51.503"></status>
</suite>
<status status="PASS" starttime="20190922 21:31:47.784" endtime="20190922 21:31:51.534"></status>
</suite>
<status status="PASS" starttime="20190922 21:31:47.769" endtime="20190922 21:31:51.565"></status>
</suite>
<status status="PASS" starttime="20190922 21:31:47.769" endtime="20190922 21:31:51.597"></status>
</suite>
<status status="PASS" starttime="20190922 21:31:47.659" endtime="20190922 21:31:51.612"></status>
</suite>
<statistics>
<total>
<stat pass="3" fail="0">Critical Tests</stat>
<stat pass="3" fail="0">All Tests</stat>
</total>
<tag>
</tag>
<suite>
<stat pass="3" fail="0" id="s1" name="Robot">Robot</stat>
<stat pass="3" fail="0" id="s1-s1" name="APIS REST">Robot.APIS REST</stat>
<stat pass="3" fail="0" id="s1-s1-s1" name="Validando API's FAKE">Robot.APIS REST.Validando API's FAKE</stat>
<stat pass="3" fail="0" id="s1-s1-s1-s1" name="Src">Robot.APIS REST.Validando API's FAKE.Src</stat>
<stat pass="3" fail="0" id="s1-s1-s1-s1-s1" name="testesAPI">Robot.APIS REST.Validando API's FAKE.Src.testesAPI</stat>
</suite>
</statistics>
<errors>
</errors>
</robot>
