<?xml version="1.0" encoding="UTF-8"?>
<robot generator="Robot 3.1.1 (Python 3.7.2 on win32)" generated="20190923 11:32:40.424" rpa="false">
<suite id="s1" name="Tests" source="F:\Programação\Robot\RobotFramework\Integration-tests\E2E-tests\tests">
<suite id="s1-s1" name="Title And Search" source="F:\Programação\Robot\RobotFramework\Integration-tests\E2E-tests\tests\title and search.robot">
<test id="s1-s1-t1" name="Pesquisar produto existente">
<kw name="Abrir navegador" library="resource" type="setup">
<kw name="Open Browser" library="SeleniumLibrary">
<doc>Opens a new browser instance to the given ``url``.</doc>
<arguments>
<arg>http://automationpractice.com/index.php</arg>
</arguments>
<msg timestamp="20190923 11:32:41.453" level="INFO">Opening browser 'firefox' to base url 'http://automationpractice.com/index.php'.</msg>
<status status="PASS" starttime="20190923 11:32:41.452" endtime="20190923 11:33:04.985"></status>
</kw>
<status status="PASS" starttime="20190923 11:32:41.451" endtime="20190923 11:33:04.985"></status>
</kw>
<kw name="Acessar a página home do site" library="resource">
<kw name="Go To" library="SeleniumLibrary">
<doc>Navigates the active browser instance to the provided ``url``.</doc>
<arguments>
<arg>http://automationpractice.com/index.php</arg>
</arguments>
<msg timestamp="20190923 11:33:05.043" level="INFO">Opening url 'http://automationpractice.com/index.php'</msg>
<status status="PASS" starttime="20190923 11:33:05.043" endtime="20190923 11:33:07.363"></status>
</kw>
<kw name="Title Should Be" library="SeleniumLibrary">
<doc>Verifies that current page title equals ``title``.</doc>
<arguments>
<arg>My Store</arg>
</arguments>
<msg timestamp="20190923 11:33:07.369" level="INFO">Page title is 'My Store'.</msg>
<status status="PASS" starttime="20190923 11:33:07.363" endtime="20190923 11:33:07.370"></status>
</kw>
<status status="PASS" starttime="20190923 11:33:05.041" endtime="20190923 11:33:07.370"></status>
</kw>
<kw name="Fechar navegador" library="resource" type="teardown">
<kw name="Close Browser" library="SeleniumLibrary">
<doc>Closes the current browser.</doc>
<status status="PASS" starttime="20190923 11:33:07.372" endtime="20190923 11:33:09.933"></status>
</kw>
<status status="PASS" starttime="20190923 11:33:07.371" endtime="20190923 11:33:09.934"></status>
</kw>
<status status="PASS" starttime="20190923 11:32:41.449" endtime="20190923 11:33:09.934" critical="yes"></status>
</test>
<status status="PASS" starttime="20190923 11:32:40.646" endtime="20190923 11:33:09.937"></status>
</suite>
<status status="PASS" starttime="20190923 11:32:40.438" endtime="20190923 11:33:09.944"></status>
</suite>
<statistics>
<total>
<stat pass="1" fail="0">Critical Tests</stat>
<stat pass="1" fail="0">All Tests</stat>
</total>
<tag>
</tag>
<suite>
<stat pass="1" fail="0" id="s1" name="Tests">Tests</stat>
<stat pass="1" fail="0" id="s1-s1" name="Title And Search">Tests.Title And Search</stat>
</suite>
</statistics>
<errors>
<msg timestamp="20190923 11:32:40.397" level="ERROR">Error in file 'F:\Programação\Robot\RobotFramework\Integration-tests\E2E-tests\tests\title and search.robot': Non-existing setting '[Tags]'.</msg>
</errors>
</robot>
